
ROM used: 117 (1%)
          117 (1%) including unused fragments

          0 Average locations per line
          6 Average locations per statement

RAM used: 19 (5%) at main() level
          20 (5%) worst case

Stack used: 1 worst case (out of 8 total available)

Lines Stmts  %   Files
----- ----- ---  -----
   36    19 100  ejemplo4.c
  313     0   0  C:\Program Files (x86)\PICC\devices\16f877a.h
----- -----
  349    19 Total

Page ROM  %  RAM   Vol Diff  Functions:
---- --- --- ---   --- ----  ----------
0     21  18   1             @delay_ms1
0     92  79  13   685  6.0  main

Program metrics:
    Functions               1
    Statements              19
    Comments                75
    Volume (V)              687
    Difficilty (D)          5.9
    Effort to implement (E) 4043
    Time to implement (T)   4 minutes
    Est Delivered Bugs (B)  0
    Cyclomatic Complexity   5
    Maintainability (MI)    126

 Segment     Used  Free
-----------  ----  ----
00000-00003     4  0  
00004-007FF   113  1931  
00800-00FFF     0  2048  
01000-017FF     0  2048  
01800-01FFF     0  2048  



