
ROM used: 33 (0%)
          33 (0%) including unused fragments

          0 Average locations per line
          4 Average locations per statement

RAM used: 7 (2%) at main() level
          7 (2%) worst case

Stack used: 0 worst case (out of 8 total available)

Lines Stmts  %   Files
----- ----- ---  -----
   25     8 100  ejemplo2.c
  313     0   0  C:\Program Files (x86)\PICC\devices\16f877a.h
----- -----
  338     8 Total

Page ROM  %  RAM   Vol Diff  Functions:
---- --- --- ---   --- ----  ----------
0     29  88   1   127  2.9  main

Program metrics:
    Functions               1
    Statements              8
    Comments                75
    Volume (V)              127
    Difficilty (D)          2.9
    Effort to implement (E) 372
    Time to implement (T)   0 minutes
    Est Delivered Bugs (B)  0
    Cyclomatic Complexity   2
    Maintainability (MI)    149

 Segment     Used  Free
-----------  ----  ----
00000-00003     4  0  
00004-007FF    29  2015  
00800-00FFF     0  2048  
01000-017FF     0  2048  
01800-01FFF     0  2048  



