
ROM used: 958 (12%)
          958 (12%) including unused fragments

          1 Average locations per line
          6 Average locations per statement

RAM used: 22 (6%) at main() level
          44 (12%) worst case

Stack used: 7 worst case (out of 8 total available)

Lines Stmts  %   Files
----- ----- ---  -----
   38    19  12  main.c
  330     0   0  ..\..\..\..\..\Program Files\PICC\devices\16f877a.h
  411    91  56  ..\..\..\..\..\Program Files\PICC\drivers\lcd.c
  165    43  27  ..\_Library\keypad.c
   26     9   6  ..\_Library\servomotor.c
   30     0   0  ..\_Library\servomotor.h
----- -----
 1000   162 Total

Page ROM  %  RAM   Vol Diff  Functions:
---- --- --- ---   --- ----  ----------
0     21   2   1             @delay_ms1
0     20   2   1             @delay_us1
0      8   1   0             @const73
 Inline        3   751  4.5  lcd_read_byte
0     49   5   2   254  3.7  lcd_read_nibble
0     43   4   1   391  2.4  lcd_send_nibble
0     92  10   3   402  3.6  lcd_send_byte
0     65   7   2   754  5.0  lcd_init
0     18   2   4   191  5.8  lcd_gotoxy
0     45   5   1   354  4.7  lcd_putc
0     20   2   0             @const98
0      3   0   0     3  0.0  kbd_init
0    106  11   3  5893  9.9  kbd_getc
0      8   1   0             @goto10169
0     29   3   1    48  1.1  TMR2_isr
0     19   2   0    88  1.7  servomotor_init
0     95  10   1   426  5.0  MAIN
0      4   0   0             @const132
0     72   8   3             @PSTRINGC7_91
0      7   1   0             @const134
0     79   8   4             @PSTRINGCN7_91
0     99  10   9             @PRINTF_LU_91
0      7   1   0             @const139

Program metrics:
    Functions               12
    Statements              162
    Comments                233
    Volume (V)              13091
    Difficilty (D)          47.5
    Effort to implement (E) 622420
    Time to implement (T)   9 hours, 36 minutes
    Est Delivered Bugs (B)  2
    Cyclomatic Complexity   25
    Maintainability (MI)    118

 Segment     Used  Free
-----------  ----  ----
00000-00003     4  0  
00004-00030    45  0  
00031-007FF   909  1090  
00800-00FFF     0  2048  
01000-017FF     0  2048  
01800-01FFF     0  2048  



