CCS PCM C Compiler, Version 4.114, 93465053               12-dic-16 12:51

               Filename: C:\Users\COMPUTADORA\Desktop\Core_LaboTEC\11_Servomotor\main.lst

               ROM used: 958 words (12%)
                         Largest free fragment is 2048
               RAM used: 22 (6%) at main() level
                         44 (12%) worst case
               Stack:    7 worst case (5 in main + 2 for interrupts)

*
0000:  MOVLW  03
0001:  MOVWF  0A
0002:  GOTO   35F
0003:  NOP
0004:  MOVWF  7F
0005:  SWAPF  03,W
0006:  CLRF   03
0007:  MOVWF  21
0008:  MOVF   0A,W
0009:  MOVWF  20
000A:  CLRF   0A
000B:  MOVF   04,W
000C:  MOVWF  22
000D:  MOVF   77,W
000E:  MOVWF  23
000F:  MOVF   78,W
0010:  MOVWF  24
0011:  MOVF   79,W
0012:  MOVWF  25
0013:  MOVF   7A,W
0014:  MOVWF  26
0015:  BCF    03.7
0016:  BCF    03.5
0017:  MOVLW  8C
0018:  MOVWF  04
0019:  BTFSS  00.1
001A:  GOTO   01D
001B:  BTFSC  0C.1
001C:  GOTO   02E
001D:  MOVF   22,W
001E:  MOVWF  04
001F:  MOVF   23,W
0020:  MOVWF  77
0021:  MOVF   24,W
0022:  MOVWF  78
0023:  MOVF   25,W
0024:  MOVWF  79
0025:  MOVF   26,W
0026:  MOVWF  7A
0027:  MOVF   20,W
0028:  MOVWF  0A
0029:  SWAPF  21,W
002A:  MOVWF  03
002B:  SWAPF  7F,F
002C:  SWAPF  7F,W
002D:  RETFIE
002E:  BCF    0A.3
002F:  BCF    0A.4
0030:  GOTO   061
.................... #include <16f877a.h> 
.................... //////// Standard Header file for the PIC16F877A device //////////////// 
.................... #device PIC16F877A 
.................... #list 
....................  
.................... #fuses XT 
.................... #use delay(clock=4M) 
*
004D:  MOVLW  12
004E:  SUBWF  46,F
004F:  BTFSS  03.0
0050:  GOTO   060
0051:  MOVLW  46
0052:  MOVWF  04
0053:  BCF    03.7
0054:  MOVLW  FC
0055:  ANDWF  00,F
0056:  BCF    03.0
0057:  RRF    00,F
0058:  RRF    00,F
0059:  MOVF   00,W
005A:  BTFSC  03.2
005B:  GOTO   060
005C:  GOTO   05E
005D:  NOP
005E:  DECFSZ 00,F
005F:  GOTO   05D
0060:  RETURN
*
00A6:  MOVLW  3B
00A7:  MOVWF  04
00A8:  BCF    03.7
00A9:  MOVF   00,W
00AA:  BTFSC  03.2
00AB:  GOTO   0BA
00AC:  MOVLW  01
00AD:  MOVWF  78
00AE:  CLRF   77
00AF:  DECFSZ 77,F
00B0:  GOTO   0AF
00B1:  DECFSZ 78,F
00B2:  GOTO   0AE
00B3:  MOVLW  4A
00B4:  MOVWF  77
00B5:  DECFSZ 77,F
00B6:  GOTO   0B5
00B7:  GOTO   0B8
00B8:  DECFSZ 00,F
00B9:  GOTO   0AC
00BA:  RETURN
.................... #define LCD_DATA_PORT getenv("SFR:PORTD") 
.................... #define LCD_ENABLE_PIN  PIN_A3                                   
.................... #define LCD_RS_PIN      PIN_A5                                   
.................... #define LCD_RW_PIN      PIN_A2                                    
.................... #define LCD_DATA4       PIN_D4 
.................... #define LCD_DATA5       PIN_D5                                    
.................... #define LCD_DATA6       PIN_D6                                     
.................... #define LCD_DATA7       PIN_D7  
.................... #include <lcd.c> 
.................... /////////////////////////////////////////////////////////////////////////////// 
.................... ////                             LCD.C                                     //// 
.................... ////                 Driver for common LCD modules                         //// 
.................... ////                                                                       //// 
.................... ////  lcd_init()   Must be called before any other function.               //// 
.................... ////                                                                       //// 
.................... ////  lcd_putc(c)  Will display c on the next position of the LCD.         //// 
.................... ////                 \a  Set cursor position to upper left                 //// 
.................... ////                 \f  Clear display, set cursor to upper left           //// 
.................... ////                 \n  Go to start of second line                        //// 
.................... ////                 \b  Move back one position                            //// 
.................... ////              If LCD_EXTENDED_NEWLINE is defined, the \n character     //// 
.................... ////              will erase all remanining characters on the current      //// 
.................... ////              line, and move the cursor to the beginning of the next   //// 
.................... ////              line.                                                    //// 
.................... ////              If LCD_EXTENDED_NEWLINE is defined, the \r character     //// 
.................... ////              will move the cursor to the start of the current         //// 
.................... ////              line.                                                    //// 
.................... ////                                                                       //// 
.................... ////  lcd_gotoxy(x,y) Set write position on LCD (upper left is 1,1)        //// 
.................... ////                                                                       //// 
.................... ////  lcd_getc(x,y)   Returns character at position x,y on LCD             //// 
.................... ////                                                                       //// 
.................... ////  CONFIGURATION                                                        //// 
.................... ////  The LCD can be configured in one of two ways: a.) port access or     //// 
.................... ////  b.) pin access.  Port access requires the entire 7 bit interface     //// 
.................... ////  connected to one GPIO port, and the data bits (D4:D7 of the LCD)     //// 
.................... ////  connected to sequential pins on the GPIO.  Pin access                //// 
.................... ////  has no requirements, all 7 bits of the control interface can         //// 
.................... ////  can be connected to any GPIO using several ports.                    //// 
.................... ////                                                                       //// 
.................... ////  To use port access, #define LCD_DATA_PORT to the SFR location of     //// 
.................... ////  of the GPIO port that holds the interface, -AND- edit LCD_PIN_MAP    //// 
.................... ////  of this file to configure the pin order.  If you are using a         //// 
.................... ////  baseline PIC (PCB), then LCD_OUTPUT_MAP and LCD_INPUT_MAP also must  //// 
.................... ////  be defined.                                                          //// 
.................... ////                                                                       //// 
.................... ////  Example of port access:                                              //// 
.................... ////     #define LCD_DATA_PORT getenv("SFR:PORTD")                         //// 
.................... ////                                                                       //// 
.................... ////  To use pin access, the following pins must be defined:               //// 
.................... ////     LCD_ENABLE_PIN                                                    //// 
.................... ////     LCD_RS_PIN                                                        //// 
.................... ////     LCD_RW_PIN                                                        //// 
.................... ////     LCD_DATA4                                                         //// 
.................... ////     LCD_DATA5                                                         //// 
.................... ////     LCD_DATA6                                                         //// 
.................... ////     LCD_DATA7                                                         //// 
.................... ////                                                                       //// 
.................... ////  Example of pin access:                                               //// 
.................... ////     #define LCD_ENABLE_PIN  PIN_E0                                    //// 
.................... ////     #define LCD_RS_PIN      PIN_E1                                    //// 
.................... ////     #define LCD_RW_PIN      PIN_E2                                    //// 
.................... ////     #define LCD_DATA4       PIN_D4                                    //// 
.................... ////     #define LCD_DATA5       PIN_D5                                    //// 
.................... ////     #define LCD_DATA6       PIN_D6                                    //// 
.................... ////     #define LCD_DATA7       PIN_D7                                    //// 
.................... ////                                                                       //// 
.................... /////////////////////////////////////////////////////////////////////////////// 
.................... ////        (C) Copyright 1996,2010 Custom Computer Services           //// 
.................... //// This source code may only be used by licensed users of the CCS C  //// 
.................... //// compiler.  This source code may only be distributed to other      //// 
.................... //// licensed users of the CCS C compiler.  No other use, reproduction //// 
.................... //// or distribution is permitted without written permission.          //// 
.................... //// Derivative programs created using this software in object code    //// 
.................... //// form are not restricted in any way.                               //// 
.................... /////////////////////////////////////////////////////////////////////////// 
....................  
.................... // define the pinout. 
.................... // only required if port access is being used. 
.................... typedef struct   
.................... {                            // This structure is overlayed 
....................    BOOLEAN enable;           // on to an I/O port to gain 
....................    BOOLEAN rs;               // access to the LCD pins. 
....................    BOOLEAN rw;               // The bits are allocated from 
....................    BOOLEAN unused;           // low order up.  ENABLE will 
....................    int     data : 4;         // be LSB pin of that port. 
....................   #if defined(__PCD__)       // The port used will be LCD_DATA_PORT. 
....................    int    reserved: 8; 
....................   #endif 
.................... } LCD_PIN_MAP; 
....................  
.................... // this is to improve compatability with previous LCD drivers that accepted 
.................... // a define labeled 'use_portb_lcd' that configured the LCD onto port B. 
.................... #if ((defined(use_portb_lcd)) && (use_portb_lcd==TRUE)) 
....................  #define LCD_DATA_PORT getenv("SFR:PORTB") 
.................... #endif 
....................  
.................... #if defined(__PCB__) 
....................    // these definitions only need to be modified for baseline PICs. 
....................    // all other PICs use LCD_PIN_MAP or individual LCD_xxx pin definitions. 
.................... /*                                    EN, RS,   RW,   UNUSED,  DATA  */ 
....................  const LCD_PIN_MAP LCD_OUTPUT_MAP =  {0,  0,    0,    0,       0}; 
....................  const LCD_PIN_MAP LCD_INPUT_MAP =   {0,  0,    0,    0,       0xF}; 
.................... #endif 
....................  
.................... ////////////////////// END CONFIGURATION /////////////////////////////////// 
....................  
.................... #ifndef LCD_ENABLE_PIN 
....................    #define lcd_output_enable(x) lcdlat.enable=x 
....................    #define lcd_enable_tris()   lcdtris.enable=0 
.................... #else 
....................    #define lcd_output_enable(x) output_bit(LCD_ENABLE_PIN, x) 
....................    #define lcd_enable_tris()  output_drive(LCD_ENABLE_PIN) 
.................... #endif 
....................  
.................... #ifndef LCD_RS_PIN 
....................    #define lcd_output_rs(x) lcdlat.rs=x 
....................    #define lcd_rs_tris()   lcdtris.rs=0 
.................... #else 
....................    #define lcd_output_rs(x) output_bit(LCD_RS_PIN, x) 
....................    #define lcd_rs_tris()  output_drive(LCD_RS_PIN) 
.................... #endif 
....................  
.................... #ifndef LCD_RW_PIN 
....................    #define lcd_output_rw(x) lcdlat.rw=x 
....................    #define lcd_rw_tris()   lcdtris.rw=0 
.................... #else 
....................    #define lcd_output_rw(x) output_bit(LCD_RW_PIN, x) 
....................    #define lcd_rw_tris()  output_drive(LCD_RW_PIN) 
.................... #endif 
....................  
.................... // original version of this library incorrectly labeled LCD_DATA0 as LCD_DATA4, 
.................... // LCD_DATA1 as LCD_DATA5, and so on.  this block of code makes the driver 
.................... // compatible with any code written for the original library 
.................... #if (defined(LCD_DATA0) && defined(LCD_DATA1) && defined(LCD_DATA2) && defined(LCD_DATA3) && !defined(LCD_DATA4) && !defined(LCD_DATA5) && !defined(LCD_DATA6) && !defined(LCD_DATA7)) 
....................    #define  LCD_DATA4    LCD_DATA0 
....................    #define  LCD_DATA5    LCD_DATA1 
....................    #define  LCD_DATA6    LCD_DATA2 
....................    #define  LCD_DATA7    LCD_DATA3 
.................... #endif 
....................  
.................... #ifndef LCD_DATA4 
.................... #ifndef LCD_DATA_PORT 
....................    #if defined(__PCB__) 
....................       #define LCD_DATA_PORT      0x06     //portb 
....................       #define set_tris_lcd(x)   set_tris_b(x) 
....................    #else 
....................      #if defined(PIN_D0) 
....................       #define LCD_DATA_PORT      getenv("SFR:PORTD")     //portd 
....................      #else 
....................       #define LCD_DATA_PORT      getenv("SFR:PORTB")     //portb 
....................      #endif 
....................    #endif    
.................... #endif 
....................  
.................... #if defined(__PCB__) 
....................    LCD_PIN_MAP lcd, lcdlat; 
....................    #byte lcd = LCD_DATA_PORT 
....................    #byte lcdlat = LCD_DATA_PORT 
.................... #elif defined(__PCM__) 
....................    LCD_PIN_MAP lcd, lcdlat, lcdtris; 
....................    #byte lcd = LCD_DATA_PORT 
....................    #byte lcdlat = LCD_DATA_PORT 
....................    #byte lcdtris = LCD_DATA_PORT+0x80 
.................... #elif defined(__PCH__) 
....................    LCD_PIN_MAP lcd, lcdlat, lcdtris; 
....................    #byte lcd = LCD_DATA_PORT 
....................    #byte lcdlat = LCD_DATA_PORT+9 
....................    #byte lcdtris = LCD_DATA_PORT+0x12 
.................... #elif defined(__PCD__) 
....................    LCD_PIN_MAP lcd, lcdlat, lcdtris; 
....................    #word lcd = LCD_DATA_PORT 
....................    #word lcdlat = LCD_DATA_PORT+2 
....................    #word lcdtris = LCD_DATA_PORT-0x02 
.................... #endif 
.................... #endif   //LCD_DATA4 not defined 
....................  
.................... #ifndef LCD_TYPE 
....................    #define LCD_TYPE 2           // 0=5x7, 1=5x10, 2=2 lines 
.................... #endif 
....................  
.................... #ifndef LCD_LINE_TWO 
....................    #define LCD_LINE_TWO 0x40    // LCD RAM address for the second line 
.................... #endif 
....................  
.................... #ifndef LCD_LINE_LENGTH 
....................    #define LCD_LINE_LENGTH 20 
.................... #endif 
....................  
.................... BYTE const LCD_INIT_STRING[4] = {0x20 | (LCD_TYPE << 2), 0xc, 1, 6}; 
....................                              // These bytes need to be sent to the LCD 
....................                              // to start it up. 
....................  
.................... BYTE lcd_read_nibble(void); 
....................  
.................... BYTE lcd_read_byte(void) 
.................... { 
....................    BYTE low,high; 
....................  
....................  #if defined(__PCB__) 
....................    set_tris_lcd(LCD_INPUT_MAP); 
....................  #else 
....................   #if (defined(LCD_DATA4) && defined(LCD_DATA5) && defined(LCD_DATA6) && defined(LCD_DATA7)) 
....................    output_float(LCD_DATA4); 
*
011F:  BSF    08.4
....................    output_float(LCD_DATA5); 
0120:  BSF    08.5
....................    output_float(LCD_DATA6); 
0121:  BSF    08.6
....................    output_float(LCD_DATA7); 
0122:  BSF    08.7
....................   #else 
....................    lcdtris.data = 0xF; 
....................   #endif 
....................  #endif 
....................          
....................    lcd_output_rw(1); 
0123:  BCF    03.5
0124:  BSF    05.2
0125:  BSF    03.5
0126:  BCF    05.2
....................    delay_cycles(1); 
0127:  NOP
....................    lcd_output_enable(1); 
0128:  BCF    03.5
0129:  BSF    05.3
012A:  BSF    03.5
012B:  BCF    05.3
....................    delay_cycles(1); 
012C:  NOP
....................    high = lcd_read_nibble(); 
012D:  BCF    03.5
012E:  CALL   0E6
012F:  MOVF   78,W
0130:  MOVWF  42
....................        
....................    lcd_output_enable(0); 
0131:  BCF    05.3
0132:  BSF    03.5
0133:  BCF    05.3
....................    delay_cycles(1); 
0134:  NOP
....................    lcd_output_enable(1); 
0135:  BCF    03.5
0136:  BSF    05.3
0137:  BSF    03.5
0138:  BCF    05.3
....................    delay_us(1); 
0139:  NOP
....................    low = lcd_read_nibble(); 
013A:  BCF    03.5
013B:  CALL   0E6
013C:  MOVF   78,W
013D:  MOVWF  41
....................        
....................    lcd_output_enable(0); 
013E:  BCF    05.3
013F:  BSF    03.5
0140:  BCF    05.3
....................  
....................  #if defined(__PCB__) 
....................    set_tris_lcd(LCD_OUTPUT_MAP); 
....................  #else 
....................   #if (defined(LCD_DATA4) && defined(LCD_DATA5) && defined(LCD_DATA6) && defined(LCD_DATA7)) 
....................    output_drive(LCD_DATA4); 
0141:  BCF    08.4
....................    output_drive(LCD_DATA5); 
0142:  BCF    08.5
....................    output_drive(LCD_DATA6); 
0143:  BCF    08.6
....................    output_drive(LCD_DATA7); 
0144:  BCF    08.7
....................   #else 
....................    lcdtris.data = 0x0; 
....................   #endif 
....................  #endif 
....................  
....................    return( (high<<4) | low); 
0145:  BCF    03.5
0146:  SWAPF  42,W
0147:  MOVWF  77
0148:  MOVLW  F0
0149:  ANDWF  77,F
014A:  MOVF   77,W
014B:  IORWF  41,W
014C:  MOVWF  78
.................... } 
....................  
.................... BYTE lcd_read_nibble(void) 
.................... { 
....................   #if (defined(LCD_DATA4) && defined(LCD_DATA5) && defined(LCD_DATA6) && defined(LCD_DATA7)) 
*
00E6:  CLRF   43
....................    BYTE n = 0x00; 
....................  
....................    /* Read the data port */ 
....................    n |= input(LCD_DATA4); 
00E7:  BSF    03.5
00E8:  BSF    08.4
00E9:  MOVLW  00
00EA:  BCF    03.5
00EB:  BTFSC  08.4
00EC:  MOVLW  01
00ED:  IORWF  43,F
....................    n |= input(LCD_DATA5) << 1; 
00EE:  BSF    03.5
00EF:  BSF    08.5
00F0:  MOVLW  00
00F1:  BCF    03.5
00F2:  BTFSC  08.5
00F3:  MOVLW  01
00F4:  MOVWF  77
00F5:  BCF    03.0
00F6:  RLF    77,F
00F7:  MOVF   77,W
00F8:  IORWF  43,F
....................    n |= input(LCD_DATA6) << 2; 
00F9:  BSF    03.5
00FA:  BSF    08.6
00FB:  MOVLW  00
00FC:  BCF    03.5
00FD:  BTFSC  08.6
00FE:  MOVLW  01
00FF:  MOVWF  77
0100:  RLF    77,F
0101:  RLF    77,F
0102:  MOVLW  FC
0103:  ANDWF  77,F
0104:  MOVF   77,W
0105:  IORWF  43,F
....................    n |= input(LCD_DATA7) << 3; 
0106:  BSF    03.5
0107:  BSF    08.7
0108:  MOVLW  00
0109:  BCF    03.5
010A:  BTFSC  08.7
010B:  MOVLW  01
010C:  MOVWF  77
010D:  RLF    77,F
010E:  RLF    77,F
010F:  RLF    77,F
0110:  MOVLW  F8
0111:  ANDWF  77,F
0112:  MOVF   77,W
0113:  IORWF  43,F
....................     
....................    return(n); 
0114:  MOVF   43,W
0115:  MOVWF  78
....................   #else 
....................    return(lcd.data); 
....................   #endif 
.................... } 
0116:  RETURN
....................  
.................... void lcd_send_nibble(BYTE n) 
.................... { 
....................   #if (defined(LCD_DATA4) && defined(LCD_DATA5) && defined(LCD_DATA6) && defined(LCD_DATA7)) 
....................    /* Write to the data port */ 
....................    output_bit(LCD_DATA4, bit_test(n, 0)); 
*
00BB:  BTFSC  42.0
00BC:  GOTO   0BF
00BD:  BCF    08.4
00BE:  GOTO   0C0
00BF:  BSF    08.4
00C0:  BSF    03.5
00C1:  BCF    08.4
....................    output_bit(LCD_DATA5, bit_test(n, 1)); 
00C2:  BCF    03.5
00C3:  BTFSC  42.1
00C4:  GOTO   0C7
00C5:  BCF    08.5
00C6:  GOTO   0C8
00C7:  BSF    08.5
00C8:  BSF    03.5
00C9:  BCF    08.5
....................    output_bit(LCD_DATA6, bit_test(n, 2)); 
00CA:  BCF    03.5
00CB:  BTFSC  42.2
00CC:  GOTO   0CF
00CD:  BCF    08.6
00CE:  GOTO   0D0
00CF:  BSF    08.6
00D0:  BSF    03.5
00D1:  BCF    08.6
....................    output_bit(LCD_DATA7, bit_test(n, 3)); 
00D2:  BCF    03.5
00D3:  BTFSC  42.3
00D4:  GOTO   0D7
00D5:  BCF    08.7
00D6:  GOTO   0D8
00D7:  BSF    08.7
00D8:  BSF    03.5
00D9:  BCF    08.7
....................   #else       
....................    lcdlat.data = n; 
....................   #endif 
....................        
....................    delay_cycles(1); 
00DA:  NOP
....................    lcd_output_enable(1); 
00DB:  BCF    03.5
00DC:  BSF    05.3
00DD:  BSF    03.5
00DE:  BCF    05.3
....................    delay_us(2); 
00DF:  GOTO   0E0
....................    lcd_output_enable(0); 
00E0:  BCF    03.5
00E1:  BCF    05.3
00E2:  BSF    03.5
00E3:  BCF    05.3
.................... } 
00E4:  BCF    03.5
00E5:  RETURN
....................  
.................... void lcd_send_byte(BYTE address, BYTE n) 
.................... { 
....................   #if defined(__PCB__) 
....................    set_tris_lcd(LCD_OUTPUT_MAP); 
....................   #else 
....................    lcd_enable_tris(); 
*
0117:  BSF    03.5
0118:  BCF    05.3
....................    lcd_rs_tris(); 
0119:  BCF    05.5
....................    lcd_rw_tris(); 
011A:  BCF    05.2
....................   #endif 
....................  
....................    lcd_output_rs(0); 
011B:  BCF    03.5
011C:  BCF    05.5
011D:  BSF    03.5
011E:  BCF    05.5
....................    while ( bit_test(lcd_read_byte(),7) ) ; 
*
014D:  MOVF   78,W
014E:  MOVWF  41
014F:  BTFSS  41.7
0150:  GOTO   153
0151:  BSF    03.5
0152:  GOTO   11F
....................    lcd_output_rs(address); 
0153:  MOVF   3F,F
0154:  BTFSS  03.2
0155:  GOTO   158
0156:  BCF    05.5
0157:  GOTO   159
0158:  BSF    05.5
0159:  BSF    03.5
015A:  BCF    05.5
....................    delay_cycles(1); 
015B:  NOP
....................    lcd_output_rw(0); 
015C:  BCF    03.5
015D:  BCF    05.2
015E:  BSF    03.5
015F:  BCF    05.2
....................    delay_cycles(1); 
0160:  NOP
....................    lcd_output_enable(0); 
0161:  BCF    03.5
0162:  BCF    05.3
0163:  BSF    03.5
0164:  BCF    05.3
....................    lcd_send_nibble(n >> 4); 
0165:  BCF    03.5
0166:  SWAPF  40,W
0167:  MOVWF  41
0168:  MOVLW  0F
0169:  ANDWF  41,F
016A:  MOVF   41,W
016B:  MOVWF  42
016C:  CALL   0BB
....................    lcd_send_nibble(n & 0xf); 
016D:  MOVF   40,W
016E:  ANDLW  0F
016F:  MOVWF  41
0170:  MOVWF  42
0171:  CALL   0BB
.................... } 
0172:  RETURN
....................  
.................... #if defined(LCD_EXTENDED_NEWLINE) 
.................... unsigned int8 g_LcdX, g_LcdY; 
.................... #endif 
....................  
.................... void lcd_init(void)  
.................... { 
....................    BYTE i; 
....................  
....................  #if defined(__PCB__) 
....................    set_tris_lcd(LCD_OUTPUT_MAP); 
....................  #else 
....................   #if (defined(LCD_DATA4) && defined(LCD_DATA5) && defined(LCD_DATA6) && defined(LCD_DATA7)) 
....................    output_drive(LCD_DATA4); 
0173:  BSF    03.5
0174:  BCF    08.4
....................    output_drive(LCD_DATA5); 
0175:  BCF    08.5
....................    output_drive(LCD_DATA6); 
0176:  BCF    08.6
....................    output_drive(LCD_DATA7); 
0177:  BCF    08.7
....................   #else 
....................    lcdtris.data = 0x0; 
....................   #endif 
....................    lcd_enable_tris(); 
0178:  BCF    05.3
....................    lcd_rs_tris(); 
0179:  BCF    05.5
....................    lcd_rw_tris(); 
017A:  BCF    05.2
....................  #endif 
....................  
....................    lcd_output_rs(0); 
017B:  BCF    03.5
017C:  BCF    05.5
017D:  BSF    03.5
017E:  BCF    05.5
....................    lcd_output_rw(0); 
017F:  BCF    03.5
0180:  BCF    05.2
0181:  BSF    03.5
0182:  BCF    05.2
....................    lcd_output_enable(0); 
0183:  BCF    03.5
0184:  BCF    05.3
0185:  BSF    03.5
0186:  BCF    05.3
....................      
....................    delay_ms(15); 
0187:  MOVLW  0F
0188:  BCF    03.5
0189:  MOVWF  3B
018A:  CALL   0A6
....................    for(i=1;i<=3;++i) 
018B:  MOVLW  01
018C:  MOVWF  31
018D:  MOVF   31,W
018E:  SUBLW  03
018F:  BTFSS  03.0
0190:  GOTO   19B
....................    { 
....................        lcd_send_nibble(3); 
0191:  MOVLW  03
0192:  MOVWF  42
0193:  CALL   0BB
....................        lcd_send_nibble(0); 
0194:  CLRF   42
0195:  CALL   0BB
....................        delay_ms(5); 
0196:  MOVLW  05
0197:  MOVWF  3B
0198:  CALL   0A6
....................    } 
0199:  INCF   31,F
019A:  GOTO   18D
....................     
....................    lcd_send_nibble(2); 
019B:  MOVLW  02
019C:  MOVWF  42
019D:  CALL   0BB
....................    lcd_send_nibble(0); 
019E:  CLRF   42
019F:  CALL   0BB
....................    delay_ms(5); 
01A0:  MOVLW  05
01A1:  MOVWF  3B
01A2:  CALL   0A6
....................    for(i=0;i<=3;++i) 
01A3:  CLRF   31
01A4:  MOVF   31,W
01A5:  SUBLW  03
01A6:  BTFSS  03.0
01A7:  GOTO   1B1
....................       lcd_send_byte(0,LCD_INIT_STRING[i]); 
01A8:  MOVF   31,W
01A9:  CALL   031
01AA:  MOVWF  32
01AB:  CLRF   3F
01AC:  MOVF   32,W
01AD:  MOVWF  40
01AE:  CALL   117
....................  
....................   #if defined(LCD_EXTENDED_NEWLINE) 
01AF:  INCF   31,F
01B0:  GOTO   1A4
....................    g_LcdX = 0; 
....................    g_LcdY = 0; 
....................   #endif 
.................... } 
01B1:  BCF    0A.3
01B2:  BCF    0A.4
01B3:  GOTO   378 (RETURN)
....................  
.................... void lcd_gotoxy(BYTE x, BYTE y) 
.................... { 
....................    BYTE address; 
....................     
....................    if(y!=1) 
01B4:  DECFSZ 3C,W
01B5:  GOTO   1B7
01B6:  GOTO   1BA
....................       address=LCD_LINE_TWO; 
01B7:  MOVLW  40
01B8:  MOVWF  3D
....................    else 
01B9:  GOTO   1BB
....................       address=0; 
01BA:  CLRF   3D
....................       
....................    address+=x-1; 
01BB:  MOVLW  01
01BC:  SUBWF  3B,W
01BD:  ADDWF  3D,F
....................    lcd_send_byte(0,0x80|address); 
01BE:  MOVF   3D,W
01BF:  IORLW  80
01C0:  MOVWF  3E
01C1:  CLRF   3F
01C2:  MOVF   3E,W
01C3:  MOVWF  40
01C4:  CALL   117
....................  
....................   #if defined(LCD_EXTENDED_NEWLINE) 
....................    g_LcdX = x - 1; 
....................    g_LcdY = y - 1; 
....................   #endif 
.................... } 
01C5:  RETURN
....................  
.................... void lcd_putc(char c) 
.................... { 
....................    switch (c) 
....................    { 
01C6:  MOVF   3A,W
01C7:  XORLW  07
01C8:  BTFSC  03.2
01C9:  GOTO   1D4
01CA:  XORLW  0B
01CB:  BTFSC  03.2
01CC:  GOTO   1D9
01CD:  XORLW  06
01CE:  BTFSC  03.2
01CF:  GOTO   1E1
01D0:  XORLW  02
01D1:  BTFSC  03.2
01D2:  GOTO   1E7
01D3:  GOTO   1EC
....................       case '\a'   :  lcd_gotoxy(1,1);     break; 
01D4:  MOVLW  01
01D5:  MOVWF  3B
01D6:  MOVWF  3C
01D7:  CALL   1B4
01D8:  GOTO   1F2
....................  
....................       case '\f'   :  lcd_send_byte(0,1); 
01D9:  CLRF   3F
01DA:  MOVLW  01
01DB:  MOVWF  40
01DC:  CALL   117
....................                      delay_ms(2); 
01DD:  MOVLW  02
01DE:  MOVWF  3B
01DF:  CALL   0A6
....................                     #if defined(LCD_EXTENDED_NEWLINE) 
....................                      g_LcdX = 0; 
....................                      g_LcdY = 0; 
....................                     #endif 
....................                      break; 
01E0:  GOTO   1F2
....................  
....................      #if defined(LCD_EXTENDED_NEWLINE) 
....................       case '\r'   :  lcd_gotoxy(1, g_LcdY+1);   break; 
....................       case '\n'   : 
....................          while (g_LcdX++ < LCD_LINE_LENGTH) 
....................          { 
....................             lcd_send_byte(1, ' '); 
....................          } 
....................          lcd_gotoxy(1, g_LcdY+2); 
....................          break; 
....................      #else 
....................       case '\n'   : lcd_gotoxy(1,2);        break; 
01E1:  MOVLW  01
01E2:  MOVWF  3B
01E3:  MOVLW  02
01E4:  MOVWF  3C
01E5:  CALL   1B4
01E6:  GOTO   1F2
....................      #endif 
....................       
....................       case '\b'   : lcd_send_byte(0,0x10);  break; 
01E7:  CLRF   3F
01E8:  MOVLW  10
01E9:  MOVWF  40
01EA:  CALL   117
01EB:  GOTO   1F2
....................       
....................      #if defined(LCD_EXTENDED_NEWLINE) 
....................       default     :  
....................          if (g_LcdX < LCD_LINE_LENGTH) 
....................          { 
....................             lcd_send_byte(1, c); 
....................             g_LcdX++; 
....................          } 
....................          break; 
....................      #else 
....................       default     : lcd_send_byte(1,c);     break; 
01EC:  MOVLW  01
01ED:  MOVWF  3F
01EE:  MOVF   3A,W
01EF:  MOVWF  40
01F0:  CALL   117
01F1:  GOTO   1F2
....................      #endif 
....................    } 
.................... } 
01F2:  RETURN
....................   
.................... char lcd_getc(BYTE x, BYTE y) 
.................... { 
....................    char value; 
....................  
....................    lcd_gotoxy(x,y); 
....................    while ( bit_test(lcd_read_byte(),7) ); // wait until busy flag is low 
....................    lcd_output_rs(1); 
....................    value = lcd_read_byte(); 
....................    lcd_output_rs(0); 
....................     
....................    return(value); 
.................... } 
....................  
.................... #include "..\_Library\keypad.c" 
.................... /////////////////////////////////////////////////////////////////////////// 
.................... ////                     KBD_LIB.C by Redraven                         //// 
.................... ////                                                                   //// 
.................... ////                     Derived from KBDD.C                           //// 
.................... ////                  Generic keypad scan driver                       //// 
.................... ////                                                                   //// 
.................... ////  kbd_init()   Must be called before any other function.           //// 
.................... ////                                                                   //// 
.................... ////  c = kbd_getc(c)  Will return a key value if pressed or /0 if not //// 
.................... ////                   This function should be called frequently so as //// 
.................... ////                   not to miss a key press.                        //// 
.................... ////                                                                   //// 
.................... //////////////////////////////////////////////////////////////////////////// 
.................... ////        (C) Copyright 1996,1997 Custom Computer Services            //// 
.................... //// This source code may only be used by licensed users of the CCS C   //// 
.................... //// compiler.  This source code may only be distributed to other       //// 
.................... //// licensed users of the CCS C compiler.  No other use, reproduction  //// 
.................... //// or distribution is permitted without written permission.           //// 
.................... //// Derivative programs created using this software in object code     //// 
.................... //// form are not restricted in any way.                                //// 
.................... //////////////////////////////////////////////////////////////////////////// 
....................  
.................... ////////////////// The following defines the keypad layout on port D 
....................  
.................... // Un-comment the following define to use port B 
.................... #define use_portb_kbd TRUE 
....................  
.................... // Make sure the port used has pull-up resistors (or the LCD) on 
.................... // the column pins 
....................  
....................  
.................... #if defined(__PCH__) 
.................... #if defined use_portb_kbd 
....................    #byte kbd = 0xF81              // This puts the entire structure 
.................... #else 
....................    #byte kbd = 0xF83              // This puts the entire structure 
.................... #endif 
.................... #else 
.................... #if defined use_portb_kbd 
....................    #byte kbd = 6                  // on to port B (at address 6) 
.................... #else 
....................    #byte kbd = 8                  // on to port D (at address 8) 
.................... #endif 
.................... #endif 
....................  
.................... #if defined use_portb_kbd 
....................    #define set_tris_kbd(x) set_tris_b(x) 
.................... #else 
....................    #define set_tris_kbd(x) set_tris_d(x) 
.................... #endif 
....................  
.................... /* 
.................... //Keypad connection:   (for example column 0 is B0) 
....................  
.................... #define COL0 (1 << 0) // PIN_B0 
.................... #define COL1 (1 << 1) // PIN_B1 
.................... #define COL2 (1 << 2) // PIN_B2 
.................... #define COL3 (1 << 3) // PIN_B3 
....................  
.................... #define ROW0 (1 << 4) // PIN_B4 
.................... #define ROW1 (1 << 5) // PIN_B5 
.................... #define ROW2 (1 << 6) // PIN_B6 
.................... #define ROW3 (1 << 7) // PIN_B7 
.................... */ 
....................  
.................... //////////////////////////////////////////////////////////////////////////////// 
....................  
....................       ////////////////////// 
....................       //Keypad connection:// 
....................       ////////////////////// 
....................       //      rb7 --> X1    //               
....................       //      rb6 --> X2     // 
....................       //      rb5 --> X3     // 
....................       //      rb4 --> X4     // 
....................       //                    // 
....................       //      rb3 --> Y1     // 
....................       //      rb2 --> Y2     // 
....................       //      rb1 --> Y3     // 
....................       //      rb0 --> Y4     // 
....................       ////////////////////// 
....................  
.................... #define COL0 (1 << 4) // PIN_B4 
.................... #define COL1 (1 << 5) // PIN_B5 
.................... #define COL2 (1 << 6) // PIN_B6 
.................... #define COL3 (1 << 7) // PIN_B7 
....................  
.................... #define ROW0 (1 << 3) // PIN_B3 
.................... #define ROW1 (1 << 2) // PIN_B2 
.................... #define ROW2 (1 << 1) // PIN_B1 
.................... #define ROW3 (1 << 0) // PIN_B0 
.................... //////////////////////////////////////////////////////////////////////////////// 
....................  
.................... #define ALL_ROWS (ROW0|ROW1|ROW2|ROW3) 
.................... #define ALL_PINS (ALL_ROWS|COL0|COL1|COL2|COL3) 
....................  
.................... // Keypad layout: 
.................... char const KEYS[4][4] = {{'1','2','3','A'}, 
....................                          {'4','5','6','B'}, 
....................                          {'7','8','9','C'}, 
....................                          {'*','0','#','D'}}; 
....................  
.................... #define KBD_DEBOUNCE_FACTOR 33    // Set this number to apx n/333 where 
....................                                   // n is the number of times you expect 
....................                                   // to call kbd_getc each second 
....................  
.................... void kbd_init() { 
.................... } 
*
00A3:  BCF    0A.3
00A4:  BCF    0A.4
00A5:  GOTO   377 (RETURN)
....................  
.................... char kbd_getc( ) { 
....................    static byte kbd_call_count; 
*
0370:  BCF    03.5
0371:  CLRF   27
....................    static short int kbd_down; 
0372:  BCF    28.0
....................    static char last_key; 
0373:  CLRF   29
....................    static byte col; 
0374:  CLRF   2A
....................  
....................    byte kchar; 
....................    byte row; 
....................  
....................    kchar='\0'; 
*
023B:  CLRF   31
....................    if(++kbd_call_count>KBD_DEBOUNCE_FACTOR) { 
023C:  INCF   27,F
023D:  MOVF   27,W
023E:  SUBLW  21
023F:  BTFSC  03.0
0240:  GOTO   29C
....................        switch (col) { 
0241:  MOVF   2A,W
0242:  ADDLW  FC
0243:  BTFSC  03.0
0244:  GOTO   25F
0245:  ADDLW  04
0246:  GOTO   2A5
....................          case 0   : set_tris_kbd(ALL_PINS&~COL0); 
0247:  MOVLW  EF
0248:  BSF    03.5
0249:  MOVWF  06
....................                     kbd=~COL0&ALL_PINS; 
024A:  BCF    03.5
024B:  MOVWF  06
....................                     break; 
024C:  GOTO   25F
....................          case 1   : set_tris_kbd(ALL_PINS&~COL1); 
024D:  MOVLW  DF
024E:  BSF    03.5
024F:  MOVWF  06
....................                     kbd=~COL1&ALL_PINS; 
0250:  BCF    03.5
0251:  MOVWF  06
....................                     break; 
0252:  GOTO   25F
....................          case 2   : set_tris_kbd(ALL_PINS&~COL2); 
0253:  MOVLW  BF
0254:  BSF    03.5
0255:  MOVWF  06
....................                     kbd=~COL2&ALL_PINS; 
0256:  BCF    03.5
0257:  MOVWF  06
....................                     break; 
0258:  GOTO   25F
....................          case 3   : set_tris_kbd(ALL_PINS&~COL3); 
0259:  MOVLW  7F
025A:  BSF    03.5
025B:  MOVWF  06
....................                     kbd=~COL3&ALL_PINS; 
025C:  BCF    03.5
025D:  MOVWF  06
....................                     break; 
025E:  GOTO   25F
....................        } 
....................  
....................        if(kbd_down) { 
025F:  BTFSS  28.0
0260:  GOTO   26B
....................          if((kbd & (ALL_ROWS))==(ALL_ROWS)) { 
0261:  MOVF   06,W
0262:  ANDLW  0F
0263:  SUBLW  0F
0264:  BTFSS  03.2
0265:  GOTO   26A
....................            kbd_down=false; 
0266:  BCF    28.0
....................            kchar=last_key; 
0267:  MOVF   29,W
0268:  MOVWF  31
....................            last_key='\0'; 
0269:  CLRF   29
....................          } 
....................        } else { 
026A:  GOTO   29B
....................           if((kbd & (ALL_ROWS))!=(ALL_ROWS)) { 
026B:  MOVF   06,W
026C:  ANDLW  0F
026D:  SUBLW  0F
026E:  BTFSC  03.2
026F:  GOTO   296
....................              if((kbd & ROW0)==0) 
0270:  MOVF   06,W
0271:  ANDLW  08
0272:  BTFSS  03.2
0273:  GOTO   276
....................                row=0; 
0274:  CLRF   32
....................              else if((kbd & ROW1)==0) 
0275:  GOTO   28A
0276:  MOVF   06,W
0277:  ANDLW  04
0278:  BTFSS  03.2
0279:  GOTO   27D
....................                row=1; 
027A:  MOVLW  01
027B:  MOVWF  32
....................              else if((kbd & ROW2)==0) 
027C:  GOTO   28A
027D:  MOVF   06,W
027E:  ANDLW  02
027F:  BTFSS  03.2
0280:  GOTO   284
....................                row=2; 
0281:  MOVLW  02
0282:  MOVWF  32
....................              else if((kbd & ROW3)==0) 
0283:  GOTO   28A
0284:  MOVF   06,W
0285:  ANDLW  01
0286:  BTFSS  03.2
0287:  GOTO   28A
....................                row=3; 
0288:  MOVLW  03
0289:  MOVWF  32
....................              last_key =KEYS[row][col]; 
028A:  RLF    32,W
028B:  MOVWF  77
028C:  RLF    77,F
028D:  MOVLW  FC
028E:  ANDWF  77,F
028F:  MOVF   77,W
0290:  ADDWF  2A,W
0291:  CALL   039
0292:  MOVWF  78
0293:  MOVWF  29
....................              kbd_down = true; 
0294:  BSF    28.0
....................           } else { 
0295:  GOTO   29B
....................              ++col; 
0296:  INCF   2A,F
....................              if(col==4) 
0297:  MOVF   2A,W
0298:  SUBLW  04
0299:  BTFSC  03.2
....................                col=0; 
029A:  CLRF   2A
....................           } 
....................        } 
....................       kbd_call_count=0; 
029B:  CLRF   27
....................    } 
....................   set_tris_kbd(ALL_PINS); 
029C:  MOVLW  FF
029D:  BSF    03.5
029E:  MOVWF  06
....................   return(kchar); 
029F:  BCF    03.5
02A0:  MOVF   31,W
02A1:  MOVWF  78
.................... } 
02A2:  BCF    0A.3
02A3:  BCF    0A.4
02A4:  GOTO   380 (RETURN)
....................  
....................  
.................... #include "..\_Library\servomotor.c" 
.................... #include "servomotor.h" 
.................... #ifndef  __SERVOMOTOR__ 
.................... #define  __SERVOMOTOR__ 
....................  
.................... /* 
....................  * SERVOMOTOR: 
....................  *    EL PERIODO DE LA SEÑAL ES DE 50Hz  
....................  *       Motor en sentido horario (0,7 ms) 
....................  *       Motor neutral (1,5 ms) 
....................  *       Motor en sentido antihorario (1,8 ms) 
....................  * 
....................  *    USANDO TIMER2 
....................  *       T=(4/FOSC)*PRESCALER*(VALOR CARGA PR2+1)*POSTSCALER 
....................  *       1/50Hz = (4/4Mhz)*16*(VALOR CARGA PR2+1)*16 
....................  *       PR2 = 77.125 
....................  **/ 
.................... #DEFINE  PR2         78 
.................... #DEFINE  POSTSCALER  16 
.................... #DEFINE  PRESCALER   T2_DIV_BY_16 
.................... #DEFINE  PIN_CTRL    PIN_C0 
....................  
.................... #DEFINE  IN_MIN      0 
.................... #DEFINE  IN_MAX      180 
.................... #DEFINE  OUT_MIN     700 
.................... #DEFINE  OUT_MAX     2600 
....................  
.................... void servomotor_init(); 
.................... void ServoWriteAngle(float x); 
....................  
.................... #endif 
....................  
....................  
.................... unsigned int16 i = 0; 
.................... unsigned int16 angle = 0; 
....................  
.................... #INT_TIMER2 
.................... void TMR2_isr( ){ 
....................    output_high(PIN_CTRL); 
*
0061:  BCF    2F.0
0062:  MOVF   2F,W
0063:  BSF    03.5
0064:  MOVWF  07
0065:  BCF    03.5
0066:  BSF    07.0
....................    delay_us( angle ); 
0067:  MOVF   2E,W
0068:  MOVWF  45
0069:  INCF   45,F
006A:  DECF   45,F
006B:  BTFSC  03.2
006C:  GOTO   071
006D:  MOVLW  FF
006E:  MOVWF  46
006F:  CALL   04D
0070:  GOTO   06A
0071:  MOVF   2D,W
0072:  MOVWF  46
0073:  CALL   04D
....................    output_low(PIN_CTRL); 
0074:  BCF    2F.0
0075:  MOVF   2F,W
0076:  BSF    03.5
0077:  MOVWF  07
0078:  BCF    03.5
0079:  BCF    07.0
.................... } 
....................  
007A:  BCF    0C.1
007B:  BCF    0A.3
007C:  BCF    0A.4
007D:  GOTO   01D
.................... void servomotor_init(){ 
....................    set_tris_c(0b10000000); 
*
0090:  MOVLW  80
0091:  BSF    03.5
0092:  MOVWF  07
0093:  BCF    03.5
0094:  MOVWF  2F
....................    setup_timer_2( PRESCALER, PR2 , POSTSCALER ); 
0095:  MOVLW  78
0096:  MOVWF  78
0097:  IORLW  06
0098:  MOVWF  12
0099:  MOVLW  4E
009A:  BSF    03.5
009B:  MOVWF  12
....................    enable_interrupts( INT_TIMER2 );  
009C:  BSF    0C.1
....................    enable_interrupts(GLOBAL); 
009D:  MOVLW  C0
009E:  BCF    03.5
009F:  IORWF  0B,F
....................     
.................... } 
00A0:  BCF    0A.3
00A1:  BCF    0A.4
00A2:  GOTO   376 (RETURN)
....................  
.................... void ServoWriteAngle(float x){ 
....................    unsigned int16 out; 
....................    out = (x - IN_MIN) * (OUT_MAX - OUT_MIN) / (IN_MAX - IN_MIN) + OUT_MIN; 
....................    angle = out; 
.................... } 
....................  
....................  
.................... void main(){ 
*
035F:  CLRF   04
0360:  BCF    03.7
0361:  MOVLW  1F
0362:  ANDWF  03,F
0363:  CLRF   2C
0364:  CLRF   2B
0365:  CLRF   2E
0366:  CLRF   2D
0367:  MOVLW  FF
0368:  MOVWF  2F
0369:  BSF    03.5
036A:  BSF    1F.0
036B:  BSF    1F.1
036C:  BSF    1F.2
036D:  BCF    1F.3
036E:  MOVLW  07
036F:  MOVWF  1C
....................    char data; 
....................    servomotor_init(); 
*
0375:  GOTO   090
....................    kbd_init(); 
0376:  GOTO   0A3
....................    lcd_init(); 
0377:  GOTO   173
....................    printf(lcd_putc,"LaboTEC"); 
0378:  MOVLW  7E
0379:  BSF    03.6
037A:  MOVWF  0D
037B:  MOVLW  00
037C:  MOVWF  0F
037D:  BCF    03.6
037E:  GOTO   1F3
....................    for(;;){ 
....................       data = kbd_getc(); 
037F:  GOTO   23B
0380:  MOVF   78,W
0381:  MOVWF  30
....................       if(data!=0){ 
0382:  MOVF   30,F
0383:  BTFSC  03.2
0384:  GOTO   3BC
....................          if(data == 'A'){ 
0385:  MOVF   30,W
0386:  SUBLW  41
0387:  BTFSS  03.2
0388:  GOTO   3A0
....................             i++; 
0389:  INCF   2B,F
038A:  BTFSC  03.2
038B:  INCF   2C,F
....................             lcd_putc('\f'); 
038C:  MOVLW  0C
038D:  MOVWF  3A
038E:  CALL   1C6
....................             printf(lcd_putc,"Pulse(us)=%Lu",angle); 
038F:  MOVLW  82
0390:  BSF    03.6
0391:  MOVWF  0D
0392:  MOVLW  00
0393:  MOVWF  0F
0394:  BCF    03.0
0395:  MOVLW  0A
0396:  BCF    03.6
0397:  MOVWF  31
0398:  CALL   2AD
0399:  MOVLW  10
039A:  MOVWF  04
039B:  MOVF   2E,W
039C:  MOVWF  32
039D:  MOVF   2D,W
039E:  MOVWF  31
039F:  CALL   2FC
....................          } 
....................          if(data == 'B'){ 
03A0:  MOVF   30,W
03A1:  SUBLW  42
03A2:  BTFSS  03.2
03A3:  GOTO   3BC
....................             i--; 
03A4:  MOVF   2B,W
03A5:  BTFSC  03.2
03A6:  DECF   2C,F
03A7:  DECF   2B,F
....................             lcd_putc('\f'); 
03A8:  MOVLW  0C
03A9:  MOVWF  3A
03AA:  CALL   1C6
....................             printf(lcd_putc,"Pulse(us)=%Lu",angle); 
03AB:  MOVLW  89
03AC:  BSF    03.6
03AD:  MOVWF  0D
03AE:  MOVLW  00
03AF:  MOVWF  0F
03B0:  BCF    03.0
03B1:  MOVLW  0A
03B2:  BCF    03.6
03B3:  MOVWF  31
03B4:  CALL   2AD
03B5:  MOVLW  10
03B6:  MOVWF  04
03B7:  MOVF   2E,W
03B8:  MOVWF  32
03B9:  MOVF   2D,W
03BA:  MOVWF  31
03BB:  CALL   2FC
....................          } 
....................       } 
....................    } 
03BC:  GOTO   37F
.................... } 
03BD:  SLEEP

Configuration Fuses:
   Word  1: 3F71   XT NOWDT PUT BROWNOUT NOLVP NOCPD NOWRT NODEBUG NOPROTECT
