
ROM used: 458 (6%)
          458 (6%) including unused fragments

          1 Average locations per line
          4 Average locations per statement

RAM used: 12 (3%) at main() level
          22 (6%) worst case

Stack used: 4 worst case (out of 8 total available)

Lines Stmts  %   Files
----- ----- ---  -----
   27    14  12  Ejemplo5.c
  313     0   0  C:\Program Files\PICC\devices\16f877a.h
  180    63  52  C:\Program Files\PICC\drivers\lcd.c
  165    43  36  keypad.c
----- -----
  685   120 Total

Page ROM  %  RAM   Vol Diff  Functions:
---- --- --- ---   --- ----  ----------
0     21   5   1             @delay_ms1
0      8   2   0             @const55
 Inline        3   463  4.3  lcd_read_byte
0     12   3   1   134  2.2  lcd_send_nibble
0     58  13   3   317  4.3  lcd_send_byte
0     44  10   2   422  4.7  lcd_init
0     18   4   4   186  5.5  lcd_gotoxy
0     37   8   1   272  4.1  lcd_putc
0     20   4   0             @const82
0      3   1   0     3  0.0  kbd_init
0    106  23   3  5861 10.2  kbd_getc
0      8   2   0             @goto10117
0     77  17   2   362  3.6  MAIN
0     14   3   0             @const97
0     14   3   0             @const98
0     14   3   0             @const99

Program metrics:
    Functions               9
    Statements              120
    Comments                183
    Volume (V)              10292
    Difficilty (D)          40.2
    Effort to implement (E) 413630
    Time to implement (T)   6 hours, 23 minutes
    Est Delivered Bugs (B)  2
    Cyclomatic Complexity   22
    Maintainability (MI)    124

 Segment     Used  Free
-----------  ----  ----
00000-00003     4  0  
00004-007FF   454  1590  
00800-00FFF     0  2048  
01000-017FF     0  2048  
01800-01FFF     0  2048  



