
ROM used: 493 (6%)
          493 (6%) including unused fragments

          1 Average locations per line
          5 Average locations per statement

RAM used: 19 (5%) at main() level
          40 (11%) worst case

Stack used: 7 worst case (out of 3 total available)

Lines Stmts  %   Files
----- ----- ---  -----
   68    28  31  Ejemplo2.c
  313     0   0  C:\Program Files\PICC\devices\16F877A.h
  180    63  69  C:\Program Files\PICC\drivers\lcd.c
----- -----
  561    91 Total

Page ROM  %  RAM   Vol Diff  Functions:
---- --- --- ---   --- ----  ----------
0     21   4   1             @delay_ms1
0      8   2   0    17  0.8  @const55
0     33   7   3   463  4.3  lcd_read_byte
0     12   2   1   134  2.2  lcd_send_nibble
0     27   5   3   317  4.3  lcd_send_byte
 Inline        2   422  4.7  lcd_init
 Inline        4   186  5.5  lcd_gotoxy
0     53  11   1   272  4.1  lcd_putc
0     88  18   2   423  3.7  TMR1_isr
0     22   4   0   113  2.1  @const86
0     21   4   3             @DIV88
0     53  11   2             @PRINTF_U_75
0    102  21   0   134  2.2  MAIN

Program metrics:
    Functions               10
    Statements              91
    Comments                193
    Volume (V)              3997
    Difficilty (D)          33.7
    Effort to implement (E) 134742
    Time to implement (T)   2 hours, 5 minutes
    Est Delivered Bugs (B)  1
    Cyclomatic Complexity   11
    Maintainability (MI)    129

 Segment     Used  Free
-----------  ----  ----
00000-00003     4  0  
00004-00034    49  0  
00035-007FF   440  1555  
00800-00FFF     0  2048  
01000-017FF     0  2048  
01800-01FFF     0  2048  



