
ROM used: 93 (1%)
          93 (1%) including unused fragments

          0 Average locations per line
          12 Average locations per statement

RAM used: 18 (5%) at main() level
          19 (5%) worst case

Stack used: 1 worst case (out of 8 total available)

Lines Stmts  %   Files
----- ----- ---  -----
   26     8 100  ejemplo3.c
  313     0   0  C:\Program Files (x86)\PICC\devices\16f877a.h
----- -----
  339     8 Total

Page ROM  %  RAM   Vol Diff  Functions:
---- --- --- ---   --- ----  ----------
0     23  25   1             @delay_ms1
0     66  71  12   375  4.4  main

Program metrics:
    Functions               1
    Statements              8
    Comments                75
    Volume (V)              377
    Difficilty (D)          4.2
    Effort to implement (E) 1596
    Time to implement (T)   1 minutes
    Est Delivered Bugs (B)  0
    Cyclomatic Complexity   2
    Maintainability (MI)    144

 Segment     Used  Free
-----------  ----  ----
00000-00003     4  0  
00004-007FF    89  1955  
00800-00FFF     0  2048  
01000-017FF     0  2048  
01800-01FFF     0  2048  



