
ROM used: 467 (6%)
          467 (6%) including unused fragments

          1 Average locations per line
          6 Average locations per statement

RAM used: 18 (5%) at main() level
          37 (10%) worst case

Stack used: 5 worst case (out of 7 total available)

Lines Stmts  %   Files
----- ----- ---  -----
   30    16  20  Ejemplo1.c
  313     0   0  C:\Program Files\PICC\devices\16f877a.h
  180    63  80  C:\Program Files\PICC\drivers\lcd.c
----- -----
  523    79 Total

Page ROM  %  RAM   Vol Diff  Functions:
---- --- --- ---   --- ----  ----------
0     21   4   1             @delay_ms1
0      8   2   0             @const55
 Inline        3   463  4.3  lcd_read_byte
0     12   3   1   134  2.2  lcd_send_nibble
0     58  12   3   317  4.3  lcd_send_byte
0     44   9   2   422  4.7  lcd_init
 Inline        4   186  5.5  lcd_gotoxy
0     53  11   1   272  4.1  lcd_putc
0      6   1   0    18  1.0  EXT_isr
0     79  17   3   399  4.6  MAIN
0     16   3   0   399  4.6  @const86
0    101  22   9             @PRINTF_LU_75
0     18   4   0             @const89

Program metrics:
    Functions               9
    Statements              79
    Comments                126
    Volume (V)              4100
    Difficilty (D)          35.2
    Effort to implement (E) 144169
    Time to implement (T)   2 hours, 13 minutes
    Est Delivered Bugs (B)  1
    Cyclomatic Complexity   13
    Maintainability (MI)    80

 Segment     Used  Free
-----------  ----  ----
00000-00003     4  0  
00004-00032    47  0  
00033-007FF   416  1581  
00800-00FFF     0  2048  
01000-017FF     0  2048  
01800-01FFF     0  2048  



