
ROM used: 926 (11%)
          926 (11%) including unused fragments

          1 Average locations per line
          5 Average locations per statement

RAM used: 12 (3%) at main() level
          27 (7%) worst case

Stack used: 5 worst case (out of 8 total available)

Lines Stmts  %   Files
----- ----- ---  -----
   60    34  18  Ejemplo1.c
  330     0   0  C:\Program Files (x86)\PICC\devices\16f877a.h
  411    91  49  C:\Program Files (x86)\PICC\drivers\lcd.c
  165    43  23  keypad.c
   41    18  10  pwm.c
   49     0   0  pwm.h
----- -----
 1056   186 Total

Page ROM  %  RAM   Vol Diff  Functions:
---- --- --- ---   --- ----  ----------
0     21   2   1             @delay_ms1
0      8   1   0    20  1.3  @const73
 Inline        3   751  4.5  lcd_read_byte
0     49   5   2   254  3.7  lcd_read_nibble
0     43   5   1   391  2.4  lcd_send_nibble
0     92  10   3   402  3.6  lcd_send_byte
0     65   7   2   754  5.0  lcd_init
0     18   2   4   191  5.8  lcd_gotoxy
0     45   5   1   354  4.7  lcd_putc
0     20   2   0             @const98
0      3   0   0     3  0.0  kbd_init
0    106  11   3  5876 10.0  kbd_getc
0      8   1   0             @goto10169
0     29   3   4   145  3.1  SetPWM1
0     23   2   0    69  1.6  pwm_init
0    149  16   2   937  5.3  MAIN
0      6   1   0             @const148
0     70   8   3             @PSTRINGC7_91
0      6   1   0             @const150
0      4   0   0             @const151
0     79   9   4             @PSTRINGCN7_91
0     21   2   3             @DIV88
0     53   6   2             @PRINTF_U_91
0      4   0   0             @const160

Program metrics:
    Functions               13
    Statements              186
    Comments                230
    Volume (V)              14096
    Difficilty (D)          51.8
    Effort to implement (E) 730780
    Time to implement (T)   11 hours, 17 minutes
    Est Delivered Bugs (B)  3
    Cyclomatic Complexity   27
    Maintainability (MI)    103

 Segment     Used  Free
-----------  ----  ----
00000-00003     4  0  
00004-007FF   922  1122  
00800-00FFF     0  2048  
01000-017FF     0  2048  
01800-01FFF     0  2048  



