
ROM used: 2369 (29%)
          2472 (30%) including unused fragments

          2 Average locations per line
          12 Average locations per statement

RAM used: 26 (7%) at main() level
          54 (15%) worst case

Stack used: 7 worst case (out of 8 total available)

Lines Stmts  %   Files
----- ----- ---  -----
   79    42  20  main.c
  330     0   0  ..\..\..\..\..\Program Files\PICC\devices\16f877a.h
  411    91  44  ..\..\..\..\..\Program Files\PICC\drivers\lcd.c
  165    43  21  ..\library\keypad.c
   28     9   4  ..\library\servomotor.c
   30     0   0  ..\library\servomotor.h
   39    21  10  ..\library\ultrasonico.c
   30     0   0  ..\library\ultrasonico.h
----- -----
 1112   206 Total

Page ROM  %  RAM   Vol Diff  Functions:
---- --- --- ---   --- ----  ----------
0     21   1   1             @delay_ms1
0     20   1   1             @delay_us1
0      8   0   0             @const76
 Inline        3   751  4.5  lcd_read_byte
0     49   2   2   254  3.7  lcd_read_nibble
0     43   2   1   391  2.4  lcd_send_nibble
0     92   4   3   402  3.6  lcd_send_byte
0     65   3   2   754  5.0  lcd_init
0     18   1   4   191  5.8  lcd_gotoxy
0     45   2   1   354  4.7  lcd_putc
0     20   1   0  1314  5.8  @const101
0      3   0   0     3  0.0  kbd_init
0    106   4   3  5893  9.9  kbd_getc
0      8   0   0             @goto10169
0     29   1   1    48  1.1  TMR2_isr
0     19   1   0    88  1.7  servomotor_init
0    447  19  10   149  3.0  ServoWriteAngle
0    321  14  16             @ADDFF
 Inline       13             @MULFF
 Inline       14             @DIVFF
 Inline        4             @SFTOI
0     29   1   2             @ITOF
1    424  18   5  1314  5.8  MAIN
0      4   0   0             @const144
0     72   3   3             @PSTRINGC7_94
0      5   0   0             @const146
0     74   3   3             @PSTRINGC7_9600_62_63
0      5   0   0             @const148
0     79   3   4             @PSTRINGCN7_94
0      6   0   0             @const151
0     81   3   4             @PSTRINGCN7_9600_62_63
0      6   0   0             @const154
0     99   4   9             @PRINTF_LU_94
0      7   0   0             @const157
0     89   4   9             @PRINTF_LU_9600_62_63
0      6   0   0             @const160
0      7   0   0             @const161
0      6   0   0             @const162
0      7   0   0             @const163

Program metrics:
    Functions               14
    Statements              206
    Comments                271
    Volume (V)              17003
    Difficilty (D)          56.5
    Effort to implement (E) 960684
    Time to implement (T)   14 hours, 50 minutes
    Est Delivered Bugs (B)  3
    Cyclomatic Complexity   33
    Maintainability (MI)    115

 Segment     Used  Free
-----------  ----  ----
00000-00003     4  0  
00004-00030    45  0  
00031-007FF  1896  103  
00800-00FFF   424  1624  
01000-017FF     0  2048  
01800-01FFF     0  2048  



