CCS PCM C Compiler, Version 4.114, 93465053               12-dic-16 12:19

               Filename: C:\Users\COMPUTADORA\Desktop\Core_LaboTEC\Code\main.lst

               ROM used: 2369 words (29%)
                         Largest free fragment is 2048
               RAM used: 26 (7%) at main() level
                         54 (15%) worst case
               Stack:    7 worst case (5 in main + 2 for interrupts)

*
0000:  MOVLW  08
0001:  MOVWF  0A
0002:  GOTO   000
0003:  NOP
0004:  MOVWF  7F
0005:  SWAPF  03,W
0006:  CLRF   03
0007:  MOVWF  21
0008:  MOVF   0A,W
0009:  MOVWF  20
000A:  CLRF   0A
000B:  MOVF   04,W
000C:  MOVWF  22
000D:  MOVF   77,W
000E:  MOVWF  23
000F:  MOVF   78,W
0010:  MOVWF  24
0011:  MOVF   79,W
0012:  MOVWF  25
0013:  MOVF   7A,W
0014:  MOVWF  26
0015:  BCF    03.7
0016:  BCF    03.5
0017:  MOVLW  8C
0018:  MOVWF  04
0019:  BTFSS  00.1
001A:  GOTO   01D
001B:  BTFSC  0C.1
001C:  GOTO   02E
001D:  MOVF   22,W
001E:  MOVWF  04
001F:  MOVF   23,W
0020:  MOVWF  77
0021:  MOVF   24,W
0022:  MOVWF  78
0023:  MOVF   25,W
0024:  MOVWF  79
0025:  MOVF   26,W
0026:  MOVWF  7A
0027:  MOVF   20,W
0028:  MOVWF  0A
0029:  SWAPF  21,W
002A:  MOVWF  03
002B:  SWAPF  7F,F
002C:  SWAPF  7F,W
002D:  RETFIE
002E:  BCF    0A.3
002F:  BCF    0A.4
0030:  GOTO   061
.................... #include "16f877a.h" 
.................... //////// Standard Header file for the PIC16F877A device //////////////// 
.................... #device PIC16F877A 
.................... #list 
....................  
.................... #fuses xt 
.................... #use delay(clock =4M) 
*
004D:  MOVLW  12
004E:  SUBWF  50,F
004F:  BTFSS  03.0
0050:  GOTO   060
0051:  MOVLW  50
0052:  MOVWF  04
0053:  BCF    03.7
0054:  MOVLW  FC
0055:  ANDWF  00,F
0056:  BCF    03.0
0057:  RRF    00,F
0058:  RRF    00,F
0059:  MOVF   00,W
005A:  BTFSC  03.2
005B:  GOTO   060
005C:  GOTO   05E
005D:  NOP
005E:  DECFSZ 00,F
005F:  GOTO   05D
0060:  RETURN
*
00B9:  MOVLW  3B
00BA:  MOVWF  04
00BB:  BCF    03.7
00BC:  MOVF   00,W
00BD:  BTFSC  03.2
00BE:  GOTO   0CD
00BF:  MOVLW  01
00C0:  MOVWF  78
00C1:  CLRF   77
00C2:  DECFSZ 77,F
00C3:  GOTO   0C2
00C4:  DECFSZ 78,F
00C5:  GOTO   0C1
00C6:  MOVLW  4A
00C7:  MOVWF  77
00C8:  DECFSZ 77,F
00C9:  GOTO   0C8
00CA:  GOTO   0CB
00CB:  DECFSZ 00,F
00CC:  GOTO   0BF
00CD:  RETURN
.................... #USE RS232(BAUD = 9600,XMIT=PIN_C6,RCV=PIN_C7) 
.................... #define LCD_DATA_PORT getenv("SFR:PORTD") 
.................... #define LCD_ENABLE_PIN  PIN_A3                                   
.................... #define LCD_RS_PIN      PIN_A5                                   
.................... #define LCD_RW_PIN      PIN_A2                                    
.................... #define LCD_DATA4       PIN_D4 
.................... #define LCD_DATA5       PIN_D5                                    
.................... #define LCD_DATA6       PIN_D6                                     
.................... #define LCD_DATA7       PIN_D7  
....................  
.................... // Clase2 
.................... #include <lcd.c> 
.................... /////////////////////////////////////////////////////////////////////////////// 
.................... ////                             LCD.C                                     //// 
.................... ////                 Driver for common LCD modules                         //// 
.................... ////                                                                       //// 
.................... ////  lcd_init()   Must be called before any other function.               //// 
.................... ////                                                                       //// 
.................... ////  lcd_putc(c)  Will display c on the next position of the LCD.         //// 
.................... ////                 \a  Set cursor position to upper left                 //// 
.................... ////                 \f  Clear display, set cursor to upper left           //// 
.................... ////                 \n  Go to start of second line                        //// 
.................... ////                 \b  Move back one position                            //// 
.................... ////              If LCD_EXTENDED_NEWLINE is defined, the \n character     //// 
.................... ////              will erase all remanining characters on the current      //// 
.................... ////              line, and move the cursor to the beginning of the next   //// 
.................... ////              line.                                                    //// 
.................... ////              If LCD_EXTENDED_NEWLINE is defined, the \r character     //// 
.................... ////              will move the cursor to the start of the current         //// 
.................... ////              line.                                                    //// 
.................... ////                                                                       //// 
.................... ////  lcd_gotoxy(x,y) Set write position on LCD (upper left is 1,1)        //// 
.................... ////                                                                       //// 
.................... ////  lcd_getc(x,y)   Returns character at position x,y on LCD             //// 
.................... ////                                                                       //// 
.................... ////  CONFIGURATION                                                        //// 
.................... ////  The LCD can be configured in one of two ways: a.) port access or     //// 
.................... ////  b.) pin access.  Port access requires the entire 7 bit interface     //// 
.................... ////  connected to one GPIO port, and the data bits (D4:D7 of the LCD)     //// 
.................... ////  connected to sequential pins on the GPIO.  Pin access                //// 
.................... ////  has no requirements, all 7 bits of the control interface can         //// 
.................... ////  can be connected to any GPIO using several ports.                    //// 
.................... ////                                                                       //// 
.................... ////  To use port access, #define LCD_DATA_PORT to the SFR location of     //// 
.................... ////  of the GPIO port that holds the interface, -AND- edit LCD_PIN_MAP    //// 
.................... ////  of this file to configure the pin order.  If you are using a         //// 
.................... ////  baseline PIC (PCB), then LCD_OUTPUT_MAP and LCD_INPUT_MAP also must  //// 
.................... ////  be defined.                                                          //// 
.................... ////                                                                       //// 
.................... ////  Example of port access:                                              //// 
.................... ////     #define LCD_DATA_PORT getenv("SFR:PORTD")                         //// 
.................... ////                                                                       //// 
.................... ////  To use pin access, the following pins must be defined:               //// 
.................... ////     LCD_ENABLE_PIN                                                    //// 
.................... ////     LCD_RS_PIN                                                        //// 
.................... ////     LCD_RW_PIN                                                        //// 
.................... ////     LCD_DATA4                                                         //// 
.................... ////     LCD_DATA5                                                         //// 
.................... ////     LCD_DATA6                                                         //// 
.................... ////     LCD_DATA7                                                         //// 
.................... ////                                                                       //// 
.................... ////  Example of pin access:                                               //// 
.................... ////     #define LCD_ENABLE_PIN  PIN_E0                                    //// 
.................... ////     #define LCD_RS_PIN      PIN_E1                                    //// 
.................... ////     #define LCD_RW_PIN      PIN_E2                                    //// 
.................... ////     #define LCD_DATA4       PIN_D4                                    //// 
.................... ////     #define LCD_DATA5       PIN_D5                                    //// 
.................... ////     #define LCD_DATA6       PIN_D6                                    //// 
.................... ////     #define LCD_DATA7       PIN_D7                                    //// 
.................... ////                                                                       //// 
.................... /////////////////////////////////////////////////////////////////////////////// 
.................... ////        (C) Copyright 1996,2010 Custom Computer Services           //// 
.................... //// This source code may only be used by licensed users of the CCS C  //// 
.................... //// compiler.  This source code may only be distributed to other      //// 
.................... //// licensed users of the CCS C compiler.  No other use, reproduction //// 
.................... //// or distribution is permitted without written permission.          //// 
.................... //// Derivative programs created using this software in object code    //// 
.................... //// form are not restricted in any way.                               //// 
.................... /////////////////////////////////////////////////////////////////////////// 
....................  
.................... // define the pinout. 
.................... // only required if port access is being used. 
.................... typedef struct   
.................... {                            // This structure is overlayed 
....................    BOOLEAN enable;           // on to an I/O port to gain 
....................    BOOLEAN rs;               // access to the LCD pins. 
....................    BOOLEAN rw;               // The bits are allocated from 
....................    BOOLEAN unused;           // low order up.  ENABLE will 
....................    int     data : 4;         // be LSB pin of that port. 
....................   #if defined(__PCD__)       // The port used will be LCD_DATA_PORT. 
....................    int    reserved: 8; 
....................   #endif 
.................... } LCD_PIN_MAP; 
....................  
.................... // this is to improve compatability with previous LCD drivers that accepted 
.................... // a define labeled 'use_portb_lcd' that configured the LCD onto port B. 
.................... #if ((defined(use_portb_lcd)) && (use_portb_lcd==TRUE)) 
....................  #define LCD_DATA_PORT getenv("SFR:PORTB") 
.................... #endif 
....................  
.................... #if defined(__PCB__) 
....................    // these definitions only need to be modified for baseline PICs. 
....................    // all other PICs use LCD_PIN_MAP or individual LCD_xxx pin definitions. 
.................... /*                                    EN, RS,   RW,   UNUSED,  DATA  */ 
....................  const LCD_PIN_MAP LCD_OUTPUT_MAP =  {0,  0,    0,    0,       0}; 
....................  const LCD_PIN_MAP LCD_INPUT_MAP =   {0,  0,    0,    0,       0xF}; 
.................... #endif 
....................  
.................... ////////////////////// END CONFIGURATION /////////////////////////////////// 
....................  
.................... #ifndef LCD_ENABLE_PIN 
....................    #define lcd_output_enable(x) lcdlat.enable=x 
....................    #define lcd_enable_tris()   lcdtris.enable=0 
.................... #else 
....................    #define lcd_output_enable(x) output_bit(LCD_ENABLE_PIN, x) 
....................    #define lcd_enable_tris()  output_drive(LCD_ENABLE_PIN) 
.................... #endif 
....................  
.................... #ifndef LCD_RS_PIN 
....................    #define lcd_output_rs(x) lcdlat.rs=x 
....................    #define lcd_rs_tris()   lcdtris.rs=0 
.................... #else 
....................    #define lcd_output_rs(x) output_bit(LCD_RS_PIN, x) 
....................    #define lcd_rs_tris()  output_drive(LCD_RS_PIN) 
.................... #endif 
....................  
.................... #ifndef LCD_RW_PIN 
....................    #define lcd_output_rw(x) lcdlat.rw=x 
....................    #define lcd_rw_tris()   lcdtris.rw=0 
.................... #else 
....................    #define lcd_output_rw(x) output_bit(LCD_RW_PIN, x) 
....................    #define lcd_rw_tris()  output_drive(LCD_RW_PIN) 
.................... #endif 
....................  
.................... // original version of this library incorrectly labeled LCD_DATA0 as LCD_DATA4, 
.................... // LCD_DATA1 as LCD_DATA5, and so on.  this block of code makes the driver 
.................... // compatible with any code written for the original library 
.................... #if (defined(LCD_DATA0) && defined(LCD_DATA1) && defined(LCD_DATA2) && defined(LCD_DATA3) && !defined(LCD_DATA4) && !defined(LCD_DATA5) && !defined(LCD_DATA6) && !defined(LCD_DATA7)) 
....................    #define  LCD_DATA4    LCD_DATA0 
....................    #define  LCD_DATA5    LCD_DATA1 
....................    #define  LCD_DATA6    LCD_DATA2 
....................    #define  LCD_DATA7    LCD_DATA3 
.................... #endif 
....................  
.................... #ifndef LCD_DATA4 
.................... #ifndef LCD_DATA_PORT 
....................    #if defined(__PCB__) 
....................       #define LCD_DATA_PORT      0x06     //portb 
....................       #define set_tris_lcd(x)   set_tris_b(x) 
....................    #else 
....................      #if defined(PIN_D0) 
....................       #define LCD_DATA_PORT      getenv("SFR:PORTD")     //portd 
....................      #else 
....................       #define LCD_DATA_PORT      getenv("SFR:PORTB")     //portb 
....................      #endif 
....................    #endif    
.................... #endif 
....................  
.................... #if defined(__PCB__) 
....................    LCD_PIN_MAP lcd, lcdlat; 
....................    #byte lcd = LCD_DATA_PORT 
....................    #byte lcdlat = LCD_DATA_PORT 
.................... #elif defined(__PCM__) 
....................    LCD_PIN_MAP lcd, lcdlat, lcdtris; 
....................    #byte lcd = LCD_DATA_PORT 
....................    #byte lcdlat = LCD_DATA_PORT 
....................    #byte lcdtris = LCD_DATA_PORT+0x80 
.................... #elif defined(__PCH__) 
....................    LCD_PIN_MAP lcd, lcdlat, lcdtris; 
....................    #byte lcd = LCD_DATA_PORT 
....................    #byte lcdlat = LCD_DATA_PORT+9 
....................    #byte lcdtris = LCD_DATA_PORT+0x12 
.................... #elif defined(__PCD__) 
....................    LCD_PIN_MAP lcd, lcdlat, lcdtris; 
....................    #word lcd = LCD_DATA_PORT 
....................    #word lcdlat = LCD_DATA_PORT+2 
....................    #word lcdtris = LCD_DATA_PORT-0x02 
.................... #endif 
.................... #endif   //LCD_DATA4 not defined 
....................  
.................... #ifndef LCD_TYPE 
....................    #define LCD_TYPE 2           // 0=5x7, 1=5x10, 2=2 lines 
.................... #endif 
....................  
.................... #ifndef LCD_LINE_TWO 
....................    #define LCD_LINE_TWO 0x40    // LCD RAM address for the second line 
.................... #endif 
....................  
.................... #ifndef LCD_LINE_LENGTH 
....................    #define LCD_LINE_LENGTH 20 
.................... #endif 
....................  
.................... BYTE const LCD_INIT_STRING[4] = {0x20 | (LCD_TYPE << 2), 0xc, 1, 6}; 
....................                              // These bytes need to be sent to the LCD 
....................                              // to start it up. 
....................  
.................... BYTE lcd_read_nibble(void); 
....................  
.................... BYTE lcd_read_byte(void) 
.................... { 
....................    BYTE low,high; 
....................  
....................  #if defined(__PCB__) 
....................    set_tris_lcd(LCD_INPUT_MAP); 
....................  #else 
....................   #if (defined(LCD_DATA4) && defined(LCD_DATA5) && defined(LCD_DATA6) && defined(LCD_DATA7)) 
....................    output_float(LCD_DATA4); 
*
0132:  BSF    08.4
....................    output_float(LCD_DATA5); 
0133:  BSF    08.5
....................    output_float(LCD_DATA6); 
0134:  BSF    08.6
....................    output_float(LCD_DATA7); 
0135:  BSF    08.7
....................   #else 
....................    lcdtris.data = 0xF; 
....................   #endif 
....................  #endif 
....................          
....................    lcd_output_rw(1); 
0136:  BCF    03.5
0137:  BSF    05.2
0138:  BSF    03.5
0139:  BCF    05.2
....................    delay_cycles(1); 
013A:  NOP
....................    lcd_output_enable(1); 
013B:  BCF    03.5
013C:  BSF    05.3
013D:  BSF    03.5
013E:  BCF    05.3
....................    delay_cycles(1); 
013F:  NOP
....................    high = lcd_read_nibble(); 
0140:  BCF    03.5
0141:  CALL   0F9
0142:  MOVF   78,W
0143:  MOVWF  42
....................        
....................    lcd_output_enable(0); 
0144:  BCF    05.3
0145:  BSF    03.5
0146:  BCF    05.3
....................    delay_cycles(1); 
0147:  NOP
....................    lcd_output_enable(1); 
0148:  BCF    03.5
0149:  BSF    05.3
014A:  BSF    03.5
014B:  BCF    05.3
....................    delay_us(1); 
014C:  NOP
....................    low = lcd_read_nibble(); 
014D:  BCF    03.5
014E:  CALL   0F9
014F:  MOVF   78,W
0150:  MOVWF  41
....................        
....................    lcd_output_enable(0); 
0151:  BCF    05.3
0152:  BSF    03.5
0153:  BCF    05.3
....................  
....................  #if defined(__PCB__) 
....................    set_tris_lcd(LCD_OUTPUT_MAP); 
....................  #else 
....................   #if (defined(LCD_DATA4) && defined(LCD_DATA5) && defined(LCD_DATA6) && defined(LCD_DATA7)) 
....................    output_drive(LCD_DATA4); 
0154:  BCF    08.4
....................    output_drive(LCD_DATA5); 
0155:  BCF    08.5
....................    output_drive(LCD_DATA6); 
0156:  BCF    08.6
....................    output_drive(LCD_DATA7); 
0157:  BCF    08.7
....................   #else 
....................    lcdtris.data = 0x0; 
....................   #endif 
....................  #endif 
....................  
....................    return( (high<<4) | low); 
0158:  BCF    03.5
0159:  SWAPF  42,W
015A:  MOVWF  77
015B:  MOVLW  F0
015C:  ANDWF  77,F
015D:  MOVF   77,W
015E:  IORWF  41,W
015F:  MOVWF  78
.................... } 
....................  
.................... BYTE lcd_read_nibble(void) 
.................... { 
....................   #if (defined(LCD_DATA4) && defined(LCD_DATA5) && defined(LCD_DATA6) && defined(LCD_DATA7)) 
*
00F9:  CLRF   43
....................    BYTE n = 0x00; 
....................  
....................    /* Read the data port */ 
....................    n |= input(LCD_DATA4); 
00FA:  BSF    03.5
00FB:  BSF    08.4
00FC:  MOVLW  00
00FD:  BCF    03.5
00FE:  BTFSC  08.4
00FF:  MOVLW  01
0100:  IORWF  43,F
....................    n |= input(LCD_DATA5) << 1; 
0101:  BSF    03.5
0102:  BSF    08.5
0103:  MOVLW  00
0104:  BCF    03.5
0105:  BTFSC  08.5
0106:  MOVLW  01
0107:  MOVWF  77
0108:  BCF    03.0
0109:  RLF    77,F
010A:  MOVF   77,W
010B:  IORWF  43,F
....................    n |= input(LCD_DATA6) << 2; 
010C:  BSF    03.5
010D:  BSF    08.6
010E:  MOVLW  00
010F:  BCF    03.5
0110:  BTFSC  08.6
0111:  MOVLW  01
0112:  MOVWF  77
0113:  RLF    77,F
0114:  RLF    77,F
0115:  MOVLW  FC
0116:  ANDWF  77,F
0117:  MOVF   77,W
0118:  IORWF  43,F
....................    n |= input(LCD_DATA7) << 3; 
0119:  BSF    03.5
011A:  BSF    08.7
011B:  MOVLW  00
011C:  BCF    03.5
011D:  BTFSC  08.7
011E:  MOVLW  01
011F:  MOVWF  77
0120:  RLF    77,F
0121:  RLF    77,F
0122:  RLF    77,F
0123:  MOVLW  F8
0124:  ANDWF  77,F
0125:  MOVF   77,W
0126:  IORWF  43,F
....................     
....................    return(n); 
0127:  MOVF   43,W
0128:  MOVWF  78
....................   #else 
....................    return(lcd.data); 
....................   #endif 
.................... } 
0129:  RETURN
....................  
.................... void lcd_send_nibble(BYTE n) 
.................... { 
....................   #if (defined(LCD_DATA4) && defined(LCD_DATA5) && defined(LCD_DATA6) && defined(LCD_DATA7)) 
....................    /* Write to the data port */ 
....................    output_bit(LCD_DATA4, bit_test(n, 0)); 
*
00CE:  BTFSC  42.0
00CF:  GOTO   0D2
00D0:  BCF    08.4
00D1:  GOTO   0D3
00D2:  BSF    08.4
00D3:  BSF    03.5
00D4:  BCF    08.4
....................    output_bit(LCD_DATA5, bit_test(n, 1)); 
00D5:  BCF    03.5
00D6:  BTFSC  42.1
00D7:  GOTO   0DA
00D8:  BCF    08.5
00D9:  GOTO   0DB
00DA:  BSF    08.5
00DB:  BSF    03.5
00DC:  BCF    08.5
....................    output_bit(LCD_DATA6, bit_test(n, 2)); 
00DD:  BCF    03.5
00DE:  BTFSC  42.2
00DF:  GOTO   0E2
00E0:  BCF    08.6
00E1:  GOTO   0E3
00E2:  BSF    08.6
00E3:  BSF    03.5
00E4:  BCF    08.6
....................    output_bit(LCD_DATA7, bit_test(n, 3)); 
00E5:  BCF    03.5
00E6:  BTFSC  42.3
00E7:  GOTO   0EA
00E8:  BCF    08.7
00E9:  GOTO   0EB
00EA:  BSF    08.7
00EB:  BSF    03.5
00EC:  BCF    08.7
....................   #else       
....................    lcdlat.data = n; 
....................   #endif 
....................        
....................    delay_cycles(1); 
00ED:  NOP
....................    lcd_output_enable(1); 
00EE:  BCF    03.5
00EF:  BSF    05.3
00F0:  BSF    03.5
00F1:  BCF    05.3
....................    delay_us(2); 
00F2:  GOTO   0F3
....................    lcd_output_enable(0); 
00F3:  BCF    03.5
00F4:  BCF    05.3
00F5:  BSF    03.5
00F6:  BCF    05.3
.................... } 
00F7:  BCF    03.5
00F8:  RETURN
....................  
.................... void lcd_send_byte(BYTE address, BYTE n) 
.................... { 
....................   #if defined(__PCB__) 
....................    set_tris_lcd(LCD_OUTPUT_MAP); 
....................   #else 
....................    lcd_enable_tris(); 
*
012A:  BSF    03.5
012B:  BCF    05.3
....................    lcd_rs_tris(); 
012C:  BCF    05.5
....................    lcd_rw_tris(); 
012D:  BCF    05.2
....................   #endif 
....................  
....................    lcd_output_rs(0); 
012E:  BCF    03.5
012F:  BCF    05.5
0130:  BSF    03.5
0131:  BCF    05.5
....................    while ( bit_test(lcd_read_byte(),7) ) ; 
*
0160:  MOVF   78,W
0161:  MOVWF  41
0162:  BTFSS  41.7
0163:  GOTO   166
0164:  BSF    03.5
0165:  GOTO   132
....................    lcd_output_rs(address); 
0166:  MOVF   3F,F
0167:  BTFSS  03.2
0168:  GOTO   16B
0169:  BCF    05.5
016A:  GOTO   16C
016B:  BSF    05.5
016C:  BSF    03.5
016D:  BCF    05.5
....................    delay_cycles(1); 
016E:  NOP
....................    lcd_output_rw(0); 
016F:  BCF    03.5
0170:  BCF    05.2
0171:  BSF    03.5
0172:  BCF    05.2
....................    delay_cycles(1); 
0173:  NOP
....................    lcd_output_enable(0); 
0174:  BCF    03.5
0175:  BCF    05.3
0176:  BSF    03.5
0177:  BCF    05.3
....................    lcd_send_nibble(n >> 4); 
0178:  BCF    03.5
0179:  SWAPF  40,W
017A:  MOVWF  41
017B:  MOVLW  0F
017C:  ANDWF  41,F
017D:  MOVF   41,W
017E:  MOVWF  42
017F:  CALL   0CE
....................    lcd_send_nibble(n & 0xf); 
0180:  MOVF   40,W
0181:  ANDLW  0F
0182:  MOVWF  41
0183:  MOVWF  42
0184:  CALL   0CE
.................... } 
0185:  RETURN
....................  
.................... #if defined(LCD_EXTENDED_NEWLINE) 
.................... unsigned int8 g_LcdX, g_LcdY; 
.................... #endif 
....................  
.................... void lcd_init(void)  
.................... { 
....................    BYTE i; 
....................  
....................  #if defined(__PCB__) 
....................    set_tris_lcd(LCD_OUTPUT_MAP); 
....................  #else 
....................   #if (defined(LCD_DATA4) && defined(LCD_DATA5) && defined(LCD_DATA6) && defined(LCD_DATA7)) 
....................    output_drive(LCD_DATA4); 
0186:  BSF    03.5
0187:  BCF    08.4
....................    output_drive(LCD_DATA5); 
0188:  BCF    08.5
....................    output_drive(LCD_DATA6); 
0189:  BCF    08.6
....................    output_drive(LCD_DATA7); 
018A:  BCF    08.7
....................   #else 
....................    lcdtris.data = 0x0; 
....................   #endif 
....................    lcd_enable_tris(); 
018B:  BCF    05.3
....................    lcd_rs_tris(); 
018C:  BCF    05.5
....................    lcd_rw_tris(); 
018D:  BCF    05.2
....................  #endif 
....................  
....................    lcd_output_rs(0); 
018E:  BCF    03.5
018F:  BCF    05.5
0190:  BSF    03.5
0191:  BCF    05.5
....................    lcd_output_rw(0); 
0192:  BCF    03.5
0193:  BCF    05.2
0194:  BSF    03.5
0195:  BCF    05.2
....................    lcd_output_enable(0); 
0196:  BCF    03.5
0197:  BCF    05.3
0198:  BSF    03.5
0199:  BCF    05.3
....................      
....................    delay_ms(15); 
019A:  MOVLW  0F
019B:  BCF    03.5
019C:  MOVWF  3B
019D:  CALL   0B9
....................    for(i=1;i<=3;++i) 
019E:  MOVLW  01
019F:  MOVWF  31
01A0:  MOVF   31,W
01A1:  SUBLW  03
01A2:  BTFSS  03.0
01A3:  GOTO   1AE
....................    { 
....................        lcd_send_nibble(3); 
01A4:  MOVLW  03
01A5:  MOVWF  42
01A6:  CALL   0CE
....................        lcd_send_nibble(0); 
01A7:  CLRF   42
01A8:  CALL   0CE
....................        delay_ms(5); 
01A9:  MOVLW  05
01AA:  MOVWF  3B
01AB:  CALL   0B9
....................    } 
01AC:  INCF   31,F
01AD:  GOTO   1A0
....................     
....................    lcd_send_nibble(2); 
01AE:  MOVLW  02
01AF:  MOVWF  42
01B0:  CALL   0CE
....................    lcd_send_nibble(0); 
01B1:  CLRF   42
01B2:  CALL   0CE
....................    delay_ms(5); 
01B3:  MOVLW  05
01B4:  MOVWF  3B
01B5:  CALL   0B9
....................    for(i=0;i<=3;++i) 
01B6:  CLRF   31
01B7:  MOVF   31,W
01B8:  SUBLW  03
01B9:  BTFSS  03.0
01BA:  GOTO   1C4
....................       lcd_send_byte(0,LCD_INIT_STRING[i]); 
01BB:  MOVF   31,W
01BC:  CALL   031
01BD:  MOVWF  32
01BE:  CLRF   3F
01BF:  MOVF   32,W
01C0:  MOVWF  40
01C1:  CALL   12A
....................  
....................   #if defined(LCD_EXTENDED_NEWLINE) 
01C2:  INCF   31,F
01C3:  GOTO   1B7
....................    g_LcdX = 0; 
....................    g_LcdY = 0; 
....................   #endif 
.................... } 
01C4:  BSF    0A.3
01C5:  BCF    0A.4
01C6:  GOTO   020 (RETURN)
....................  
.................... void lcd_gotoxy(BYTE x, BYTE y) 
.................... { 
....................    BYTE address; 
....................     
....................    if(y!=1) 
*
04DD:  DECFSZ 3C,W
04DE:  GOTO   4E0
04DF:  GOTO   4E3
....................       address=LCD_LINE_TWO; 
04E0:  MOVLW  40
04E1:  MOVWF  3D
....................    else 
04E2:  GOTO   4E4
....................       address=0; 
04E3:  CLRF   3D
....................       
....................    address+=x-1; 
04E4:  MOVLW  01
04E5:  SUBWF  3B,W
04E6:  ADDWF  3D,F
....................    lcd_send_byte(0,0x80|address); 
04E7:  MOVF   3D,W
04E8:  IORLW  80
04E9:  MOVWF  3E
04EA:  CLRF   3F
04EB:  MOVF   3E,W
04EC:  MOVWF  40
04ED:  CALL   12A
....................  
....................   #if defined(LCD_EXTENDED_NEWLINE) 
....................    g_LcdX = x - 1; 
....................    g_LcdY = y - 1; 
....................   #endif 
.................... } 
04EE:  RETURN
....................  
.................... void lcd_putc(char c) 
.................... { 
....................    switch (c) 
....................    { 
04EF:  MOVF   3A,W
04F0:  XORLW  07
04F1:  BTFSC  03.2
04F2:  GOTO   4FD
04F3:  XORLW  0B
04F4:  BTFSC  03.2
04F5:  GOTO   502
04F6:  XORLW  06
04F7:  BTFSC  03.2
04F8:  GOTO   50A
04F9:  XORLW  02
04FA:  BTFSC  03.2
04FB:  GOTO   510
04FC:  GOTO   515
....................       case '\a'   :  lcd_gotoxy(1,1);     break; 
04FD:  MOVLW  01
04FE:  MOVWF  3B
04FF:  MOVWF  3C
0500:  CALL   4DD
0501:  GOTO   51B
....................  
....................       case '\f'   :  lcd_send_byte(0,1); 
0502:  CLRF   3F
0503:  MOVLW  01
0504:  MOVWF  40
0505:  CALL   12A
....................                      delay_ms(2); 
0506:  MOVLW  02
0507:  MOVWF  3B
0508:  CALL   0B9
....................                     #if defined(LCD_EXTENDED_NEWLINE) 
....................                      g_LcdX = 0; 
....................                      g_LcdY = 0; 
....................                     #endif 
....................                      break; 
0509:  GOTO   51B
....................  
....................      #if defined(LCD_EXTENDED_NEWLINE) 
....................       case '\r'   :  lcd_gotoxy(1, g_LcdY+1);   break; 
....................       case '\n'   : 
....................          while (g_LcdX++ < LCD_LINE_LENGTH) 
....................          { 
....................             lcd_send_byte(1, ' '); 
....................          } 
....................          lcd_gotoxy(1, g_LcdY+2); 
....................          break; 
....................      #else 
....................       case '\n'   : lcd_gotoxy(1,2);        break; 
050A:  MOVLW  01
050B:  MOVWF  3B
050C:  MOVLW  02
050D:  MOVWF  3C
050E:  CALL   4DD
050F:  GOTO   51B
....................      #endif 
....................       
....................       case '\b'   : lcd_send_byte(0,0x10);  break; 
0510:  CLRF   3F
0511:  MOVLW  10
0512:  MOVWF  40
0513:  CALL   12A
0514:  GOTO   51B
....................       
....................      #if defined(LCD_EXTENDED_NEWLINE) 
....................       default     :  
....................          if (g_LcdX < LCD_LINE_LENGTH) 
....................          { 
....................             lcd_send_byte(1, c); 
....................             g_LcdX++; 
....................          } 
....................          break; 
....................      #else 
....................       default     : lcd_send_byte(1,c);     break; 
0515:  MOVLW  01
0516:  MOVWF  3F
0517:  MOVF   3A,W
0518:  MOVWF  40
0519:  CALL   12A
051A:  GOTO   51B
....................      #endif 
....................    } 
.................... } 
051B:  RETURN
....................   
.................... char lcd_getc(BYTE x, BYTE y) 
.................... { 
....................    char value; 
....................  
....................    lcd_gotoxy(x,y); 
....................    while ( bit_test(lcd_read_byte(),7) ); // wait until busy flag is low 
....................    lcd_output_rs(1); 
....................    value = lcd_read_byte(); 
....................    lcd_output_rs(0); 
....................     
....................    return(value); 
.................... } 
....................  
.................... #include "..\library\keypad.c" 
.................... /////////////////////////////////////////////////////////////////////////// 
.................... ////                     KBD_LIB.C by Redraven                         //// 
.................... ////                                                                   //// 
.................... ////                     Derived from KBDD.C                           //// 
.................... ////                  Generic keypad scan driver                       //// 
.................... ////                                                                   //// 
.................... ////  kbd_init()   Must be called before any other function.           //// 
.................... ////                                                                   //// 
.................... ////  c = kbd_getc(c)  Will return a key value if pressed or /0 if not //// 
.................... ////                   This function should be called frequently so as //// 
.................... ////                   not to miss a key press.                        //// 
.................... ////                                                                   //// 
.................... //////////////////////////////////////////////////////////////////////////// 
.................... ////        (C) Copyright 1996,1997 Custom Computer Services            //// 
.................... //// This source code may only be used by licensed users of the CCS C   //// 
.................... //// compiler.  This source code may only be distributed to other       //// 
.................... //// licensed users of the CCS C compiler.  No other use, reproduction  //// 
.................... //// or distribution is permitted without written permission.           //// 
.................... //// Derivative programs created using this software in object code     //// 
.................... //// form are not restricted in any way.                                //// 
.................... //////////////////////////////////////////////////////////////////////////// 
....................  
.................... ////////////////// The following defines the keypad layout on port D 
....................  
.................... // Un-comment the following define to use port B 
.................... #define use_portb_kbd TRUE 
....................  
.................... // Make sure the port used has pull-up resistors (or the LCD) on 
.................... // the column pins 
....................  
....................  
.................... #if defined(__PCH__) 
.................... #if defined use_portb_kbd 
....................    #byte kbd = 0xF81              // This puts the entire structure 
.................... #else 
....................    #byte kbd = 0xF83              // This puts the entire structure 
.................... #endif 
.................... #else 
.................... #if defined use_portb_kbd 
....................    #byte kbd = 6                  // on to port B (at address 6) 
.................... #else 
....................    #byte kbd = 8                  // on to port D (at address 8) 
.................... #endif 
.................... #endif 
....................  
.................... #if defined use_portb_kbd 
....................    #define set_tris_kbd(x) set_tris_b(x) 
.................... #else 
....................    #define set_tris_kbd(x) set_tris_d(x) 
.................... #endif 
....................  
.................... /* 
.................... //Keypad connection:   (for example column 0 is B0) 
....................  
.................... #define COL0 (1 << 0) // PIN_B0 
.................... #define COL1 (1 << 1) // PIN_B1 
.................... #define COL2 (1 << 2) // PIN_B2 
.................... #define COL3 (1 << 3) // PIN_B3 
....................  
.................... #define ROW0 (1 << 4) // PIN_B4 
.................... #define ROW1 (1 << 5) // PIN_B5 
.................... #define ROW2 (1 << 6) // PIN_B6 
.................... #define ROW3 (1 << 7) // PIN_B7 
.................... */ 
....................  
.................... //////////////////////////////////////////////////////////////////////////////// 
....................  
....................       ////////////////////// 
....................       //Keypad connection:// 
....................       ////////////////////// 
....................       //      rb7 --> X1    //               
....................       //      rb6 --> X2     // 
....................       //      rb5 --> X3     // 
....................       //      rb4 --> X4     // 
....................       //                    // 
....................       //      rb3 --> Y1     // 
....................       //      rb2 --> Y2     // 
....................       //      rb1 --> Y3     // 
....................       //      rb0 --> Y4     // 
....................       ////////////////////// 
....................  
.................... #define COL0 (1 << 4) // PIN_B4 
.................... #define COL1 (1 << 5) // PIN_B5 
.................... #define COL2 (1 << 6) // PIN_B6 
.................... #define COL3 (1 << 7) // PIN_B7 
....................  
.................... #define ROW0 (1 << 3) // PIN_B3 
.................... #define ROW1 (1 << 2) // PIN_B2 
.................... #define ROW2 (1 << 1) // PIN_B1 
.................... #define ROW3 (1 << 0) // PIN_B0 
.................... //////////////////////////////////////////////////////////////////////////////// 
....................  
.................... #define ALL_ROWS (ROW0|ROW1|ROW2|ROW3) 
.................... #define ALL_PINS (ALL_ROWS|COL0|COL1|COL2|COL3) 
....................  
.................... // Keypad layout: 
.................... char const KEYS[4][4] = {{'1','2','3','A'}, 
....................                          {'4','5','6','B'}, 
....................                          {'7','8','9','C'}, 
....................                          {'*','0','#','D'}}; 
....................  
.................... #define KBD_DEBOUNCE_FACTOR 33    // Set this number to apx n/333 where 
....................                                   // n is the number of times you expect 
....................                                   // to call kbd_getc each second 
....................  
.................... void kbd_init() { 
.................... } 
*
01C7:  BSF    0A.3
01C8:  BCF    0A.4
01C9:  GOTO   023 (RETURN)
....................  
.................... char kbd_getc( ) { 
....................    static byte kbd_call_count; 
*
0819:  BCF    03.5
081A:  CLRF   27
....................    static short int kbd_down; 
081B:  BCF    28.0
....................    static char last_key; 
081C:  CLRF   29
....................    static byte col; 
081D:  CLRF   2A
....................  
....................    byte kchar; 
....................    byte row; 
....................  
....................    kchar='\0'; 
*
05AE:  CLRF   31
....................    if(++kbd_call_count>KBD_DEBOUNCE_FACTOR) { 
05AF:  INCF   27,F
05B0:  MOVF   27,W
05B1:  SUBLW  21
05B2:  BTFSC  03.0
05B3:  GOTO   60F
....................        switch (col) { 
05B4:  MOVF   2A,W
05B5:  ADDLW  FC
05B6:  BTFSC  03.0
05B7:  GOTO   5D2
05B8:  ADDLW  04
05B9:  GOTO   618
....................          case 0   : set_tris_kbd(ALL_PINS&~COL0); 
05BA:  MOVLW  EF
05BB:  BSF    03.5
05BC:  MOVWF  06
....................                     kbd=~COL0&ALL_PINS; 
05BD:  BCF    03.5
05BE:  MOVWF  06
....................                     break; 
05BF:  GOTO   5D2
....................          case 1   : set_tris_kbd(ALL_PINS&~COL1); 
05C0:  MOVLW  DF
05C1:  BSF    03.5
05C2:  MOVWF  06
....................                     kbd=~COL1&ALL_PINS; 
05C3:  BCF    03.5
05C4:  MOVWF  06
....................                     break; 
05C5:  GOTO   5D2
....................          case 2   : set_tris_kbd(ALL_PINS&~COL2); 
05C6:  MOVLW  BF
05C7:  BSF    03.5
05C8:  MOVWF  06
....................                     kbd=~COL2&ALL_PINS; 
05C9:  BCF    03.5
05CA:  MOVWF  06
....................                     break; 
05CB:  GOTO   5D2
....................          case 3   : set_tris_kbd(ALL_PINS&~COL3); 
05CC:  MOVLW  7F
05CD:  BSF    03.5
05CE:  MOVWF  06
....................                     kbd=~COL3&ALL_PINS; 
05CF:  BCF    03.5
05D0:  MOVWF  06
....................                     break; 
05D1:  GOTO   5D2
....................        } 
....................  
....................        if(kbd_down) { 
05D2:  BTFSS  28.0
05D3:  GOTO   5DE
....................          if((kbd & (ALL_ROWS))==(ALL_ROWS)) { 
05D4:  MOVF   06,W
05D5:  ANDLW  0F
05D6:  SUBLW  0F
05D7:  BTFSS  03.2
05D8:  GOTO   5DD
....................            kbd_down=false; 
05D9:  BCF    28.0
....................            kchar=last_key; 
05DA:  MOVF   29,W
05DB:  MOVWF  31
....................            last_key='\0'; 
05DC:  CLRF   29
....................          } 
....................        } else { 
05DD:  GOTO   60E
....................           if((kbd & (ALL_ROWS))!=(ALL_ROWS)) { 
05DE:  MOVF   06,W
05DF:  ANDLW  0F
05E0:  SUBLW  0F
05E1:  BTFSC  03.2
05E2:  GOTO   609
....................              if((kbd & ROW0)==0) 
05E3:  MOVF   06,W
05E4:  ANDLW  08
05E5:  BTFSS  03.2
05E6:  GOTO   5E9
....................                row=0; 
05E7:  CLRF   32
....................              else if((kbd & ROW1)==0) 
05E8:  GOTO   5FD
05E9:  MOVF   06,W
05EA:  ANDLW  04
05EB:  BTFSS  03.2
05EC:  GOTO   5F0
....................                row=1; 
05ED:  MOVLW  01
05EE:  MOVWF  32
....................              else if((kbd & ROW2)==0) 
05EF:  GOTO   5FD
05F0:  MOVF   06,W
05F1:  ANDLW  02
05F2:  BTFSS  03.2
05F3:  GOTO   5F7
....................                row=2; 
05F4:  MOVLW  02
05F5:  MOVWF  32
....................              else if((kbd & ROW3)==0) 
05F6:  GOTO   5FD
05F7:  MOVF   06,W
05F8:  ANDLW  01
05F9:  BTFSS  03.2
05FA:  GOTO   5FD
....................                row=3; 
05FB:  MOVLW  03
05FC:  MOVWF  32
....................              last_key =KEYS[row][col]; 
05FD:  RLF    32,W
05FE:  MOVWF  77
05FF:  RLF    77,F
0600:  MOVLW  FC
0601:  ANDWF  77,F
0602:  MOVF   77,W
0603:  ADDWF  2A,W
0604:  CALL   039
0605:  MOVWF  78
0606:  MOVWF  29
....................              kbd_down = true; 
0607:  BSF    28.0
....................           } else { 
0608:  GOTO   60E
....................              ++col; 
0609:  INCF   2A,F
....................              if(col==4) 
060A:  MOVF   2A,W
060B:  SUBLW  04
060C:  BTFSC  03.2
....................                col=0; 
060D:  CLRF   2A
....................           } 
....................        } 
....................       kbd_call_count=0; 
060E:  CLRF   27
....................    } 
....................   set_tris_kbd(ALL_PINS); 
060F:  MOVLW  FF
0610:  BSF    03.5
0611:  MOVWF  06
....................   return(kchar); 
0612:  BCF    03.5
0613:  MOVF   31,W
0614:  MOVWF  78
.................... } 
0615:  BSF    0A.3
0616:  BCF    0A.4
0617:  GOTO   04A (RETURN)
....................  
....................  
.................... // Clase3 
.................... #include "..\library\servomotor.c" 
.................... #include "servomotor.h" 
.................... #ifndef  __SERVOMOTOR__ 
.................... #define  __SERVOMOTOR__ 
....................  
.................... /* 
....................  * SERVOMOTOR: 
....................  *    EL PERIODO DE LA SEÑAL ES DE 50Hz  
....................  *       Motor en sentido horario (0,7 ms) 
....................  *       Motor neutral (1,5 ms) 
....................  *       Motor en sentido antihorario (1,8 ms) 
....................  * 
....................  *    USANDO TIMER2 
....................  *       T=(4/FOSC)*PRESCALER*(VALOR CARGA PR2+1)*POSTSCALER 
....................  *       1/50Hz = (4/4Mhz)*16*(VALOR CARGA PR2+1)*16 
....................  *       PR2 = 77.125 
....................  **/ 
.................... #DEFINE  PR2         78 
.................... #DEFINE  POSTSCALER  16 
.................... #DEFINE  PRESCALER   T2_DIV_BY_16 
.................... #DEFINE  PIN_CTRL    PIN_C0 
....................  
.................... #DEFINE  IN_MIN      0 
.................... #DEFINE  IN_MAX      180 
.................... #DEFINE  OUT_MIN     700 
.................... #DEFINE  OUT_MAX     2600 
....................  
.................... void servomotor_init(); 
.................... void ServoWriteAngle(float x); 
....................  
.................... #endif 
....................  
....................  
.................... unsigned int16 i = 0; 
.................... unsigned int16 angle = 0; 
....................  
.................... #INT_TIMER2 
.................... void TMR2_isr( ){ 
....................    // 300 - 2100 
....................    output_high(PIN_CTRL); 
*
0061:  BCF    2F.0
0062:  MOVF   2F,W
0063:  BSF    03.5
0064:  MOVWF  07
0065:  BCF    03.5
0066:  BSF    07.0
....................    //angle = 300 + i*100; 
....................    delay_us( angle ); 
0067:  MOVF   2E,W
0068:  MOVWF  4F
0069:  INCF   4F,F
006A:  DECF   4F,F
006B:  BTFSC  03.2
006C:  GOTO   071
006D:  MOVLW  FF
006E:  MOVWF  50
006F:  CALL   04D
0070:  GOTO   06A
0071:  MOVF   2D,W
0072:  MOVWF  50
0073:  CALL   04D
....................    output_low(PIN_CTRL); 
0074:  BCF    2F.0
0075:  MOVF   2F,W
0076:  BSF    03.5
0077:  MOVWF  07
0078:  BCF    03.5
0079:  BCF    07.0
.................... } 
....................  
007A:  BCF    0C.1
007B:  BCF    0A.3
007C:  BCF    0A.4
007D:  GOTO   01D
.................... void servomotor_init(){ 
....................    set_tris_c(0b10000000); 
*
01CA:  MOVLW  80
01CB:  BSF    03.5
01CC:  MOVWF  07
01CD:  BCF    03.5
01CE:  MOVWF  2F
....................    setup_timer_2( PRESCALER, PR2 , POSTSCALER ); 
01CF:  MOVLW  78
01D0:  MOVWF  78
01D1:  IORLW  06
01D2:  MOVWF  12
01D3:  MOVLW  4E
01D4:  BSF    03.5
01D5:  MOVWF  12
....................    enable_interrupts( INT_TIMER2 );  
01D6:  BSF    0C.1
....................    enable_interrupts(GLOBAL); 
01D7:  MOVLW  C0
01D8:  BCF    03.5
01D9:  IORWF  0B,F
....................     
.................... } 
01DA:  BSF    0A.3
01DB:  BCF    0A.4
01DC:  GOTO   026 (RETURN)
....................  
.................... void ServoWriteAngle(float x){ 
....................    unsigned int16 out; 
....................    out = (x - IN_MIN) * (OUT_MAX - OUT_MIN) / (IN_MAX - IN_MIN) + OUT_MIN; 
*
031E:  BSF    03.1
031F:  MOVF   38,W
0320:  MOVWF  42
0321:  MOVF   37,W
0322:  MOVWF  41
0323:  MOVF   36,W
0324:  MOVWF  40
0325:  MOVF   35,W
0326:  MOVWF  3F
0327:  CLRF   46
0328:  CLRF   45
0329:  CLRF   44
032A:  CLRF   43
032B:  CALL   1DD
032C:  MOVF   77,W
032D:  MOVWF  3B
032E:  MOVF   78,W
032F:  MOVWF  3C
0330:  MOVF   79,W
0331:  MOVWF  3D
0332:  MOVF   7A,W
0333:  MOVWF  3E
0334:  MOVF   3E,W
0335:  MOVWF  42
0336:  MOVF   3D,W
0337:  MOVWF  41
0338:  MOVF   3C,W
0339:  MOVWF  40
033A:  MOVF   3B,W
033B:  MOVWF  3F
033C:  CLRF   46
033D:  MOVLW  80
033E:  MOVWF  45
033F:  MOVLW  6D
0340:  MOVWF  44
0341:  MOVLW  89
0342:  MOVWF  43
*
03B7:  MOVF   77,W
03B8:  MOVWF  3B
03B9:  MOVF   78,W
03BA:  MOVWF  3C
03BB:  MOVF   79,W
03BC:  MOVWF  3D
03BD:  MOVF   7A,W
03BE:  MOVWF  3E
03BF:  MOVF   3E,W
03C0:  MOVWF  42
03C1:  MOVF   3D,W
03C2:  MOVWF  41
03C3:  MOVF   3C,W
03C4:  MOVWF  40
03C5:  MOVF   3B,W
03C6:  MOVWF  3F
03C7:  CLRF   46
03C8:  CLRF   45
03C9:  MOVLW  34
03CA:  MOVWF  44
03CB:  MOVLW  86
03CC:  MOVWF  43
*
0496:  MOVF   77,W
0497:  MOVWF  3B
0498:  MOVF   78,W
0499:  MOVWF  3C
049A:  MOVF   79,W
049B:  MOVWF  3D
049C:  MOVF   7A,W
049D:  MOVWF  3E
049E:  BCF    03.1
049F:  MOVF   3E,W
04A0:  MOVWF  42
04A1:  MOVF   3D,W
04A2:  MOVWF  41
04A3:  MOVF   3C,W
04A4:  MOVWF  40
04A5:  MOVF   3B,W
04A6:  MOVWF  3F
04A7:  CLRF   46
04A8:  CLRF   45
04A9:  MOVLW  2F
04AA:  MOVWF  44
04AB:  MOVLW  88
04AC:  MOVWF  43
04AD:  CALL   1DD
04AE:  MOVF   7A,W
04AF:  MOVWF  3E
04B0:  MOVF   79,W
04B1:  MOVWF  3D
04B2:  MOVF   78,W
04B3:  MOVWF  3C
04B4:  MOVF   77,W
04B5:  MOVWF  3B
*
04D4:  MOVF   79,W
04D5:  MOVWF  3A
04D6:  MOVF   78,W
04D7:  MOVWF  39
....................    angle = out; 
04D8:  MOVF   3A,W
04D9:  MOVWF  2E
04DA:  MOVF   39,W
04DB:  MOVWF  2D
.................... } 
04DC:  RETURN
....................  
.................... #include "..\library\ultrasonico.c" 
.................... #include "ultrasonico.h" 
.................... #ifndef  __ULTRASONICO__ 
.................... #define  __ULTRASONICO__ 
....................  
.................... /* 
....................  * LA DISTANCIA SE CALCULA POR LA SIGUIENTE FORMULA 
....................  *    2*DISTANCIA = ESPACIO*TIEMPO 
....................  *    2*DISTANCIA = (340m/s)*TIEMPO 
....................  *    DISTANCIA = 170m/s * TIEMPO 
....................  * 
....................  * EL TIEMPO SE CALCULA CON TIMER1 
....................  *    TIEMPO = 4*TOSC *VALORTIMER1*PRESCALER 
....................  *    TIEMPO = (4/4MHZ)*VALORTIMER1*8    
....................  *    TIEMPO = (8us)*(VALORTIMER1) 
....................  * 
....................  *    ENTONCES LA ECUACION QUEDA: 
....................  *     
....................  *    DISTANCIA = (170m/s)*(8us)*(VALORTIMER1) 
....................  *    DISTANCIA = (170m/s)*(8us)*(VALORTIMER1) 
....................  *    DISTANCIA = (0.136)*(VALORTIMER1) cm 
....................  * 
....................  **/ 
.................... #define  TRIG1 PIN_C1 
.................... #define  ECHO1 PIN_C0 
....................  
.................... void  init_ultrasonico(); 
.................... int16 read_ultrasonico(); 
.................... float calcular_distancia(unsigned int16 tiempo); 
....................  
.................... #endif 
....................  
....................  
.................... void init_ultrasonico(){ 
....................  
....................    set_tris_c(0b00000001); 
....................  
....................    output_low(TRIG1); 
....................     
....................    setup_timer_1(T1_INTERNAL|T1_DIV_BY_8);    
.................... } 
....................  
.................... unsigned int16 read_time_ultrasonico(){ 
....................    unsigned int16 time; 
....................    output_high(TRIG1);                   
....................    delay_us(20);                       
....................    output_low(TRIG1); 
....................    while(!input(ECHO1))  {} 
....................    set_timer1(0);                         
....................    while(input(ECHO1))   { 
....................       time=get_timer1();   
....................       if(time > 3000){ 
....................          time = 3000; 
....................          set_timer1(0);  
....................          break; 
....................       } 
....................    } 
....................    set_timer1(0);   
....................    return time; 
.................... } 
....................  
.................... float calcular_distancia(unsigned int16 tiempo){ 
....................    float distancia; 
....................    distancia = tiempo * 0.136 * 1.05; 
....................    return distancia; 
....................  
.................... } 
....................  
....................  
....................  
.................... // Clase4 
.................... // PWM 
.................... // ADC 
.................... // Clase5 
.................... // UART 
.................... //  
....................  
....................  
.................... void main(){ 
*
00B8:  DATA 00,00
*
0800:  CLRF   04
0801:  BCF    03.7
0802:  MOVLW  1F
0803:  ANDWF  03,F
0804:  MOVLW  19
0805:  BSF    03.5
0806:  MOVWF  19
0807:  MOVLW  A6
0808:  MOVWF  18
0809:  MOVLW  90
080A:  BCF    03.5
080B:  MOVWF  18
080C:  CLRF   2C
080D:  CLRF   2B
080E:  CLRF   2E
080F:  CLRF   2D
0810:  MOVLW  FF
0811:  MOVWF  2F
0812:  BSF    03.5
0813:  BSF    1F.0
0814:  BSF    1F.1
0815:  BSF    1F.2
0816:  BCF    1F.3
0817:  MOVLW  07
0818:  MOVWF  1C
....................    char tecla; 
....................    lcd_init(); 
*
081E:  BCF    0A.3
081F:  GOTO   186
0820:  BSF    0A.3
....................    kbd_init(); 
0821:  BCF    0A.3
0822:  GOTO   1C7
0823:  BSF    0A.3
....................    servomotor_init(); 
0824:  BCF    0A.3
0825:  GOTO   1CA
0826:  BSF    0A.3
....................    ServoWriteAngle(0); 
0827:  CLRF   38
0828:  CLRF   37
0829:  CLRF   36
082A:  CLRF   35
082B:  BCF    0A.3
082C:  CALL   31E
082D:  BSF    0A.3
....................     
....................    port_b_pullups(true); 
082E:  BSF    03.5
082F:  BCF    01.7
....................    lcd_putc('\f'); 
0830:  MOVLW  0C
0831:  BCF    03.5
0832:  MOVWF  3A
0833:  BCF    0A.3
0834:  CALL   4EF
0835:  BSF    0A.3
....................    printf(lcd_putc,"LABOTEC"); 
0836:  MOVLW  7E
0837:  BSF    03.6
0838:  MOVWF  0D
0839:  MOVLW  00
083A:  MOVWF  0F
083B:  BCF    0A.3
083C:  BCF    03.6
083D:  GOTO   51C
083E:  BSF    0A.3
....................    printf("LABOTEC\r\n"); 
083F:  MOVLW  82
0840:  BSF    03.6
0841:  MOVWF  0D
0842:  MOVLW  00
0843:  MOVWF  0F
0844:  BCF    0A.3
0845:  BCF    03.6
0846:  GOTO   564
0847:  BSF    0A.3
....................    for(;;){ 
....................     
....................       tecla = kbd_getc(); 
0848:  BCF    0A.3
0849:  GOTO   5AE
084A:  BSF    0A.3
084B:  MOVF   78,W
084C:  MOVWF  30
....................        
....................       if(tecla!=0){ 
084D:  MOVF   30,F
084E:  BTFSC  03.2
084F:  GOTO   1A6
....................          lcd_putc('\f'); 
0850:  MOVLW  0C
0851:  MOVWF  3A
0852:  BCF    0A.3
0853:  CALL   4EF
0854:  BSF    0A.3
....................          lcd_gotoxy(1,1); 
0855:  MOVLW  01
0856:  MOVWF  3B
0857:  MOVWF  3C
0858:  BCF    0A.3
0859:  CALL   4DD
085A:  BSF    0A.3
....................          printf(lcd_putc,"tecla:%c",tecla); 
085B:  MOVLW  87
085C:  BSF    03.6
085D:  MOVWF  0D
085E:  MOVLW  00
085F:  MOVWF  0F
0860:  BCF    03.0
0861:  MOVLW  06
0862:  BCF    03.6
0863:  MOVWF  31
0864:  BCF    0A.3
0865:  CALL   620
0866:  BSF    0A.3
0867:  MOVF   30,W
0868:  MOVWF  3A
0869:  BCF    0A.3
086A:  CALL   4EF
086B:  BSF    0A.3
....................          printf("tecla:%c\r\n",tecla); 
086C:  MOVLW  8C
086D:  BSF    03.6
086E:  MOVWF  0D
086F:  MOVLW  00
0870:  MOVWF  0F
0871:  BCF    03.0
0872:  MOVLW  06
0873:  BCF    03.6
0874:  MOVWF  31
0875:  BCF    0A.3
0876:  CALL   66F
0877:  BSF    0A.3
0878:  MOVF   30,W
0879:  BTFSS  0C.4
087A:  GOTO   079
087B:  MOVWF  19
087C:  MOVLW  0D
087D:  BTFSS  0C.4
087E:  GOTO   07D
087F:  MOVWF  19
0880:  MOVLW  0A
0881:  BTFSS  0C.4
0882:  GOTO   081
0883:  MOVWF  19
....................           
....................          if(tecla == 'A'){ 
0884:  MOVF   30,W
0885:  SUBLW  41
0886:  BTFSS  03.2
0887:  GOTO   0DD
....................             i++; 
0888:  INCF   2B,F
0889:  BTFSC  03.2
088A:  INCF   2C,F
....................             ServoWriteAngle(i); 
088B:  MOVF   2C,W
088C:  MOVWF  32
088D:  MOVF   2B,W
088E:  MOVWF  31
088F:  BCF    0A.3
0890:  CALL   6C0
0891:  BSF    0A.3
0892:  MOVF   77,W
0893:  MOVWF  31
0894:  MOVF   78,W
0895:  MOVWF  32
0896:  MOVF   79,W
0897:  MOVWF  33
0898:  MOVF   7A,W
0899:  MOVWF  34
089A:  MOVWF  38
089B:  MOVF   33,W
089C:  MOVWF  37
089D:  MOVF   32,W
089E:  MOVWF  36
089F:  MOVF   31,W
08A0:  MOVWF  35
08A1:  BCF    0A.3
08A2:  CALL   31E
08A3:  BSF    0A.3
....................             lcd_gotoxy(1,2); 
08A4:  MOVLW  01
08A5:  MOVWF  3B
08A6:  MOVLW  02
08A7:  MOVWF  3C
08A8:  BCF    0A.3
08A9:  CALL   4DD
08AA:  BSF    0A.3
....................             printf(lcd_putc,"Angulo:%Lu",angle); 
08AB:  MOVLW  92
08AC:  BSF    03.6
08AD:  MOVWF  0D
08AE:  MOVLW  00
08AF:  MOVWF  0F
08B0:  BCF    03.0
08B1:  MOVLW  07
08B2:  BCF    03.6
08B3:  MOVWF  31
08B4:  BCF    0A.3
08B5:  CALL   620
08B6:  BSF    0A.3
08B7:  MOVLW  10
08B8:  MOVWF  04
08B9:  MOVF   2E,W
08BA:  MOVWF  32
08BB:  MOVF   2D,W
08BC:  MOVWF  31
08BD:  BCF    0A.3
08BE:  CALL   6DD
08BF:  BSF    0A.3
....................             printf("Angulo:%Lu\r\n",angle); 
08C0:  MOVLW  98
08C1:  BSF    03.6
08C2:  MOVWF  0D
08C3:  MOVLW  00
08C4:  MOVWF  0F
08C5:  BCF    03.0
08C6:  MOVLW  07
08C7:  BCF    03.6
08C8:  MOVWF  31
08C9:  BCF    0A.3
08CA:  CALL   66F
08CB:  BSF    0A.3
08CC:  MOVLW  10
08CD:  MOVWF  04
08CE:  MOVF   2E,W
08CF:  MOVWF  32
08D0:  MOVF   2D,W
08D1:  MOVWF  31
08D2:  BCF    0A.3
08D3:  CALL   740
08D4:  BSF    0A.3
08D5:  MOVLW  0D
08D6:  BTFSS  0C.4
08D7:  GOTO   0D6
08D8:  MOVWF  19
08D9:  MOVLW  0A
08DA:  BTFSS  0C.4
08DB:  GOTO   0DA
08DC:  MOVWF  19
....................          } 
....................          if(tecla == 'B'){ 
08DD:  MOVF   30,W
08DE:  SUBLW  42
08DF:  BTFSS  03.2
08E0:  GOTO   137
....................             i--; 
08E1:  MOVF   2B,W
08E2:  BTFSC  03.2
08E3:  DECF   2C,F
08E4:  DECF   2B,F
....................             ServoWriteAngle(i); 
08E5:  MOVF   2C,W
08E6:  MOVWF  32
08E7:  MOVF   2B,W
08E8:  MOVWF  31
08E9:  BCF    0A.3
08EA:  CALL   6C0
08EB:  BSF    0A.3
08EC:  MOVF   77,W
08ED:  MOVWF  31
08EE:  MOVF   78,W
08EF:  MOVWF  32
08F0:  MOVF   79,W
08F1:  MOVWF  33
08F2:  MOVF   7A,W
08F3:  MOVWF  34
08F4:  MOVWF  38
08F5:  MOVF   33,W
08F6:  MOVWF  37
08F7:  MOVF   32,W
08F8:  MOVWF  36
08F9:  MOVF   31,W
08FA:  MOVWF  35
08FB:  BCF    0A.3
08FC:  CALL   31E
08FD:  BSF    0A.3
....................             lcd_gotoxy(1,2); 
08FE:  MOVLW  01
08FF:  MOVWF  3B
0900:  MOVLW  02
0901:  MOVWF  3C
0902:  BCF    0A.3
0903:  CALL   4DD
0904:  BSF    0A.3
....................             printf(lcd_putc,"Angulo:%Lu",angle); 
0905:  MOVLW  9F
0906:  BSF    03.6
0907:  MOVWF  0D
0908:  MOVLW  00
0909:  MOVWF  0F
090A:  BCF    03.0
090B:  MOVLW  07
090C:  BCF    03.6
090D:  MOVWF  31
090E:  BCF    0A.3
090F:  CALL   620
0910:  BSF    0A.3
0911:  MOVLW  10
0912:  MOVWF  04
0913:  MOVF   2E,W
0914:  MOVWF  32
0915:  MOVF   2D,W
0916:  MOVWF  31
0917:  BCF    0A.3
0918:  CALL   6DD
0919:  BSF    0A.3
....................             printf("Angulo:%Lu\r\n",angle); 
091A:  MOVLW  A5
091B:  BSF    03.6
091C:  MOVWF  0D
091D:  MOVLW  00
091E:  MOVWF  0F
091F:  BCF    03.0
0920:  MOVLW  07
0921:  BCF    03.6
0922:  MOVWF  31
0923:  BCF    0A.3
0924:  CALL   66F
0925:  BSF    0A.3
0926:  MOVLW  10
0927:  MOVWF  04
0928:  MOVF   2E,W
0929:  MOVWF  32
092A:  MOVF   2D,W
092B:  MOVWF  31
092C:  BCF    0A.3
092D:  CALL   740
092E:  BSF    0A.3
092F:  MOVLW  0D
0930:  BTFSS  0C.4
0931:  GOTO   130
0932:  MOVWF  19
0933:  MOVLW  0A
0934:  BTFSS  0C.4
0935:  GOTO   134
0936:  MOVWF  19
....................          } 
....................          if(tecla == 'C'){ 
0937:  MOVF   30,W
0938:  SUBLW  43
0939:  BTFSS  03.2
093A:  GOTO   1A6
....................             for(i = 0;i<=180;i++){ 
093B:  CLRF   2C
093C:  CLRF   2B
093D:  MOVF   2C,F
093E:  BTFSS  03.2
093F:  GOTO   1A4
0940:  MOVF   2B,W
0941:  SUBLW  B4
0942:  BTFSS  03.0
0943:  GOTO   1A4
....................                ServoWriteAngle(i); 
0944:  MOVF   2C,W
0945:  MOVWF  32
0946:  MOVF   2B,W
0947:  MOVWF  31
0948:  BCF    0A.3
0949:  CALL   6C0
094A:  BSF    0A.3
094B:  MOVF   77,W
094C:  MOVWF  31
094D:  MOVF   78,W
094E:  MOVWF  32
094F:  MOVF   79,W
0950:  MOVWF  33
0951:  MOVF   7A,W
0952:  MOVWF  34
0953:  MOVWF  38
0954:  MOVF   33,W
0955:  MOVWF  37
0956:  MOVF   32,W
0957:  MOVWF  36
0958:  MOVF   31,W
0959:  MOVWF  35
095A:  BCF    0A.3
095B:  CALL   31E
095C:  BSF    0A.3
....................                lcd_gotoxy(1,2); 
095D:  MOVLW  01
095E:  MOVWF  3B
095F:  MOVLW  02
0960:  MOVWF  3C
0961:  BCF    0A.3
0962:  CALL   4DD
0963:  BSF    0A.3
....................                printf(lcd_putc,"Angulo:%Lu",angle); 
0964:  MOVLW  AC
0965:  BSF    03.6
0966:  MOVWF  0D
0967:  MOVLW  00
0968:  MOVWF  0F
0969:  BCF    03.0
096A:  MOVLW  07
096B:  BCF    03.6
096C:  MOVWF  31
096D:  BCF    0A.3
096E:  CALL   620
096F:  BSF    0A.3
0970:  MOVLW  10
0971:  MOVWF  04
0972:  MOVF   2E,W
0973:  MOVWF  32
0974:  MOVF   2D,W
0975:  MOVWF  31
0976:  BCF    0A.3
0977:  CALL   6DD
0978:  BSF    0A.3
....................                printf("Angulo:%Lu\r\n",angle); 
0979:  MOVLW  B2
097A:  BSF    03.6
097B:  MOVWF  0D
097C:  MOVLW  00
097D:  MOVWF  0F
097E:  BCF    03.0
097F:  MOVLW  07
0980:  BCF    03.6
0981:  MOVWF  31
0982:  BCF    0A.3
0983:  CALL   66F
0984:  BSF    0A.3
0985:  MOVLW  10
0986:  MOVWF  04
0987:  MOVF   2E,W
0988:  MOVWF  32
0989:  MOVF   2D,W
098A:  MOVWF  31
098B:  BCF    0A.3
098C:  CALL   740
098D:  BSF    0A.3
098E:  MOVLW  0D
098F:  BTFSS  0C.4
0990:  GOTO   18F
0991:  MOVWF  19
0992:  MOVLW  0A
0993:  BTFSS  0C.4
0994:  GOTO   193
0995:  MOVWF  19
....................                delay_ms(10); 
0996:  MOVLW  0A
0997:  MOVWF  3B
0998:  BCF    0A.3
0999:  CALL   0B9
099A:  BSF    0A.3
....................                lcd_putc('\f'); 
099B:  MOVLW  0C
099C:  MOVWF  3A
099D:  BCF    0A.3
099E:  CALL   4EF
099F:  BSF    0A.3
....................             } 
09A0:  INCF   2B,F
09A1:  BTFSC  03.2
09A2:  INCF   2C,F
09A3:  GOTO   13D
....................             i=0; 
09A4:  CLRF   2C
09A5:  CLRF   2B
....................          } 
....................           
....................       } 
....................       
....................    } 
09A6:  GOTO   048
.................... } 
09A7:  SLEEP

Configuration Fuses:
   Word  1: 3F71   XT NOWDT PUT BROWNOUT NOLVP NOCPD NOWRT NODEBUG NOPROTECT
