
ROM used: 273 (3%)
          273 (3%) including unused fragments

          1 Average locations per line
          4 Average locations per statement

RAM used: 9 (2%) at main() level
          19 (5%) worst case

Stack used: 4 worst case (out of 8 total available)

Lines Stmts  %   Files
----- ----- ---  -----
   24    11  15  Ejemplo3.c
  313     0   0  C:\Program Files\PICC\devices\16f877a.h
  180    63  85  C:\Program Files\PICC\drivers\lcd.c
----- -----
  517    74 Total

Page ROM  %  RAM   Vol Diff  Functions:
---- --- --- ---   --- ----  ----------
0     21   8   1             @delay_ms1
0      8   3   0             @const55
 Inline        3   463  4.3  lcd_read_byte
0     12   4   1   134  2.2  lcd_send_nibble
0     58  21   3   317  4.3  lcd_send_byte
0     44  16   2   422  4.7  lcd_init
0     18   7   4   186  5.5  lcd_gotoxy
0     37  14   1   272  4.1  lcd_putc
0     59  22   3   346  4.1  MAIN
0     12   4   0             @const85

Program metrics:
    Functions               7
    Statements              74
    Comments                126
    Volume (V)              3262
    Difficilty (D)          28.7
    Effort to implement (E) 93526
    Time to implement (T)   1 hours, 27 minutes
    Est Delivered Bugs (B)  1
    Cyclomatic Complexity   9
    Maintainability (MI)    115

 Segment     Used  Free
-----------  ----  ----
00000-00003     4  0  
00004-007FF   269  1775  
00800-00FFF     0  2048  
01000-017FF     0  2048  
01800-01FFF     0  2048  



