
ROM used: 60 (1%)
          60 (1%) including unused fragments

          0 Average locations per line
          9 Average locations per statement

RAM used: 7 (2%) at main() level
          8 (2%) worst case

Stack used: 1 worst case (out of 8 total available)

Lines Stmts  %   Files
----- ----- ---  -----
   22     7 100  ejemplo1.c
  313     0   0  C:\Program Files (x86)\PICC\devices\16f877a.h
----- -----
  335     7 Total

Page ROM  %  RAM   Vol Diff  Functions:
---- --- --- ---   --- ----  ----------
0     23  38   1             @delay_ms1
0     33  55   1   114  1.7  main

Program metrics:
    Functions               1
    Statements              7
    Comments                75
    Volume (V)              117
    Difficilty (D)          1.6
    Effort to implement (E) 183
    Time to implement (T)   0 minutes
    Est Delivered Bugs (B)  0
    Cyclomatic Complexity   1
    Maintainability (MI)    152

 Segment     Used  Free
-----------  ----  ----
00000-00003     4  0  
00004-007FF    56  1988  
00800-00FFF     0  2048  
01000-017FF     0  2048  
01800-01FFF     0  2048  



