CCS PCM C Compiler, Version 4.057, 15433               07-Nov.-16 22:31

               Filename: D:\LaboTEC\Cursos\Curso_PIC\Modulo_1\Clase1\Ejemplos\Ejemplo1\ejemplo1.lst

               ROM used: 60 words (1%)
                         Largest free fragment is 2048
               RAM used: 7 (2%) at main() level
                         8 (2%) worst case
               Stack:    1 locations

*
0000:  MOVLW  00
0001:  MOVWF  0A
0002:  GOTO   01B
0003:  NOP
.................... #include <16f877a.h>     
.................... //////// Standard Header file for the PIC16F877A device //////////////// 
.................... #device PIC16F877A 
.................... #list 
....................  
.................... #use delay(clock=4Mhz)  
0004:  MOVLW  22
0005:  MOVWF  04
0006:  BCF    03.7
0007:  MOVF   00,W
0008:  BTFSC  03.2
0009:  GOTO   018
000A:  MOVLW  01
000B:  MOVWF  78
000C:  CLRF   77
000D:  DECFSZ 77,F
000E:  GOTO   00D
000F:  DECFSZ 78,F
0010:  GOTO   00C
0011:  MOVLW  4A
0012:  MOVWF  77
0013:  DECFSZ 77,F
0014:  GOTO   013
0015:  GOTO   016
0016:  DECFSZ 00,F
0017:  GOTO   00A
0018:  BCF    0A.3
0019:  BCF    0A.4
001A:  GOTO   034 (RETURN)
....................  
.................... void main(void){         
001B:  CLRF   04
001C:  BCF    03.7
001D:  MOVLW  1F
001E:  ANDWF  03,F
001F:  BSF    03.5
0020:  BSF    1F.0
0021:  BSF    1F.1
0022:  BSF    1F.2
0023:  BCF    1F.3
0024:  MOVLW  07
0025:  MOVWF  1C
....................  
....................    set_tris_b(0x00);     
0026:  MOVLW  00
0027:  MOVWF  06
....................    output_b(0);          
0028:  CLRF   06
0029:  BCF    03.5
002A:  CLRF   06
....................      
....................    for(;;){ 
....................       output_high(PIN_B7);  
002B:  BSF    03.5
002C:  BCF    06.7
002D:  BCF    03.5
002E:  BSF    06.7
....................       delay_ms(500);        
002F:  MOVLW  02
0030:  MOVWF  21
0031:  MOVLW  FA
0032:  MOVWF  22
0033:  GOTO   004
0034:  DECFSZ 21,F
0035:  GOTO   031
....................       output_low(PIN_B7);  
0036:  BSF    03.5
0037:  BCF    06.7
0038:  BCF    03.5
0039:  BCF    06.7
....................    } 
003A:  GOTO   02B
.................... } 
....................  
....................  
....................  
....................  
....................  
....................  
....................  
003B:  SLEEP

Configuration Fuses:
   Word  1: 3F73   RC NOWDT PUT NODEBUG NOPROTECT BROWNOUT NOLVP NOCPD NOWRT
