
ROM used: 402 (5%)
          402 (5%) including unused fragments

          1 Average locations per line
          6 Average locations per statement

RAM used: 9 (2%) at main() level
          28 (8%) worst case

Stack used: 5 worst case (out of 8 total available)

Lines Stmts  %   Files
----- ----- ---  -----
   22    10  14  Ejemplo2.c
  313     0   0  C:\Program Files\PICC\devices\16f877a.h
  180    63  86  C:\Program Files\PICC\drivers\lcd.c
----- -----
  515    73 Total

Page ROM  %  RAM   Vol Diff  Functions:
---- --- --- ---   --- ----  ----------
0     21   5   1             @delay_ms1
0      8   2   0             @const55
 Inline        3   463  4.3  lcd_read_byte
0     12   3   1   134  2.2  lcd_send_nibble
0     58  14   3   317  4.3  lcd_send_byte
0     44  11   2   422  4.7  lcd_init
0     18   4   4   186  5.5  lcd_gotoxy
0     37   9   1   272  4.1  lcd_putc
0     70  17   3   292  3.6  MAIN
0     13   3   0             @const84
0     16   4   0             @const85
0    101  25   9             @PRINTF_LU_75

Program metrics:
    Functions               7
    Statements              73
    Comments                126
    Volume (V)              3191
    Difficilty (D)          27.9
    Effort to implement (E) 88961
    Time to implement (T)   1 hours, 22 minutes
    Est Delivered Bugs (B)  1
    Cyclomatic Complexity   9
    Maintainability (MI)    115

 Segment     Used  Free
-----------  ----  ----
00000-00003     4  0  
00004-007FF   398  1646  
00800-00FFF     0  2048  
01000-017FF     0  2048  
01800-01FFF     0  2048  



