
ROM used: 245 (3%)
          245 (3%) including unused fragments

          0 Average locations per line
          4 Average locations per statement

RAM used: 7 (2%) at main() level
          17 (5%) worst case

Stack used: 3 worst case (out of 8 total available)

Lines Stmts  %   Files
----- ----- ---  -----
   17     4   6  Ejemplo1.c
  313     0   0  C:\Program Files\PICC\devices\16f877a.h
  180    63  94  C:\Program Files\PICC\drivers\lcd.c
----- -----
  510    67 Total

Page ROM  %  RAM   Vol Diff  Functions:
---- --- --- ---   --- ----  ----------
0     21   9   1             @delay_ms1
0      8   3   0             @const55
 Inline        3   463  4.3  lcd_read_byte
0     12   5   1   134  2.2  lcd_send_nibble
0     58  24   3   317  4.3  lcd_send_byte
0     44  18   2   422  4.7  lcd_init
 Inline        4   186  5.5  lcd_gotoxy
0     55  22   1   272  4.1  lcd_putc
0     26  11   1    61  1.8  MAIN
0     17   7   0             @const83

Program metrics:
    Functions               7
    Statements              67
    Comments                126
    Volume (V)              2818
    Difficilty (D)          26.7
    Effort to implement (E) 75210
    Time to implement (T)   1 hours, 10 minutes
    Est Delivered Bugs (B)  1
    Cyclomatic Complexity   8
    Maintainability (MI)    117

 Segment     Used  Free
-----------  ----  ----
00000-00003     4  0  
00004-007FF   241  1803  
00800-00FFF     0  2048  
01000-017FF     0  2048  
01800-01FFF     0  2048  



