
ROM used: 475 (6%)
          475 (6%) including unused fragments

          1 Average locations per line
          8 Average locations per statement

RAM used: 15 (4%) at main() level
          17 (5%) worst case

Stack used: 2 worst case (out of 8 total available)

Lines Stmts  %   Files
----- ----- ---  -----
   58    57 100  Ejemplo3.c
  330     0   0  C:\Program Files (x86)\PICC\devices\16f877a.h
----- -----
  388    57 Total

Page ROM  %  RAM   Vol Diff  Functions:
---- --- --- ---   --- ----  ----------
0     21   4   1             @delay_ms1
0      8   2   0    20  1.3  RDA_isr
0    299  63   1  1436  2.9  MAIN
0      6   1   0             @const74
0     72  15   3             @PSTRINGC7_9600_62_63
0      4   1   0             @const76
0      5   1   0             @const77
0      6   1   0             @const78
0      5   1   0             @const79

Program metrics:
    Functions               2
    Statements              57
    Comments                76
    Volume (V)              1522
    Difficilty (D)          4.5
    Effort to implement (E) 6857
    Time to implement (T)   6 minutes
    Est Delivered Bugs (B)  0
    Cyclomatic Complexity   6
    Maintainability (MI)    75

 Segment     Used  Free
-----------  ----  ----
00000-00003     4  0  
00004-00030    45  0  
00031-007FF   426  1573  
00800-00FFF     0  2048  
01000-017FF     0  2048  
01800-01FFF     0  2048  



