
ROM used: 855 (10%)
          855 (10%) including unused fragments

          2 Average locations per line
          31 Average locations per statement

RAM used: 15 (4%) at main() level
          41 (11%) worst case

Stack used: 2 worst case (out of 8 total available)

Lines Stmts  %   Files
----- ----- ---  -----
   25     7  25  main.c
  313     0   0  C:\Program Files (x86)\PICC\devices\16f877a.h
   39    21  75  ultrasonico.c
   30     0   0  ultrasonico.h
----- -----
  407    28 Total

Page ROM  %  RAM   Vol Diff  Functions:
---- --- --- ---   --- ----  ----------
0     23   3   1             @delay_ms1
0     16   2   0    59  1.6  init_ultrasonico
0     73   9   2   331  4.6  read_time_ultrasonico
0     91  11  10    79  2.5  calcular_distancia
 Inline        2             @ITOF
0    117  14  13             @MULFF
0    103  12   8   200  2.6  MAIN
0     34   4   0             @const68
0     91  11   9             @PRINTF_LU_9600_62_63
 Inline        5             @FTOSD
0     66   8  13             @DIV3232
0    237  28  13             @PRINTF_L32D_9600_62_63FPFPF

Program metrics:
    Functions               4
    Statements              28
    Comments                93
    Volume (V)              938
    Difficilty (D)          10.2
    Effort to implement (E) 9537
    Time to implement (T)   9 minutes
    Est Delivered Bugs (B)  0
    Cyclomatic Complexity   2
    Maintainability (MI)    157

 Segment     Used  Free
-----------  ----  ----
00000-00003     4  0  
00004-007FF   851  1193  
00800-00FFF     0  2048  
01000-017FF     0  2048  
01800-01FFF     0  2048  



