
ROM used: 1381 (17%)
          1381 (17%) including unused fragments

          2 Average locations per line
          13 Average locations per statement

RAM used: 15 (4%) at main() level
          37 (10%) worst case

Stack used: 5 worst case (out of 8 total available)

Lines Stmts  %   Files
----- ----- ---  -----
   37    15  14  Ejemplo2.c
  330     0   0  C:\Program Files (x86)\PICC\devices\16f877a.h
  411    91  86  C:\Program Files (x86)\PICC\drivers\lcd.c
----- -----
  778   106 Total

Page ROM  %  RAM   Vol Diff  Functions:
---- --- --- ---   --- ----  ----------
0     21   2   1             @delay_ms1
0      8   1   0    20  1.3  @const73
 Inline        3   751  4.5  lcd_read_byte
0     49   4   2   254  3.7  lcd_read_nibble
0     43   3   1   391  2.4  lcd_send_nibble
0     92   7   3   402  3.6  lcd_send_byte
0     65   5   2   754  5.0  lcd_init
0     18   1   4   191  5.8  lcd_gotoxy
0     45   3   1   354  4.7  lcd_putc
0    163  12  10   480  3.6  MAIN
0     23   2   5     3  0.0  @MUL1616
0     31   2   2  5876 10.0  @ITOF
0    204  15  14             @DIVFF
0    117   8  13   145  3.1  @MULFF
0      8   1   0    69  1.6  @const112
0     79   6   4   388  2.2  @PSTRINGCN7_91
0    101   7   9   937  5.3  @PRINTF_LU_91
0      5   0   0             @const117
 Inline        5             @FTOSD
0     79   6  13             @DIV3232
0    226  16  13             @PRINTF_L32D_91FPFPF

Program metrics:
    Functions               15
    Statements              106
    Comments                164
    Volume (V)              15850
    Difficilty (D)          58.1
    Effort to implement (E) 920678
    Time to implement (T)   14 hours, 12 minutes
    Est Delivered Bugs (B)  3
    Cyclomatic Complexity   28
    Maintainability (MI)    57

 Segment     Used  Free
-----------  ----  ----
00000-00003     4  0  
00004-007FF  1377  667  
00800-00FFF     0  2048  
01000-017FF     0  2048  
01800-01FFF     0  2048  



