
ROM used: 1105 (13%)
          1105 (13%) including unused fragments

          1 Average locations per line
          7 Average locations per statement

RAM used: 17 (5%) at main() level
          42 (11%) worst case

Stack used: 5 worst case (out of 8 total available)

Lines Stmts  %   Files
----- ----- ---  -----
   31     9   5  main.c
  330     0   0  ..\..\..\..\..\Program Files\PICC\devices\16f877a.h
  411    91  55  ..\..\..\..\..\Program Files\PICC\drivers\lcd.c
  165    43  26  ..\_Library\keypad.c
   39    21  13  ..\_Library\ultrasound.c
   30     0   0  ..\_Library\ultrasound.h
----- -----
 1006   164 Total

Page ROM  %  RAM   Vol Diff  Functions:
---- --- --- ---   --- ----  ----------
0     21   2   1             @delay_ms1
0      8   1   0             @const73
 Inline        3   751  4.5  lcd_read_byte
0     49   4   2   254  3.7  lcd_read_nibble
0     43   4   1   391  2.4  lcd_send_nibble
0     92   8   3   402  3.6  lcd_send_byte
0     65   6   2   754  5.0  lcd_init
0     18   2   4   191  5.8  lcd_gotoxy
0     45   4   1   354  4.7  lcd_putc
0     16   1   0    59  1.6  init_ultrasonico
0     73   7   2   331  4.6  read_time_ultrasonico
0     91   8  10    79  2.5  calcular_distancia
 Inline        2             @ITOF
0    117  11  13             @MULFF
0     73   7   7   228  2.6  MAIN
0      4   0   0             @const127
0     81   7   4             @PSTRINGCN7_91
 Inline        5             @FTOSD
0     79   7  13             @DIV3232
0    226  20  13             @PRINTF_L32D_91FPFPF

Program metrics:
    Functions               11
    Statements              164
    Comments                239
    Volume (V)              6082
    Difficilty (D)          40.2
    Effort to implement (E) 244304
    Time to implement (T)   3 hours, 46 minutes
    Est Delivered Bugs (B)  1
    Cyclomatic Complexity   10
    Maintainability (MI)    134

 Segment     Used  Free
-----------  ----  ----
00000-00003     4  0  
00004-007FF  1101  943  
00800-00FFF     0  2048  
01000-017FF     0  2048  
01800-01FFF     0  2048  



