
ROM used: 223 (3%)
          223 (3%) including unused fragments

          1 Average locations per line
          16 Average locations per statement

RAM used: 20 (5%) at main() level
          26 (7%) worst case

Stack used: 3 worst case (out of 6 total available)

Lines Stmts  %   Files
----- ----- ---  -----
   18     6  43  main.c
  313     0   0  C:\Program Files (x86)\PICC\devices\16f877a.h
   21     8  57  servomotor.c
   22     0   0  servomotor.h
----- -----
  374    14 Total

Page ROM  %  RAM   Vol Diff  Functions:
---- --- --- ---   --- ----  ----------
0     23  10   1             @delay_ms1
0     20   9   1             @delay_us1
0     65  29   1    92  2.5  TMR2_isr
 Inline        5             @MUL1616
0     19   9   0    88  1.7  init_servomotor
0     43  19   1   110  2.8  MAIN

Program metrics:
    Functions               3
    Statements              14
    Comments                88
    Volume (V)              409
    Difficilty (D)          6.4
    Effort to implement (E) 2628
    Time to implement (T)   2 minutes
    Est Delivered Bugs (B)  0
    Cyclomatic Complexity   2
    Maintainability (MI)    163

 Segment     Used  Free
-----------  ----  ----
00000-00003     4  0  
00004-00034    49  0  
00035-007FF   170  1825  
00800-00FFF     0  2048  
01000-017FF     0  2048  
01800-01FFF     0  2048  



