
ROM used: 315 (4%)
          315 (4%) including unused fragments

          1 Average locations per line
          4 Average locations per statement

RAM used: 6 (2%) at main() level
          16 (4%) worst case

Stack used: 3 worst case (out of 8 total available)

Lines Stmts  %   Files
----- ----- ---  -----
   29    25  28  Ejemplo4.c
  313     0   0  C:\Program Files\PICC\devices\16f877a.h
  180    63  72  C:\Program Files\PICC\drivers\lcd.c
----- -----
  522    88 Total

Page ROM  %  RAM   Vol Diff  Functions:
---- --- --- ---   --- ----  ----------
0     21   7   1             @delay_ms1
0      8   3   0             @const55
 Inline        3   463  4.3  lcd_read_byte
0     12   4   1   134  2.2  lcd_send_nibble
0     58  18   3   317  4.3  lcd_send_byte
0     44  14   2   422  4.7  lcd_init
 Inline        4   186  5.5  lcd_gotoxy
0     53  17   1   272  4.1  lcd_putc
0     91  29   0   658  1.9  nuevo_caracter
0     24   8   0   102  1.6  MAIN

Program metrics:
    Functions               8
    Statements              88
    Comments                128
    Volume (V)              3926
    Difficilty (D)          28.6
    Effort to implement (E) 112145
    Time to implement (T)   1 hours, 44 minutes
    Est Delivered Bugs (B)  1
    Cyclomatic Complexity   8
    Maintainability (MI)    95

 Segment     Used  Free
-----------  ----  ----
00000-00003     4  0  
00004-007FF   311  1733  
00800-00FFF     0  2048  
01000-017FF     0  2048  
01800-01FFF     0  2048  



