
ROM used: 305 (4%)
          305 (4%) including unused fragments

          1 Average locations per line
          28 Average locations per statement

RAM used: 9 (2%) at main() level
          18 (5%) worst case

Stack used: 1 worst case (out of 8 total available)

Lines Stmts  %   Files
----- ----- ---  -----
   28    11 100  Ejemplo2.c
  330     0   0  C:\Program Files\PICC\devices\16f877a.h
----- -----
  358    11 Total

Page ROM  %  RAM   Vol Diff  Functions:
---- --- --- ---   --- ----  ----------
0    120  39   4   270  2.7  main
0      9   3   0             @const73
0     89  29   9             @PRINTF_LU_9600_62_63
0     83  27   4             @PSTRINGCN7_9600_62_63

Program metrics:
    Functions               1
    Statements              11
    Comments                76
    Volume (V)              277
    Difficilty (D)          2.4
    Effort to implement (E) 659
    Time to implement (T)   1 minutes
    Est Delivered Bugs (B)  0
    Cyclomatic Complexity   1
    Maintainability (MI)    143

 Segment     Used  Free
-----------  ----  ----
00000-00003     4  0  
00004-007FF   301  1743  
00800-00FFF     0  2048  
01000-017FF     0  2048  
01800-01FFF     0  2048  



