
ROM used: 1694 (21%)
          1694 (21%) including unused fragments

          2 Average locations per line
          14 Average locations per statement

RAM used: 29 (8%) at main() level
          57 (15%) worst case

Stack used: 7 worst case (out of 8 total available)

Lines Stmts  %   Files
----- ----- ---  -----
   49    19  16  Ejemplo3.c
  330     0   0  C:\Program Files (x86)\PICC\devices\16f877a.h
  411    91  76  C:\Program Files (x86)\PICC\drivers\lcd.c
   26     9   8  servomotor.c
   30     0   0  servomotor.h
----- -----
  846   119 Total

Page ROM  %  RAM   Vol Diff  Functions:
---- --- --- ---   --- ----  ----------
0     21   1   1             @delay_ms1
0     20   1   1             @delay_us1
0      8   0   0             @const73
 Inline        3   751  4.5  lcd_read_byte
0     49   3   2   254  3.7  lcd_read_nibble
0     43   3   1   391  2.4  lcd_send_nibble
0     92   5   3   402  3.6  lcd_send_byte
0     65   4   2   754  5.0  lcd_init
0     18   1   4   191  5.8  lcd_gotoxy
0     45   3   1   354  4.7  lcd_putc
0     29   2   1    48  1.1  TMR2_isr
0     19   1   0    88  1.7  servomotor_init
0    103   6  10   144  3.5  ServoWriteAngle
0    321  19  16             @ADDFF
0    117   7  13             @MULFF
0    202  12  14             @DIVFF
0     31   2   4             @SFTOI
0    106   6   8   142  4.5  ServoWriteAdc_To_Angle
0     29   2   2             @ITOF
0    134   8  12   508  2.9  MAIN
0      8   0   0             @const126
0     79   5   4             @PSTRINGCN7_91
0     99   6   9             @PRINTF_LU_91
0      7   0   0             @const131

Program metrics:
    Functions               12
    Statements              119
    Comments                176
    Volume (V)              6533
    Difficilty (D)          42.0
    Effort to implement (E) 274334
    Time to implement (T)   4 hours, 14 minutes
    Est Delivered Bugs (B)  1
    Cyclomatic Complexity   9
    Maintainability (MI)    84

 Segment     Used  Free
-----------  ----  ----
00000-00003     4  0  
00004-00030    45  0  
00031-007FF  1645  354  
00800-00FFF     0  2048  
01000-017FF     0  2048  
01800-01FFF     0  2048  



