CCS PCM C Compiler, Version 4.114, 93513558               16-Dic.-16 19:13

               Filename: D:\LaboTEC\Cursos\Curso_PIC\Modulo_1\Clase4\Ejemplos\Ejemplo3\Codigo\Ejemplo3.lst

               ROM used: 1694 words (21%)
                         Largest free fragment is 2048
               RAM used: 29 (8%) at main() level
                         57 (15%) worst case
               Stack:    7 worst case (5 in main + 2 for interrupts)

*
0000:  MOVLW  06
0001:  MOVWF  0A
0002:  GOTO   618
0003:  NOP
0004:  MOVWF  7F
0005:  SWAPF  03,W
0006:  CLRF   03
0007:  MOVWF  21
0008:  MOVF   0A,W
0009:  MOVWF  20
000A:  CLRF   0A
000B:  MOVF   04,W
000C:  MOVWF  22
000D:  MOVF   77,W
000E:  MOVWF  23
000F:  MOVF   78,W
0010:  MOVWF  24
0011:  MOVF   79,W
0012:  MOVWF  25
0013:  MOVF   7A,W
0014:  MOVWF  26
0015:  BCF    03.7
0016:  BCF    03.5
0017:  MOVLW  8C
0018:  MOVWF  04
0019:  BTFSS  00.1
001A:  GOTO   01D
001B:  BTFSC  0C.1
001C:  GOTO   02E
001D:  MOVF   22,W
001E:  MOVWF  04
001F:  MOVF   23,W
0020:  MOVWF  77
0021:  MOVF   24,W
0022:  MOVWF  78
0023:  MOVF   25,W
0024:  MOVWF  79
0025:  MOVF   26,W
0026:  MOVWF  7A
0027:  MOVF   20,W
0028:  MOVWF  0A
0029:  SWAPF  21,W
002A:  MOVWF  03
002B:  SWAPF  7F,F
002C:  SWAPF  7F,W
002D:  RETFIE
002E:  BCF    0A.3
002F:  BCF    0A.4
0030:  GOTO   04D
.................... #include <16f877a.h> 
.................... //////// Standard Header file for the PIC16F877A device //////////////// 
.................... #device PIC16F877A 
.................... #list 
....................  
.................... #device adc=10 
.................... #fuses   XT 
.................... #use     delay(clock=4M) 
*
0039:  MOVLW  12
003A:  SUBWF  53,F
003B:  BTFSS  03.0
003C:  GOTO   04C
003D:  MOVLW  53
003E:  MOVWF  04
003F:  BCF    03.7
0040:  MOVLW  FC
0041:  ANDWF  00,F
0042:  BCF    03.0
0043:  RRF    00,F
0044:  RRF    00,F
0045:  MOVF   00,W
0046:  BTFSC  03.2
0047:  GOTO   04C
0048:  GOTO   04A
0049:  NOP
004A:  DECFSZ 00,F
004B:  GOTO   049
004C:  RETURN
*
0079:  MOVLW  3E
007A:  MOVWF  04
007B:  BCF    03.7
007C:  MOVF   00,W
007D:  BTFSC  03.2
007E:  GOTO   08D
007F:  MOVLW  01
0080:  MOVWF  78
0081:  CLRF   77
0082:  DECFSZ 77,F
0083:  GOTO   082
0084:  DECFSZ 78,F
0085:  GOTO   081
0086:  MOVLW  4A
0087:  MOVWF  77
0088:  DECFSZ 77,F
0089:  GOTO   088
008A:  GOTO   08B
008B:  DECFSZ 00,F
008C:  GOTO   07F
008D:  RETURN
.................... #define LCD_DATA_PORT getenv("SFR:PORTD") 
.................... #define LCD_ENABLE_PIN  PIN_A3                                   
.................... #define LCD_RS_PIN      PIN_A5                                   
.................... #define LCD_RW_PIN      PIN_A2                                    
.................... #define LCD_DATA4       PIN_D4 
.................... #define LCD_DATA5       PIN_D5                                    
.................... #define LCD_DATA6       PIN_D6                                     
.................... #define LCD_DATA7       PIN_D7  
.................... #include <lcd.c> 
.................... /////////////////////////////////////////////////////////////////////////////// 
.................... ////                             LCD.C                                     //// 
.................... ////                 Driver for common LCD modules                         //// 
.................... ////                                                                       //// 
.................... ////  lcd_init()   Must be called before any other function.               //// 
.................... ////                                                                       //// 
.................... ////  lcd_putc(c)  Will display c on the next position of the LCD.         //// 
.................... ////                 \a  Set cursor position to upper left                 //// 
.................... ////                 \f  Clear display, set cursor to upper left           //// 
.................... ////                 \n  Go to start of second line                        //// 
.................... ////                 \b  Move back one position                            //// 
.................... ////              If LCD_EXTENDED_NEWLINE is defined, the \n character     //// 
.................... ////              will erase all remanining characters on the current      //// 
.................... ////              line, and move the cursor to the beginning of the next   //// 
.................... ////              line.                                                    //// 
.................... ////              If LCD_EXTENDED_NEWLINE is defined, the \r character     //// 
.................... ////              will move the cursor to the start of the current         //// 
.................... ////              line.                                                    //// 
.................... ////                                                                       //// 
.................... ////  lcd_gotoxy(x,y) Set write position on LCD (upper left is 1,1)        //// 
.................... ////                                                                       //// 
.................... ////  lcd_getc(x,y)   Returns character at position x,y on LCD             //// 
.................... ////                                                                       //// 
.................... ////  CONFIGURATION                                                        //// 
.................... ////  The LCD can be configured in one of two ways: a.) port access or     //// 
.................... ////  b.) pin access.  Port access requires the entire 7 bit interface     //// 
.................... ////  connected to one GPIO port, and the data bits (D4:D7 of the LCD)     //// 
.................... ////  connected to sequential pins on the GPIO.  Pin access                //// 
.................... ////  has no requirements, all 7 bits of the control interface can         //// 
.................... ////  can be connected to any GPIO using several ports.                    //// 
.................... ////                                                                       //// 
.................... ////  To use port access, #define LCD_DATA_PORT to the SFR location of     //// 
.................... ////  of the GPIO port that holds the interface, -AND- edit LCD_PIN_MAP    //// 
.................... ////  of this file to configure the pin order.  If you are using a         //// 
.................... ////  baseline PIC (PCB), then LCD_OUTPUT_MAP and LCD_INPUT_MAP also must  //// 
.................... ////  be defined.                                                          //// 
.................... ////                                                                       //// 
.................... ////  Example of port access:                                              //// 
.................... ////     #define LCD_DATA_PORT getenv("SFR:PORTD")                         //// 
.................... ////                                                                       //// 
.................... ////  To use pin access, the following pins must be defined:               //// 
.................... ////     LCD_ENABLE_PIN                                                    //// 
.................... ////     LCD_RS_PIN                                                        //// 
.................... ////     LCD_RW_PIN                                                        //// 
.................... ////     LCD_DATA4                                                         //// 
.................... ////     LCD_DATA5                                                         //// 
.................... ////     LCD_DATA6                                                         //// 
.................... ////     LCD_DATA7                                                         //// 
.................... ////                                                                       //// 
.................... ////  Example of pin access:                                               //// 
.................... ////     #define LCD_ENABLE_PIN  PIN_E0                                    //// 
.................... ////     #define LCD_RS_PIN      PIN_E1                                    //// 
.................... ////     #define LCD_RW_PIN      PIN_E2                                    //// 
.................... ////     #define LCD_DATA4       PIN_D4                                    //// 
.................... ////     #define LCD_DATA5       PIN_D5                                    //// 
.................... ////     #define LCD_DATA6       PIN_D6                                    //// 
.................... ////     #define LCD_DATA7       PIN_D7                                    //// 
.................... ////                                                                       //// 
.................... /////////////////////////////////////////////////////////////////////////////// 
.................... ////        (C) Copyright 1996,2010 Custom Computer Services           //// 
.................... //// This source code may only be used by licensed users of the CCS C  //// 
.................... //// compiler.  This source code may only be distributed to other      //// 
.................... //// licensed users of the CCS C compiler.  No other use, reproduction //// 
.................... //// or distribution is permitted without written permission.          //// 
.................... //// Derivative programs created using this software in object code    //// 
.................... //// form are not restricted in any way.                               //// 
.................... /////////////////////////////////////////////////////////////////////////// 
....................  
.................... // define the pinout. 
.................... // only required if port access is being used. 
.................... typedef struct   
.................... {                            // This structure is overlayed 
....................    BOOLEAN enable;           // on to an I/O port to gain 
....................    BOOLEAN rs;               // access to the LCD pins. 
....................    BOOLEAN rw;               // The bits are allocated from 
....................    BOOLEAN unused;           // low order up.  ENABLE will 
....................    int     data : 4;         // be LSB pin of that port. 
....................   #if defined(__PCD__)       // The port used will be LCD_DATA_PORT. 
....................    int    reserved: 8; 
....................   #endif 
.................... } LCD_PIN_MAP; 
....................  
.................... // this is to improve compatability with previous LCD drivers that accepted 
.................... // a define labeled 'use_portb_lcd' that configured the LCD onto port B. 
.................... #if ((defined(use_portb_lcd)) && (use_portb_lcd==TRUE)) 
....................  #define LCD_DATA_PORT getenv("SFR:PORTB") 
.................... #endif 
....................  
.................... #if defined(__PCB__) 
....................    // these definitions only need to be modified for baseline PICs. 
....................    // all other PICs use LCD_PIN_MAP or individual LCD_xxx pin definitions. 
.................... /*                                    EN, RS,   RW,   UNUSED,  DATA  */ 
....................  const LCD_PIN_MAP LCD_OUTPUT_MAP =  {0,  0,    0,    0,       0}; 
....................  const LCD_PIN_MAP LCD_INPUT_MAP =   {0,  0,    0,    0,       0xF}; 
.................... #endif 
....................  
.................... ////////////////////// END CONFIGURATION /////////////////////////////////// 
....................  
.................... #ifndef LCD_ENABLE_PIN 
....................    #define lcd_output_enable(x) lcdlat.enable=x 
....................    #define lcd_enable_tris()   lcdtris.enable=0 
.................... #else 
....................    #define lcd_output_enable(x) output_bit(LCD_ENABLE_PIN, x) 
....................    #define lcd_enable_tris()  output_drive(LCD_ENABLE_PIN) 
.................... #endif 
....................  
.................... #ifndef LCD_RS_PIN 
....................    #define lcd_output_rs(x) lcdlat.rs=x 
....................    #define lcd_rs_tris()   lcdtris.rs=0 
.................... #else 
....................    #define lcd_output_rs(x) output_bit(LCD_RS_PIN, x) 
....................    #define lcd_rs_tris()  output_drive(LCD_RS_PIN) 
.................... #endif 
....................  
.................... #ifndef LCD_RW_PIN 
....................    #define lcd_output_rw(x) lcdlat.rw=x 
....................    #define lcd_rw_tris()   lcdtris.rw=0 
.................... #else 
....................    #define lcd_output_rw(x) output_bit(LCD_RW_PIN, x) 
....................    #define lcd_rw_tris()  output_drive(LCD_RW_PIN) 
.................... #endif 
....................  
.................... // original version of this library incorrectly labeled LCD_DATA0 as LCD_DATA4, 
.................... // LCD_DATA1 as LCD_DATA5, and so on.  this block of code makes the driver 
.................... // compatible with any code written for the original library 
.................... #if (defined(LCD_DATA0) && defined(LCD_DATA1) && defined(LCD_DATA2) && defined(LCD_DATA3) && !defined(LCD_DATA4) && !defined(LCD_DATA5) && !defined(LCD_DATA6) && !defined(LCD_DATA7)) 
....................    #define  LCD_DATA4    LCD_DATA0 
....................    #define  LCD_DATA5    LCD_DATA1 
....................    #define  LCD_DATA6    LCD_DATA2 
....................    #define  LCD_DATA7    LCD_DATA3 
.................... #endif 
....................  
.................... #ifndef LCD_DATA4 
.................... #ifndef LCD_DATA_PORT 
....................    #if defined(__PCB__) 
....................       #define LCD_DATA_PORT      0x06     //portb 
....................       #define set_tris_lcd(x)   set_tris_b(x) 
....................    #else 
....................      #if defined(PIN_D0) 
....................       #define LCD_DATA_PORT      getenv("SFR:PORTD")     //portd 
....................      #else 
....................       #define LCD_DATA_PORT      getenv("SFR:PORTB")     //portb 
....................      #endif 
....................    #endif    
.................... #endif 
....................  
.................... #if defined(__PCB__) 
....................    LCD_PIN_MAP lcd, lcdlat; 
....................    #byte lcd = LCD_DATA_PORT 
....................    #byte lcdlat = LCD_DATA_PORT 
.................... #elif defined(__PCM__) 
....................    LCD_PIN_MAP lcd, lcdlat, lcdtris; 
....................    #byte lcd = LCD_DATA_PORT 
....................    #byte lcdlat = LCD_DATA_PORT 
....................    #byte lcdtris = LCD_DATA_PORT+0x80 
.................... #elif defined(__PCH__) 
....................    LCD_PIN_MAP lcd, lcdlat, lcdtris; 
....................    #byte lcd = LCD_DATA_PORT 
....................    #byte lcdlat = LCD_DATA_PORT+9 
....................    #byte lcdtris = LCD_DATA_PORT+0x12 
.................... #elif defined(__PCD__) 
....................    LCD_PIN_MAP lcd, lcdlat, lcdtris; 
....................    #word lcd = LCD_DATA_PORT 
....................    #word lcdlat = LCD_DATA_PORT+2 
....................    #word lcdtris = LCD_DATA_PORT-0x02 
.................... #endif 
.................... #endif   //LCD_DATA4 not defined 
....................  
.................... #ifndef LCD_TYPE 
....................    #define LCD_TYPE 2           // 0=5x7, 1=5x10, 2=2 lines 
.................... #endif 
....................  
.................... #ifndef LCD_LINE_TWO 
....................    #define LCD_LINE_TWO 0x40    // LCD RAM address for the second line 
.................... #endif 
....................  
.................... #ifndef LCD_LINE_LENGTH 
....................    #define LCD_LINE_LENGTH 20 
.................... #endif 
....................  
.................... BYTE const LCD_INIT_STRING[4] = {0x20 | (LCD_TYPE << 2), 0xc, 1, 6}; 
....................                              // These bytes need to be sent to the LCD 
....................                              // to start it up. 
....................  
.................... BYTE lcd_read_nibble(void); 
....................  
.................... BYTE lcd_read_byte(void) 
.................... { 
....................    BYTE low,high; 
....................  
....................  #if defined(__PCB__) 
....................    set_tris_lcd(LCD_INPUT_MAP); 
....................  #else 
....................   #if (defined(LCD_DATA4) && defined(LCD_DATA5) && defined(LCD_DATA6) && defined(LCD_DATA7)) 
....................    output_float(LCD_DATA4); 
*
00F2:  BSF    08.4
....................    output_float(LCD_DATA5); 
00F3:  BSF    08.5
....................    output_float(LCD_DATA6); 
00F4:  BSF    08.6
....................    output_float(LCD_DATA7); 
00F5:  BSF    08.7
....................   #else 
....................    lcdtris.data = 0xF; 
....................   #endif 
....................  #endif 
....................          
....................    lcd_output_rw(1); 
00F6:  BCF    03.5
00F7:  BSF    05.2
00F8:  BSF    03.5
00F9:  BCF    05.2
....................    delay_cycles(1); 
00FA:  NOP
....................    lcd_output_enable(1); 
00FB:  BCF    03.5
00FC:  BSF    05.3
00FD:  BSF    03.5
00FE:  BCF    05.3
....................    delay_cycles(1); 
00FF:  NOP
....................    high = lcd_read_nibble(); 
0100:  BCF    03.5
0101:  CALL   0B9
0102:  MOVF   78,W
0103:  MOVWF  45
....................        
....................    lcd_output_enable(0); 
0104:  BCF    05.3
0105:  BSF    03.5
0106:  BCF    05.3
....................    delay_cycles(1); 
0107:  NOP
....................    lcd_output_enable(1); 
0108:  BCF    03.5
0109:  BSF    05.3
010A:  BSF    03.5
010B:  BCF    05.3
....................    delay_us(1); 
010C:  NOP
....................    low = lcd_read_nibble(); 
010D:  BCF    03.5
010E:  CALL   0B9
010F:  MOVF   78,W
0110:  MOVWF  44
....................        
....................    lcd_output_enable(0); 
0111:  BCF    05.3
0112:  BSF    03.5
0113:  BCF    05.3
....................  
....................  #if defined(__PCB__) 
....................    set_tris_lcd(LCD_OUTPUT_MAP); 
....................  #else 
....................   #if (defined(LCD_DATA4) && defined(LCD_DATA5) && defined(LCD_DATA6) && defined(LCD_DATA7)) 
....................    output_drive(LCD_DATA4); 
0114:  BCF    08.4
....................    output_drive(LCD_DATA5); 
0115:  BCF    08.5
....................    output_drive(LCD_DATA6); 
0116:  BCF    08.6
....................    output_drive(LCD_DATA7); 
0117:  BCF    08.7
....................   #else 
....................    lcdtris.data = 0x0; 
....................   #endif 
....................  #endif 
....................  
....................    return( (high<<4) | low); 
0118:  BCF    03.5
0119:  SWAPF  45,W
011A:  MOVWF  77
011B:  MOVLW  F0
011C:  ANDWF  77,F
011D:  MOVF   77,W
011E:  IORWF  44,W
011F:  MOVWF  78
.................... } 
....................  
.................... BYTE lcd_read_nibble(void) 
.................... { 
....................   #if (defined(LCD_DATA4) && defined(LCD_DATA5) && defined(LCD_DATA6) && defined(LCD_DATA7)) 
*
00B9:  CLRF   46
....................    BYTE n = 0x00; 
....................  
....................    /* Read the data port */ 
....................    n |= input(LCD_DATA4); 
00BA:  BSF    03.5
00BB:  BSF    08.4
00BC:  MOVLW  00
00BD:  BCF    03.5
00BE:  BTFSC  08.4
00BF:  MOVLW  01
00C0:  IORWF  46,F
....................    n |= input(LCD_DATA5) << 1; 
00C1:  BSF    03.5
00C2:  BSF    08.5
00C3:  MOVLW  00
00C4:  BCF    03.5
00C5:  BTFSC  08.5
00C6:  MOVLW  01
00C7:  MOVWF  77
00C8:  BCF    03.0
00C9:  RLF    77,F
00CA:  MOVF   77,W
00CB:  IORWF  46,F
....................    n |= input(LCD_DATA6) << 2; 
00CC:  BSF    03.5
00CD:  BSF    08.6
00CE:  MOVLW  00
00CF:  BCF    03.5
00D0:  BTFSC  08.6
00D1:  MOVLW  01
00D2:  MOVWF  77
00D3:  RLF    77,F
00D4:  RLF    77,F
00D5:  MOVLW  FC
00D6:  ANDWF  77,F
00D7:  MOVF   77,W
00D8:  IORWF  46,F
....................    n |= input(LCD_DATA7) << 3; 
00D9:  BSF    03.5
00DA:  BSF    08.7
00DB:  MOVLW  00
00DC:  BCF    03.5
00DD:  BTFSC  08.7
00DE:  MOVLW  01
00DF:  MOVWF  77
00E0:  RLF    77,F
00E1:  RLF    77,F
00E2:  RLF    77,F
00E3:  MOVLW  F8
00E4:  ANDWF  77,F
00E5:  MOVF   77,W
00E6:  IORWF  46,F
....................     
....................    return(n); 
00E7:  MOVF   46,W
00E8:  MOVWF  78
....................   #else 
....................    return(lcd.data); 
....................   #endif 
.................... } 
00E9:  RETURN
....................  
.................... void lcd_send_nibble(BYTE n) 
.................... { 
....................   #if (defined(LCD_DATA4) && defined(LCD_DATA5) && defined(LCD_DATA6) && defined(LCD_DATA7)) 
....................    /* Write to the data port */ 
....................    output_bit(LCD_DATA4, bit_test(n, 0)); 
*
008E:  BTFSC  45.0
008F:  GOTO   092
0090:  BCF    08.4
0091:  GOTO   093
0092:  BSF    08.4
0093:  BSF    03.5
0094:  BCF    08.4
....................    output_bit(LCD_DATA5, bit_test(n, 1)); 
0095:  BCF    03.5
0096:  BTFSC  45.1
0097:  GOTO   09A
0098:  BCF    08.5
0099:  GOTO   09B
009A:  BSF    08.5
009B:  BSF    03.5
009C:  BCF    08.5
....................    output_bit(LCD_DATA6, bit_test(n, 2)); 
009D:  BCF    03.5
009E:  BTFSC  45.2
009F:  GOTO   0A2
00A0:  BCF    08.6
00A1:  GOTO   0A3
00A2:  BSF    08.6
00A3:  BSF    03.5
00A4:  BCF    08.6
....................    output_bit(LCD_DATA7, bit_test(n, 3)); 
00A5:  BCF    03.5
00A6:  BTFSC  45.3
00A7:  GOTO   0AA
00A8:  BCF    08.7
00A9:  GOTO   0AB
00AA:  BSF    08.7
00AB:  BSF    03.5
00AC:  BCF    08.7
....................   #else       
....................    lcdlat.data = n; 
....................   #endif 
....................        
....................    delay_cycles(1); 
00AD:  NOP
....................    lcd_output_enable(1); 
00AE:  BCF    03.5
00AF:  BSF    05.3
00B0:  BSF    03.5
00B1:  BCF    05.3
....................    delay_us(2); 
00B2:  GOTO   0B3
....................    lcd_output_enable(0); 
00B3:  BCF    03.5
00B4:  BCF    05.3
00B5:  BSF    03.5
00B6:  BCF    05.3
.................... } 
00B7:  BCF    03.5
00B8:  RETURN
....................  
.................... void lcd_send_byte(BYTE address, BYTE n) 
.................... { 
....................   #if defined(__PCB__) 
....................    set_tris_lcd(LCD_OUTPUT_MAP); 
....................   #else 
....................    lcd_enable_tris(); 
*
00EA:  BSF    03.5
00EB:  BCF    05.3
....................    lcd_rs_tris(); 
00EC:  BCF    05.5
....................    lcd_rw_tris(); 
00ED:  BCF    05.2
....................   #endif 
....................  
....................    lcd_output_rs(0); 
00EE:  BCF    03.5
00EF:  BCF    05.5
00F0:  BSF    03.5
00F1:  BCF    05.5
....................    while ( bit_test(lcd_read_byte(),7) ) ; 
*
0120:  MOVF   78,W
0121:  MOVWF  44
0122:  BTFSS  44.7
0123:  GOTO   126
0124:  BSF    03.5
0125:  GOTO   0F2
....................    lcd_output_rs(address); 
0126:  MOVF   42,F
0127:  BTFSS  03.2
0128:  GOTO   12B
0129:  BCF    05.5
012A:  GOTO   12C
012B:  BSF    05.5
012C:  BSF    03.5
012D:  BCF    05.5
....................    delay_cycles(1); 
012E:  NOP
....................    lcd_output_rw(0); 
012F:  BCF    03.5
0130:  BCF    05.2
0131:  BSF    03.5
0132:  BCF    05.2
....................    delay_cycles(1); 
0133:  NOP
....................    lcd_output_enable(0); 
0134:  BCF    03.5
0135:  BCF    05.3
0136:  BSF    03.5
0137:  BCF    05.3
....................    lcd_send_nibble(n >> 4); 
0138:  BCF    03.5
0139:  SWAPF  43,W
013A:  MOVWF  44
013B:  MOVLW  0F
013C:  ANDWF  44,F
013D:  MOVF   44,W
013E:  MOVWF  45
013F:  CALL   08E
....................    lcd_send_nibble(n & 0xf); 
0140:  MOVF   43,W
0141:  ANDLW  0F
0142:  MOVWF  44
0143:  MOVWF  45
0144:  CALL   08E
.................... } 
0145:  RETURN
....................  
.................... #if defined(LCD_EXTENDED_NEWLINE) 
.................... unsigned int8 g_LcdX, g_LcdY; 
.................... #endif 
....................  
.................... void lcd_init(void)  
.................... { 
....................    BYTE i; 
....................  
....................  #if defined(__PCB__) 
....................    set_tris_lcd(LCD_OUTPUT_MAP); 
....................  #else 
....................   #if (defined(LCD_DATA4) && defined(LCD_DATA5) && defined(LCD_DATA6) && defined(LCD_DATA7)) 
....................    output_drive(LCD_DATA4); 
0146:  BSF    03.5
0147:  BCF    08.4
....................    output_drive(LCD_DATA5); 
0148:  BCF    08.5
....................    output_drive(LCD_DATA6); 
0149:  BCF    08.6
....................    output_drive(LCD_DATA7); 
014A:  BCF    08.7
....................   #else 
....................    lcdtris.data = 0x0; 
....................   #endif 
....................    lcd_enable_tris(); 
014B:  BCF    05.3
....................    lcd_rs_tris(); 
014C:  BCF    05.5
....................    lcd_rw_tris(); 
014D:  BCF    05.2
....................  #endif 
....................  
....................    lcd_output_rs(0); 
014E:  BCF    03.5
014F:  BCF    05.5
0150:  BSF    03.5
0151:  BCF    05.5
....................    lcd_output_rw(0); 
0152:  BCF    03.5
0153:  BCF    05.2
0154:  BSF    03.5
0155:  BCF    05.2
....................    lcd_output_enable(0); 
0156:  BCF    03.5
0157:  BCF    05.3
0158:  BSF    03.5
0159:  BCF    05.3
....................      
....................    delay_ms(15); 
015A:  MOVLW  0F
015B:  BCF    03.5
015C:  MOVWF  3E
015D:  CALL   079
....................    for(i=1;i<=3;++i) 
015E:  MOVLW  01
015F:  MOVWF  34
0160:  MOVF   34,W
0161:  SUBLW  03
0162:  BTFSS  03.0
0163:  GOTO   16E
....................    { 
....................        lcd_send_nibble(3); 
0164:  MOVLW  03
0165:  MOVWF  45
0166:  CALL   08E
....................        lcd_send_nibble(0); 
0167:  CLRF   45
0168:  CALL   08E
....................        delay_ms(5); 
0169:  MOVLW  05
016A:  MOVWF  3E
016B:  CALL   079
....................    } 
016C:  INCF   34,F
016D:  GOTO   160
....................     
....................    lcd_send_nibble(2); 
016E:  MOVLW  02
016F:  MOVWF  45
0170:  CALL   08E
....................    lcd_send_nibble(0); 
0171:  CLRF   45
0172:  CALL   08E
....................    delay_ms(5); 
0173:  MOVLW  05
0174:  MOVWF  3E
0175:  CALL   079
....................    for(i=0;i<=3;++i) 
0176:  CLRF   34
0177:  MOVF   34,W
0178:  SUBLW  03
0179:  BTFSS  03.0
017A:  GOTO   184
....................       lcd_send_byte(0,LCD_INIT_STRING[i]); 
017B:  MOVF   34,W
017C:  CALL   031
017D:  MOVWF  35
017E:  CLRF   42
017F:  MOVF   35,W
0180:  MOVWF  43
0181:  CALL   0EA
....................  
....................   #if defined(LCD_EXTENDED_NEWLINE) 
0182:  INCF   34,F
0183:  GOTO   177
....................    g_LcdX = 0; 
....................    g_LcdY = 0; 
....................   #endif 
.................... } 
0184:  BCF    0A.3
0185:  BCF    0A.4
0186:  GOTO   638 (RETURN)
....................  
.................... void lcd_gotoxy(BYTE x, BYTE y) 
.................... { 
....................    BYTE address; 
....................     
....................    if(y!=1) 
*
0527:  DECFSZ 3F,W
0528:  GOTO   52A
0529:  GOTO   52D
....................       address=LCD_LINE_TWO; 
052A:  MOVLW  40
052B:  MOVWF  40
....................    else 
052C:  GOTO   52E
....................       address=0; 
052D:  CLRF   40
....................       
....................    address+=x-1; 
052E:  MOVLW  01
052F:  SUBWF  3E,W
0530:  ADDWF  40,F
....................    lcd_send_byte(0,0x80|address); 
0531:  MOVF   40,W
0532:  IORLW  80
0533:  MOVWF  41
0534:  CLRF   42
0535:  MOVF   41,W
0536:  MOVWF  43
0537:  CALL   0EA
....................  
....................   #if defined(LCD_EXTENDED_NEWLINE) 
....................    g_LcdX = x - 1; 
....................    g_LcdY = y - 1; 
....................   #endif 
.................... } 
0538:  RETURN
....................  
.................... void lcd_putc(char c) 
.................... { 
....................    switch (c) 
....................    { 
0539:  MOVF   3D,W
053A:  XORLW  07
053B:  BTFSC  03.2
053C:  GOTO   547
053D:  XORLW  0B
053E:  BTFSC  03.2
053F:  GOTO   54C
0540:  XORLW  06
0541:  BTFSC  03.2
0542:  GOTO   554
0543:  XORLW  02
0544:  BTFSC  03.2
0545:  GOTO   55A
0546:  GOTO   55F
....................       case '\a'   :  lcd_gotoxy(1,1);     break; 
0547:  MOVLW  01
0548:  MOVWF  3E
0549:  MOVWF  3F
054A:  CALL   527
054B:  GOTO   565
....................  
....................       case '\f'   :  lcd_send_byte(0,1); 
054C:  CLRF   42
054D:  MOVLW  01
054E:  MOVWF  43
054F:  CALL   0EA
....................                      delay_ms(2); 
0550:  MOVLW  02
0551:  MOVWF  3E
0552:  CALL   079
....................                     #if defined(LCD_EXTENDED_NEWLINE) 
....................                      g_LcdX = 0; 
....................                      g_LcdY = 0; 
....................                     #endif 
....................                      break; 
0553:  GOTO   565
....................  
....................      #if defined(LCD_EXTENDED_NEWLINE) 
....................       case '\r'   :  lcd_gotoxy(1, g_LcdY+1);   break; 
....................       case '\n'   : 
....................          while (g_LcdX++ < LCD_LINE_LENGTH) 
....................          { 
....................             lcd_send_byte(1, ' '); 
....................          } 
....................          lcd_gotoxy(1, g_LcdY+2); 
....................          break; 
....................      #else 
....................       case '\n'   : lcd_gotoxy(1,2);        break; 
0554:  MOVLW  01
0555:  MOVWF  3E
0556:  MOVLW  02
0557:  MOVWF  3F
0558:  CALL   527
0559:  GOTO   565
....................      #endif 
....................       
....................       case '\b'   : lcd_send_byte(0,0x10);  break; 
055A:  CLRF   42
055B:  MOVLW  10
055C:  MOVWF  43
055D:  CALL   0EA
055E:  GOTO   565
....................       
....................      #if defined(LCD_EXTENDED_NEWLINE) 
....................       default     :  
....................          if (g_LcdX < LCD_LINE_LENGTH) 
....................          { 
....................             lcd_send_byte(1, c); 
....................             g_LcdX++; 
....................          } 
....................          break; 
....................      #else 
....................       default     : lcd_send_byte(1,c);     break; 
055F:  MOVLW  01
0560:  MOVWF  42
0561:  MOVF   3D,W
0562:  MOVWF  43
0563:  CALL   0EA
0564:  GOTO   565
....................      #endif 
....................    } 
.................... } 
0565:  RETURN
....................   
.................... char lcd_getc(BYTE x, BYTE y) 
.................... { 
....................    char value; 
....................  
....................    lcd_gotoxy(x,y); 
....................    while ( bit_test(lcd_read_byte(),7) ); // wait until busy flag is low 
....................    lcd_output_rs(1); 
....................    value = lcd_read_byte(); 
....................    lcd_output_rs(0); 
....................     
....................    return(value); 
.................... } 
....................  
.................... #include "servomotor.c" 
.................... #include "servomotor.h" 
.................... #ifndef  __SERVOMOTOR__ 
.................... #define  __SERVOMOTOR__ 
....................  
.................... /* 
....................  * SERVOMOTOR: 
....................  *    EL PERIODO DE LA SEÑAL ES DE 50Hz  
....................  *       Motor en sentido horario (0,7 ms) 
....................  *       Motor neutral (1,5 ms) 
....................  *       Motor en sentido antihorario (1,8 ms) 
....................  * 
....................  *    USANDO TIMER2 
....................  *       T=(4/FOSC)*PRESCALER*(VALOR CARGA PR2+1)*POSTSCALER 
....................  *       1/50Hz = (4/4Mhz)*16*(VALOR CARGA PR2+1)*16 
....................  *       PR2 = 77.125 
....................  **/ 
.................... #DEFINE  PR2         78 
.................... #DEFINE  POSTSCALER  16 
.................... #DEFINE  PRESCALER   T2_DIV_BY_16 
.................... #DEFINE  PIN_CTRL    PIN_C0 
....................  
.................... #DEFINE  IN_MIN      0 
.................... #DEFINE  IN_MAX      180 
.................... #DEFINE  OUT_MIN     700 
.................... #DEFINE  OUT_MAX     2600 
....................  
.................... void servomotor_init(); 
.................... void ServoWriteAngle(float x); 
....................  
.................... #endif 
....................  
....................  
.................... unsigned int16 i = 0; 
.................... unsigned int16 angle = 0; 
....................  
.................... #INT_TIMER2 
.................... void TMR2_isr( ){ 
....................    output_high(PIN_CTRL); 
*
004D:  BCF    2B.0
004E:  MOVF   2B,W
004F:  BSF    03.5
0050:  MOVWF  07
0051:  BCF    03.5
0052:  BSF    07.0
....................    delay_us( angle ); 
0053:  MOVF   2A,W
0054:  MOVWF  52
0055:  INCF   52,F
0056:  DECF   52,F
0057:  BTFSC  03.2
0058:  GOTO   05D
0059:  MOVLW  FF
005A:  MOVWF  53
005B:  CALL   039
005C:  GOTO   056
005D:  MOVF   29,W
005E:  MOVWF  53
005F:  CALL   039
....................    output_low(PIN_CTRL); 
0060:  BCF    2B.0
0061:  MOVF   2B,W
0062:  BSF    03.5
0063:  MOVWF  07
0064:  BCF    03.5
0065:  BCF    07.0
.................... } 
....................  
0066:  BCF    0C.1
0067:  BCF    0A.3
0068:  BCF    0A.4
0069:  GOTO   01D
.................... void servomotor_init(){ 
....................    set_tris_c(0b10000000); 
*
0187:  MOVLW  80
0188:  BSF    03.5
0189:  MOVWF  07
018A:  BCF    03.5
018B:  MOVWF  2B
....................    setup_timer_2( PRESCALER, PR2 , POSTSCALER ); 
018C:  MOVLW  78
018D:  MOVWF  78
018E:  IORLW  06
018F:  MOVWF  12
0190:  MOVLW  4E
0191:  BSF    03.5
0192:  MOVWF  12
....................    enable_interrupts( INT_TIMER2 );  
0193:  BSF    0C.1
....................    enable_interrupts(GLOBAL); 
0194:  MOVLW  C0
0195:  BCF    03.5
0196:  IORWF  0B,F
....................     
.................... } 
0197:  BCF    0A.3
0198:  BCF    0A.4
0199:  GOTO   639 (RETURN)
....................  
.................... void ServoWriteAngle(float x){ 
....................    unsigned int16 out; 
....................    out = (x - IN_MIN) * (OUT_MAX - OUT_MIN) / (IN_MAX - IN_MIN) + OUT_MIN; 
*
04C0:  BSF    03.1
04C1:  MOVF   3B,W
04C2:  MOVWF  45
04C3:  MOVF   3A,W
04C4:  MOVWF  44
04C5:  MOVF   39,W
04C6:  MOVWF  43
04C7:  MOVF   38,W
04C8:  MOVWF  42
04C9:  CLRF   49
04CA:  CLRF   48
04CB:  CLRF   47
04CC:  CLRF   46
04CD:  CALL   1B7
04CE:  MOVF   77,W
04CF:  MOVWF  3E
04D0:  MOVF   78,W
04D1:  MOVWF  3F
04D2:  MOVF   79,W
04D3:  MOVWF  40
04D4:  MOVF   7A,W
04D5:  MOVWF  41
04D6:  MOVWF  45
04D7:  MOVF   79,W
04D8:  MOVWF  44
04D9:  MOVF   78,W
04DA:  MOVWF  43
04DB:  MOVF   77,W
04DC:  MOVWF  42
04DD:  CLRF   49
04DE:  MOVLW  80
04DF:  MOVWF  48
04E0:  MOVLW  6D
04E1:  MOVWF  47
04E2:  MOVLW  89
04E3:  MOVWF  46
04E4:  CALL   2F8
04E5:  MOVF   77,W
04E6:  MOVWF  3E
04E7:  MOVF   78,W
04E8:  MOVWF  3F
04E9:  MOVF   79,W
04EA:  MOVWF  40
04EB:  MOVF   7A,W
04EC:  MOVWF  41
04ED:  MOVWF  45
04EE:  MOVF   79,W
04EF:  MOVWF  44
04F0:  MOVF   78,W
04F1:  MOVWF  43
04F2:  MOVF   77,W
04F3:  MOVWF  42
04F4:  CLRF   49
04F5:  CLRF   48
04F6:  MOVLW  34
04F7:  MOVWF  47
04F8:  MOVLW  86
04F9:  MOVWF  46
04FA:  CALL   36D
04FB:  MOVF   77,W
04FC:  MOVWF  3E
04FD:  MOVF   78,W
04FE:  MOVWF  3F
04FF:  MOVF   79,W
0500:  MOVWF  40
0501:  MOVF   7A,W
0502:  MOVWF  41
0503:  BCF    03.1
0504:  MOVF   7A,W
0505:  MOVWF  45
0506:  MOVF   79,W
0507:  MOVWF  44
0508:  MOVF   78,W
0509:  MOVWF  43
050A:  MOVF   77,W
050B:  MOVWF  42
050C:  CLRF   49
050D:  CLRF   48
050E:  MOVLW  2F
050F:  MOVWF  47
0510:  MOVLW  88
0511:  MOVWF  46
0512:  CALL   1B7
0513:  MOVF   7A,W
0514:  MOVWF  41
0515:  MOVF   79,W
0516:  MOVWF  40
0517:  MOVF   78,W
0518:  MOVWF  3F
0519:  MOVF   77,W
051A:  MOVWF  3E
051B:  CALL   437
051C:  MOVF   79,W
051D:  MOVWF  3D
051E:  MOVF   78,W
051F:  MOVWF  3C
....................    angle = out; 
0520:  MOVF   3D,W
0521:  MOVWF  2A
0522:  MOVF   3C,W
0523:  MOVWF  29
.................... } 
0524:  BCF    0A.3
0525:  BCF    0A.4
0526:  GOTO   66B (RETURN)
....................  
....................  
.................... unsigned int16 ServoWriteAdc_To_Angle(unsigned int16 x){ 
....................    unsigned int16 out; 
....................    out = (x - 0.0) * (180.0 - 0.0) / (1023.0 - 0.0) + 0.0; 
*
0456:  MOVF   35,W
0457:  MOVWF  39
0458:  MOVF   34,W
0459:  MOVWF  38
045A:  CALL   19A
045B:  BSF    03.1
045C:  MOVF   7A,W
045D:  MOVWF  45
045E:  MOVF   79,W
045F:  MOVWF  44
0460:  MOVF   78,W
0461:  MOVWF  43
0462:  MOVF   77,W
0463:  MOVWF  42
0464:  CLRF   49
0465:  CLRF   48
0466:  CLRF   47
0467:  CLRF   46
0468:  CALL   1B7
0469:  MOVF   77,W
046A:  MOVWF  38
046B:  MOVF   78,W
046C:  MOVWF  39
046D:  MOVF   79,W
046E:  MOVWF  3A
046F:  MOVF   7A,W
0470:  MOVWF  3B
0471:  MOVWF  45
0472:  MOVF   79,W
0473:  MOVWF  44
0474:  MOVF   78,W
0475:  MOVWF  43
0476:  MOVF   77,W
0477:  MOVWF  42
0478:  CLRF   49
0479:  CLRF   48
047A:  MOVLW  34
047B:  MOVWF  47
047C:  MOVLW  86
047D:  MOVWF  46
047E:  CALL   2F8
047F:  MOVF   77,W
0480:  MOVWF  38
0481:  MOVF   78,W
0482:  MOVWF  39
0483:  MOVF   79,W
0484:  MOVWF  3A
0485:  MOVF   7A,W
0486:  MOVWF  3B
0487:  MOVWF  45
0488:  MOVF   79,W
0489:  MOVWF  44
048A:  MOVF   78,W
048B:  MOVWF  43
048C:  MOVF   77,W
048D:  MOVWF  42
048E:  CLRF   49
048F:  MOVLW  C0
0490:  MOVWF  48
0491:  MOVLW  7F
0492:  MOVWF  47
0493:  MOVLW  88
0494:  MOVWF  46
0495:  CALL   36D
0496:  MOVF   77,W
0497:  MOVWF  38
0498:  MOVF   78,W
0499:  MOVWF  39
049A:  MOVF   79,W
049B:  MOVWF  3A
049C:  MOVF   7A,W
049D:  MOVWF  3B
049E:  BCF    03.1
049F:  MOVF   7A,W
04A0:  MOVWF  45
04A1:  MOVF   79,W
04A2:  MOVWF  44
04A3:  MOVF   78,W
04A4:  MOVWF  43
04A5:  MOVF   77,W
04A6:  MOVWF  42
04A7:  CLRF   49
04A8:  CLRF   48
04A9:  CLRF   47
04AA:  CLRF   46
04AB:  CALL   1B7
04AC:  MOVF   7A,W
04AD:  MOVWF  41
04AE:  MOVF   79,W
04AF:  MOVWF  40
04B0:  MOVF   78,W
04B1:  MOVWF  3F
04B2:  MOVF   77,W
04B3:  MOVWF  3E
04B4:  CALL   437
04B5:  MOVF   79,W
04B6:  MOVWF  37
04B7:  MOVF   78,W
04B8:  MOVWF  36
....................     
....................    return out; 
04B9:  MOVF   36,W
04BA:  MOVWF  78
04BB:  MOVF   37,W
04BC:  MOVWF  79
.................... } 
04BD:  BCF    0A.3
04BE:  BCF    0A.4
04BF:  GOTO   652 (RETURN)
....................  
.................... void main(){ 
*
0078:  DATA 00,00
*
0618:  CLRF   04
0619:  BCF    03.7
061A:  MOVLW  1F
061B:  ANDWF  03,F
061C:  CLRF   28
061D:  CLRF   27
061E:  CLRF   2A
061F:  CLRF   29
0620:  MOVLW  FF
0621:  MOVWF  2B
0622:  BSF    03.5
0623:  BSF    1F.0
0624:  BSF    1F.1
0625:  BSF    1F.2
0626:  BCF    1F.3
0627:  MOVLW  07
0628:  MOVWF  1C
....................    int16 adc1; 
....................    float sens; 
....................    unsigned int16 i; 
....................     
....................    setup_adc(  ADC_CLOCK_INTERNAL ); 
0629:  BCF    1F.6
062A:  BCF    03.5
062B:  BSF    1F.6
062C:  BSF    1F.7
062D:  BSF    03.5
062E:  BSF    1F.7
062F:  BCF    03.5
0630:  BSF    1F.0
....................    setup_adc_ports(  AN0 );    
0631:  BSF    03.5
0632:  BCF    1F.0
0633:  BSF    1F.1
0634:  BSF    1F.2
0635:  BSF    1F.3
....................    lcd_init(); 
0636:  BCF    03.5
0637:  GOTO   146
....................    servomotor_init(); 
0638:  GOTO   187
....................     
....................    for(;;){ 
....................       set_adc_channel( 0 ); 
0639:  MOVLW  00
063A:  MOVWF  78
063B:  MOVF   1F,W
063C:  ANDLW  C7
063D:  IORWF  78,W
063E:  MOVWF  1F
....................       delay_us(20); 
063F:  MOVLW  06
0640:  MOVWF  77
0641:  DECFSZ 77,F
0642:  GOTO   641
0643:  NOP
....................       adc1 = read_adc();   
0644:  BSF    1F.2
0645:  BTFSC  1F.2
0646:  GOTO   645
0647:  BSF    03.5
0648:  MOVF   1E,W
0649:  BCF    03.5
064A:  MOVWF  2C
064B:  MOVF   1E,W
064C:  MOVWF  2D
....................       i = ServoWriteAdc_To_Angle( adc1 ); 
064D:  MOVF   2D,W
064E:  MOVWF  35
064F:  MOVF   2C,W
0650:  MOVWF  34
0651:  GOTO   456
0652:  MOVF   79,W
0653:  MOVWF  33
0654:  MOVF   78,W
0655:  MOVWF  32
....................       ServoWriteAngle(i); 
0656:  MOVF   33,W
0657:  MOVWF  39
0658:  MOVF   32,W
0659:  MOVWF  38
065A:  CALL   19A
065B:  MOVF   77,W
065C:  MOVWF  34
065D:  MOVF   78,W
065E:  MOVWF  35
065F:  MOVF   79,W
0660:  MOVWF  36
0661:  MOVF   7A,W
0662:  MOVWF  37
0663:  MOVWF  3B
0664:  MOVF   79,W
0665:  MOVWF  3A
0666:  MOVF   78,W
0667:  MOVWF  39
0668:  MOVF   77,W
0669:  MOVWF  38
066A:  GOTO   4C0
....................       lcd_gotoxy(1,1); 
066B:  MOVLW  01
066C:  MOVWF  3E
066D:  MOVWF  3F
066E:  CALL   527
....................       printf(lcd_putc,"CanalAN0 = %Lu",adc1); 
066F:  MOVLW  6A
0670:  BSF    03.6
0671:  MOVWF  0D
0672:  MOVLW  00
0673:  MOVWF  0F
0674:  BCF    03.0
0675:  MOVLW  0B
0676:  BCF    03.6
0677:  MOVWF  34
0678:  CALL   566
0679:  MOVLW  10
067A:  MOVWF  04
067B:  MOVF   2D,W
067C:  MOVWF  35
067D:  MOVF   2C,W
067E:  MOVWF  34
067F:  CALL   5B5
....................       lcd_gotoxy(1,2); 
0680:  MOVLW  01
0681:  MOVWF  3E
0682:  MOVLW  02
0683:  MOVWF  3F
0684:  CALL   527
....................       printf(lcd_putc,"Angulo = %Lu",i); 
0685:  MOVLW  72
0686:  BSF    03.6
0687:  MOVWF  0D
0688:  MOVLW  00
0689:  MOVWF  0F
068A:  BCF    03.0
068B:  MOVLW  09
068C:  BCF    03.6
068D:  MOVWF  34
068E:  CALL   566
068F:  MOVLW  10
0690:  MOVWF  04
0691:  MOVF   33,W
0692:  MOVWF  35
0693:  MOVF   32,W
0694:  MOVWF  34
0695:  CALL   5B5
....................       delay_ms(100); 
0696:  MOVLW  64
0697:  MOVWF  3E
0698:  CALL   079
....................       lcd_putc('\f'); 
0699:  MOVLW  0C
069A:  MOVWF  3D
069B:  CALL   539
....................    } 
069C:  GOTO   639
.................... } 
....................  
....................  
069D:  SLEEP

Configuration Fuses:
   Word  1: 3F71   XT NOWDT PUT BROWNOUT NOLVP NOCPD NOWRT NODEBUG NOPROTECT
