
ROM used: 612 (7%)
          612 (7%) including unused fragments

          1 Average locations per line
          6 Average locations per statement

RAM used: 7 (2%) at main() level
          27 (7%) worst case

Stack used: 5 worst case (out of 8 total available)

Lines Stmts  %   Files
----- ----- ---  -----
   32    10  10  main.c
  330     0   0  ..\..\..\..\..\Program Files\PICC\devices\16f877a.h
  411    91  88  ..\..\..\..\..\Program Files\PICC\drivers\lcd.c
    8     2   2  ..\_library\adc.c
   11     0   0  ..\_library\adc.h
----- -----
  792   103 Total

Page ROM  %  RAM   Vol Diff  Functions:
---- --- --- ---   --- ----  ----------
0     21   3   1             @delay_ms1
0      8   1   0             @const73
 Inline        3   751  4.5  lcd_read_byte
0     49   8   2   254  3.7  lcd_read_nibble
0     43   7   1   391  2.4  lcd_send_nibble
0     92  15   3   402  3.6  lcd_send_byte
0     65  11   2   754  5.0  lcd_init
0     18   3   4   191  5.8  lcd_gotoxy
0     45   7   1   354  4.7  lcd_putc
0     18   3   0    32  1.0  adc_init
0     59  10   2   214  2.6  MAIN
0      8   1   0             @const101
0     81  13   4             @PSTRINGCN7_91
0    101  17   9             @PRINTF_LU_91

Program metrics:
    Functions               9
    Statements              103
    Comments                164
    Volume (V)              5150
    Difficilty (D)          32.7
    Effort to implement (E) 168602
    Time to implement (T)   2 hours, 36 minutes
    Est Delivered Bugs (B)  1
    Cyclomatic Complexity   9
    Maintainability (MI)    114

 Segment     Used  Free
-----------  ----  ----
00000-00003     4  0  
00004-007FF   608  1436  
00800-00FFF     0  2048  
01000-017FF     0  2048  
01800-01FFF     0  2048  



